Using config:
{'B_VALIDATION': False,
 'CONFIG_NAME': 'attn2',
 'CUDA': True,
 'DATASET_NAME': 'faces',
 'DATA_DIR': '../data/face_image',
 'GAN': {'B_ATTENTION': True,
         'B_DCGAN': False,
         'CONDITION_DIM': 100,
         'DF_DIM': 64,
         'GF_DIM': 32,
         'R_NUM': 2,
         'Z_DIM': 100},
 'GPU_ID': 0,
 'RNN_TYPE': 'LSTM',
 'TEXT': {'CAPTIONS_PER_IMAGE': 4, 'EMBEDDING_DIM': 256, 'WORDS_NUM': 18},
 'TRAIN': {'BATCH_SIZE': 22,
           'B_NET_D': True,
           'DISCRIMINATOR_LR': 0.0001,
           'ENCODER_LR': 0.0002,
           'FLAG': True,
           'GENERATOR_LR': 0.0008,
           'MAX_EPOCH': 150,
           'NET_E': '../DAMSMencoders/face_image/text_encoder70.pth',
           'NET_G': '',
           'RNN_GRAD_CLIP': 0.25,
           'SMOOTH': {'GAMMA1': 4.0,
                      'GAMMA2': 5.0,
                      'GAMMA3': 10.0,
                      'LAMBDA': 5.0},
           'SNAPSHOT_INTERVAL': 10},
 'TREE': {'BASE_SIZE': 64, 'BRANCH_NUM': 3},
 'WORKERS': 4}
Load filenames from: ../data/face_image/train/filenames_all.pickle (6001)
Load filenames from: ../data/face_image/test/filenames_all.pickle (1000)
Load from:  ../data/face_image/captions.pickle
Load pretrained model from  https://download.pytorch.org/models/inception_v3_google-1a9a5a14.pth
Load image encoder from: ../DAMSMencoders/face_image/image_encoder70.pth
Load text encoder from: ../DAMSMencoders/face_image/text_encoder70.pth
# of netsD 3
errD0: 0.68 errD1: 0.68 errD2: 0.62 
g_loss0: 8.22 g_loss1: 9.33 g_loss2: 13.08 w_loss: 30.59 s_loss: 33.55 kl_loss: 0.01 
errD0: 0.96 errD1: 0.54 errD2: 0.76 
g_loss0: 6.12 g_loss1: 9.34 g_loss2: 2.86 w_loss: 26.14 s_loss: 30.86 kl_loss: 0.02 
[0/150][272]
                  Loss_D: 2.37 Loss_G: 75.23 Time: 237.33s
Save G/Ds models.
errD0: 0.62 errD1: 0.65 errD2: 0.86 
g_loss0: 6.29 g_loss1: 11.26 g_loss2: 3.77 w_loss: 27.04 s_loss: 25.97 kl_loss: 0.02 
errD0: 0.68 errD1: 0.60 errD2: 0.81 
g_loss0: 7.51 g_loss1: 8.35 g_loss2: 3.68 w_loss: 20.75 s_loss: 22.88 kl_loss: 0.02 
errD0: 0.69 errD1: 0.50 errD2: 0.57 
g_loss0: 3.65 g_loss1: 6.09 g_loss2: 5.49 w_loss: 16.16 s_loss: 21.58 kl_loss: 0.03 
[1/150][272]
                  Loss_D: 1.82 Loss_G: 66.25 Time: 221.10s
errD0: 0.67 errD1: 0.65 errD2: 0.46 
g_loss0: 6.21 g_loss1: 8.29 g_loss2: 14.04 w_loss: 22.08 s_loss: 25.43 kl_loss: 0.05 
errD0: 0.35 errD1: 0.29 errD2: 0.55 
g_loss0: 8.49 g_loss1: 10.72 g_loss2: 13.35 w_loss: 15.22 s_loss: 22.36 kl_loss: 0.07 
errD0: 0.55 errD1: 0.21 errD2: 0.23 
g_loss0: 8.35 g_loss1: 7.56 g_loss2: 10.71 w_loss: 13.33 s_loss: 19.50 kl_loss: 0.07 
[2/150][272]
                  Loss_D: 1.66 Loss_G: 61.77 Time: 221.45s
errD0: 0.56 errD1: 0.57 errD2: 0.77 
g_loss0: 6.78 g_loss1: 7.60 g_loss2: 5.26 w_loss: 16.53 s_loss: 20.62 kl_loss: 0.11 
errD0: 0.75 errD1: 0.91 errD2: 2.13 
g_loss0: 7.09 g_loss1: 11.36 g_loss2: 16.33 w_loss: 13.84 s_loss: 20.90 kl_loss: 0.11 
[3/150][272]
                  Loss_D: 1.10 Loss_G: 56.60 Time: 221.04s
errD0: 0.48 errD1: 0.27 errD2: 3.10 
g_loss0: 6.24 g_loss1: 13.15 g_loss2: 3.58 w_loss: 13.34 s_loss: 18.16 kl_loss: 0.13 
errD0: 0.38 errD1: 0.38 errD2: 0.38 
g_loss0: 7.83 g_loss1: 12.09 g_loss2: 8.87 w_loss: 13.38 s_loss: 19.27 kl_loss: 0.17 
errD0: 0.38 errD1: 0.28 errD2: 0.33 
g_loss0: 5.92 g_loss1: 9.21 g_loss2: 19.39 w_loss: 11.90 s_loss: 17.94 kl_loss: 0.19 
[4/150][272]
                  Loss_D: 2.16 Loss_G: 54.90 Time: 221.40s
errD0: 0.39 errD1: 0.13 errD2: 0.17 
g_loss0: 10.06 g_loss1: 12.12 g_loss2: 8.93 w_loss: 10.84 s_loss: 18.09 kl_loss: 0.17 
errD0: 0.43 errD1: 0.65 errD2: 0.28 
g_loss0: 8.58 g_loss1: 6.11 g_loss2: 11.18 w_loss: 12.28 s_loss: 17.24 kl_loss: 0.25 
errD0: 0.76 errD1: 0.42 errD2: 0.29 
g_loss0: 8.45 g_loss1: 14.52 g_loss2: 8.86 w_loss: 14.78 s_loss: 15.56 kl_loss: 0.21 
[5/150][272]
                  Loss_D: 2.20 Loss_G: 57.07 Time: 220.99s
errD0: 0.55 errD1: 0.71 errD2: 0.38 
g_loss0: 3.13 g_loss1: 13.65 g_loss2: 3.17 w_loss: 12.27 s_loss: 16.00 kl_loss: 0.26 
errD0: 0.51 errD1: 0.64 errD2: 0.20 
g_loss0: 5.69 g_loss1: 17.80 g_loss2: 11.49 w_loss: 11.71 s_loss: 16.60 kl_loss: 0.35 
errD0: 1.47 errD1: 0.67 errD2: 0.55 
g_loss0: 3.81 g_loss1: 5.60 g_loss2: 16.19 w_loss: 11.72 s_loss: 18.15 kl_loss: 0.36 
[6/150][272]
                  Loss_D: 0.97 Loss_G: 50.95 Time: 221.56s
errD0: 0.65 errD1: 0.31 errD2: 0.81 
g_loss0: 8.72 g_loss1: 7.39 g_loss2: 21.21 w_loss: 9.93 s_loss: 16.91 kl_loss: 0.28 
errD0: 1.09 errD1: 0.28 errD2: 0.22 
g_loss0: 2.55 g_loss1: 6.12 g_loss2: 8.74 w_loss: 10.42 s_loss: 15.68 kl_loss: 0.34 
[7/150][272]
                  Loss_D: 0.99 Loss_G: 45.46 Time: 221.47s
errD0: 0.42 errD1: 0.46 errD2: 0.15 
g_loss0: 7.52 g_loss1: 8.93 g_loss2: 6.18 w_loss: 11.89 s_loss: 13.88 kl_loss: 0.37 
errD0: 0.52 errD1: 0.26 errD2: 0.17 
g_loss0: 4.27 g_loss1: 3.96 g_loss2: 7.08 w_loss: 11.13 s_loss: 15.92 kl_loss: 0.36 
errD0: 0.80 errD1: 1.48 errD2: 0.80 
g_loss0: 4.21 g_loss1: 2.67 g_loss2: 7.96 w_loss: 11.48 s_loss: 16.88 kl_loss: 0.40 
[8/150][272]
                  Loss_D: 0.78 Loss_G: 53.97 Time: 221.35s
errD0: 0.37 errD1: 0.22 errD2: 0.04 
g_loss0: 6.26 g_loss1: 8.47 g_loss2: 9.59 w_loss: 8.32 s_loss: 14.99 kl_loss: 0.36 
errD0: 0.48 errD1: 0.37 errD2: 1.68 
g_loss0: 7.70 g_loss1: 9.82 g_loss2: 18.17 w_loss: 12.81 s_loss: 16.92 kl_loss: 0.42 
errD0: 0.56 errD1: 0.15 errD2: 0.19 
g_loss0: 4.55 g_loss1: 13.99 g_loss2: 10.93 w_loss: 10.76 s_loss: 15.03 kl_loss: 0.43 
[9/150][272]
                  Loss_D: 0.54 Loss_G: 47.40 Time: 221.21s
errD0: 0.13 errD1: 0.55 errD2: 0.72 
g_loss0: 8.78 g_loss1: 4.17 g_loss2: 13.86 w_loss: 9.06 s_loss: 12.57 kl_loss: 0.57 
errD0: 0.41 errD1: 0.23 errD2: 0.15 
g_loss0: 6.29 g_loss1: 13.64 g_loss2: 16.67 w_loss: 9.38 s_loss: 14.41 kl_loss: 0.52 
[10/150][272]
                  Loss_D: 1.05 Loss_G: 59.25 Time: 221.07s
Save G/Ds models.
errD0: 0.40 errD1: 0.19 errD2: 0.05 
g_loss0: 6.51 g_loss1: 9.07 g_loss2: 6.71 w_loss: 8.99 s_loss: 11.38 kl_loss: 0.39 
errD0: 0.59 errD1: 0.47 errD2: 0.19 
g_loss0: 5.10 g_loss1: 11.25 g_loss2: 10.85 w_loss: 8.15 s_loss: 13.83 kl_loss: 0.54 
errD0: 0.58 errD1: 0.32 errD2: 0.85 
g_loss0: 4.45 g_loss1: 9.14 g_loss2: 1.52 w_loss: 7.77 s_loss: 13.24 kl_loss: 0.45 
[11/150][272]
                  Loss_D: 1.57 Loss_G: 58.25 Time: 221.36s
errD0: 0.36 errD1: 0.19 errD2: 0.79 
g_loss0: 7.68 g_loss1: 11.52 g_loss2: 9.03 w_loss: 6.63 s_loss: 14.70 kl_loss: 0.49 
errD0: 0.14 errD1: 0.15 errD2: 0.05 
g_loss0: 6.56 g_loss1: 6.81 g_loss2: 14.66 w_loss: 9.45 s_loss: 14.67 kl_loss: 0.55 
errD0: 0.34 errD1: 0.39 errD2: 0.21 
g_loss0: 6.61 g_loss1: 13.81 g_loss2: 12.73 w_loss: 8.70 s_loss: 13.93 kl_loss: 0.48 
[12/150][272]
                  Loss_D: 1.08 Loss_G: 51.53 Time: 221.42s
errD0: 0.50 errD1: 0.14 errD2: 0.09 
g_loss0: 6.06 g_loss1: 12.76 g_loss2: 11.30 w_loss: 11.74 s_loss: 12.85 kl_loss: 0.55 
errD0: 0.15 errD1: 0.09 errD2: 0.15 
g_loss0: 6.26 g_loss1: 7.89 g_loss2: 9.27 w_loss: 6.34 s_loss: 9.59 kl_loss: 0.60 
errD0: 0.95 errD1: 0.62 errD2: 0.06 
g_loss0: 4.21 g_loss1: 7.29 g_loss2: 7.94 w_loss: 7.16 s_loss: 12.53 kl_loss: 0.66 
[13/150][272]
                  Loss_D: 0.49 Loss_G: 55.58 Time: 221.57s
errD0: 2.33 errD1: 0.44 errD2: 1.86 
g_loss0: 1.40 g_loss1: 4.31 g_loss2: 1.16 w_loss: 8.61 s_loss: 9.12 kl_loss: 0.65 
errD0: 0.54 errD1: 0.63 errD2: 0.52 
g_loss0: 8.10 g_loss1: 3.27 g_loss2: 8.56 w_loss: 6.30 s_loss: 9.43 kl_loss: 0.66 
[14/150][272]
                  Loss_D: 0.99 Loss_G: 59.94 Time: 221.42s
errD0: 0.22 errD1: 0.13 errD2: 0.17 
g_loss0: 5.89 g_loss1: 5.39 g_loss2: 7.49 w_loss: 6.28 s_loss: 11.39 kl_loss: 0.59 
errD0: 0.20 errD1: 0.05 errD2: 0.05 
g_loss0: 6.52 g_loss1: 8.23 g_loss2: 8.84 w_loss: 9.21 s_loss: 12.25 kl_loss: 0.57 
errD0: 0.29 errD1: 0.08 errD2: 0.35 
g_loss0: 8.57 g_loss1: 11.80 g_loss2: 4.75 w_loss: 8.52 s_loss: 12.58 kl_loss: 0.64 
[15/150][272]
                  Loss_D: 0.67 Loss_G: 45.03 Time: 221.51s
errD0: 0.70 errD1: 0.20 errD2: 0.44 
g_loss0: 12.46 g_loss1: 9.04 g_loss2: 11.56 w_loss: 7.12 s_loss: 12.98 kl_loss: 0.83 
errD0: 0.17 errD1: 0.48 errD2: 0.06 
g_loss0: 9.07 g_loss1: 11.18 g_loss2: 10.63 w_loss: 9.99 s_loss: 13.02 kl_loss: 0.64 
errD0: 0.14 errD1: 0.13 errD2: 0.42 
g_loss0: 6.98 g_loss1: 11.10 g_loss2: 6.48 w_loss: 7.02 s_loss: 11.15 kl_loss: 0.64 
[16/150][272]
                  Loss_D: 1.55 Loss_G: 44.32 Time: 222.18s
errD0: 0.59 errD1: 0.15 errD2: 0.66 
g_loss0: 2.85 g_loss1: 9.62 g_loss2: 22.52 w_loss: 5.37 s_loss: 8.12 kl_loss: 0.78 
errD0: 0.14 errD1: 0.08 errD2: 0.14 
g_loss0: 8.66 g_loss1: 7.49 g_loss2: 7.18 w_loss: 5.15 s_loss: 9.45 kl_loss: 0.75 
[17/150][272]
                  Loss_D: 0.70 Loss_G: 49.17 Time: 221.78s
errD0: 0.31 errD1: 0.09 errD2: 0.34 
g_loss0: 6.59 g_loss1: 9.63 g_loss2: 4.88 w_loss: 7.45 s_loss: 10.20 kl_loss: 0.79 
errD0: 0.23 errD1: 0.10 errD2: 0.04 
g_loss0: 8.19 g_loss1: 9.62 g_loss2: 12.77 w_loss: 5.00 s_loss: 10.49 kl_loss: 0.80 
errD0: 0.73 errD1: 0.19 errD2: 1.49 
g_loss0: 5.90 g_loss1: 10.74 g_loss2: 5.12 w_loss: 6.19 s_loss: 10.34 kl_loss: 0.78 
[18/150][272]
                  Loss_D: 1.05 Loss_G: 37.58 Time: 221.51s
errD0: 0.15 errD1: 0.12 errD2: 0.16 
g_loss0: 11.25 g_loss1: 14.56 g_loss2: 11.27 w_loss: 4.91 s_loss: 8.23 kl_loss: 0.79 
errD0: 0.42 errD1: 0.21 errD2: 0.11 
g_loss0: 5.04 g_loss1: 10.25 g_loss2: 13.91 w_loss: 6.14 s_loss: 10.03 kl_loss: 0.78 
errD0: 0.56 errD1: 0.08 errD2: 0.48 
g_loss0: 7.38 g_loss1: 9.18 g_loss2: 9.13 w_loss: 6.97 s_loss: 11.31 kl_loss: 0.81 
[19/150][272]
                  Loss_D: 0.55 Loss_G: 39.36 Time: 221.38s
errD0: 0.86 errD1: 0.52 errD2: 0.17 
g_loss0: 11.14 g_loss1: 14.00 g_loss2: 10.23 w_loss: 5.27 s_loss: 9.36 kl_loss: 0.76 
errD0: 0.27 errD1: 0.27 errD2: 0.45 
g_loss0: 5.81 g_loss1: 5.31 g_loss2: 6.37 w_loss: 5.41 s_loss: 10.43 kl_loss: 0.88 
errD0: 0.35 errD1: 0.13 errD2: 0.45 
g_loss0: 7.23 g_loss1: 7.74 g_loss2: 15.85 w_loss: 5.05 s_loss: 10.19 kl_loss: 1.04 
[20/150][272]
                  Loss_D: 0.71 Loss_G: 45.34 Time: 221.39s
Save G/Ds models.
errD0: 0.32 errD1: 1.21 errD2: 0.22 
g_loss0: 6.74 g_loss1: 10.65 g_loss2: 10.10 w_loss: 8.59 s_loss: 15.05 kl_loss: 1.19 
errD0: 0.14 errD1: 1.06 errD2: 0.10 
g_loss0: 14.17 g_loss1: 3.00 g_loss2: 11.88 w_loss: 7.75 s_loss: 11.43 kl_loss: 0.94 
[21/150][272]
                  Loss_D: 1.05 Loss_G: 45.83 Time: 221.07s
errD0: 0.20 errD1: 0.22 errD2: 0.01 
g_loss0: 7.52 g_loss1: 8.47 g_loss2: 5.62 w_loss: 7.65 s_loss: 12.04 kl_loss: 1.06 
errD0: 0.28 errD1: 0.17 errD2: 0.18 
g_loss0: 5.99 g_loss1: 8.50 g_loss2: 10.90 w_loss: 4.66 s_loss: 9.92 kl_loss: 0.84 
errD0: 0.27 errD1: 0.34 errD2: 0.05 
g_loss0: 5.98 g_loss1: 7.58 g_loss2: 10.45 w_loss: 6.29 s_loss: 9.05 kl_loss: 1.10 
[22/150][272]
                  Loss_D: 1.32 Loss_G: 37.52 Time: 220.89s
errD0: 0.39 errD1: 0.23 errD2: 0.05 
g_loss0: 5.30 g_loss1: 7.49 g_loss2: 14.14 w_loss: 7.63 s_loss: 9.73 kl_loss: 0.85 
errD0: 0.37 errD1: 0.33 errD2: 0.46 
g_loss0: 10.54 g_loss1: 6.12 g_loss2: 24.29 w_loss: 5.63 s_loss: 9.00 kl_loss: 1.01 
errD0: 0.16 errD1: 0.28 errD2: 1.04 
g_loss0: 8.34 g_loss1: 13.69 g_loss2: 4.05 w_loss: 5.99 s_loss: 9.93 kl_loss: 1.12 
[23/150][272]
                  Loss_D: 1.49 Loss_G: 43.00 Time: 221.22s
errD0: 1.05 errD1: 1.16 errD2: 1.19 
g_loss0: 6.16 g_loss1: 7.27 g_loss2: 4.94 w_loss: 6.95 s_loss: 10.16 kl_loss: 0.97 
errD0: 0.37 errD1: 0.71 errD2: 0.17 
g_loss0: 7.35 g_loss1: 11.10 g_loss2: 16.18 w_loss: 7.24 s_loss: 10.52 kl_loss: 1.12 
errD0: 0.43 errD1: 0.09 errD2: 0.08 
g_loss0: 6.60 g_loss1: 11.21 g_loss2: 15.58 w_loss: 5.24 s_loss: 11.19 kl_loss: 1.11 
[24/150][272]
                  Loss_D: 0.59 Loss_G: 50.92 Time: 221.40s
errD0: 1.01 errD1: 0.67 errD2: 0.15 
g_loss0: 2.26 g_loss1: 5.82 g_loss2: 8.25 w_loss: 4.51 s_loss: 9.24 kl_loss: 1.13 
errD0: 0.35 errD1: 0.36 errD2: 0.02 
g_loss0: 6.71 g_loss1: 7.17 g_loss2: 18.31 w_loss: 5.66 s_loss: 9.98 kl_loss: 1.16 
[25/150][272]
                  Loss_D: 0.64 Loss_G: 36.09 Time: 221.40s
errD0: 0.84 errD1: 0.73 errD2: 1.86 
g_loss0: 3.15 g_loss1: 11.14 g_loss2: 2.97 w_loss: 5.80 s_loss: 10.18 kl_loss: 1.18 
errD0: 0.68 errD1: 0.12 errD2: 0.10 
g_loss0: 5.69 g_loss1: 9.80 g_loss2: 10.47 w_loss: 4.71 s_loss: 9.03 kl_loss: 1.40 
errD0: 0.18 errD1: 0.23 errD2: 0.29 
g_loss0: 11.13 g_loss1: 8.64 g_loss2: 11.77 w_loss: 7.42 s_loss: 10.04 kl_loss: 1.31 
[26/150][272]
                  Loss_D: 0.71 Loss_G: 43.97 Time: 221.82s
errD0: 1.43 errD1: 0.80 errD2: 0.42 
g_loss0: 13.45 g_loss1: 16.93 g_loss2: 16.27 w_loss: 5.25 s_loss: 9.25 kl_loss: 1.13 
errD0: 0.12 errD1: 0.34 errD2: 0.11 
g_loss0: 14.93 g_loss1: 16.54 g_loss2: 11.95 w_loss: 5.29 s_loss: 8.04 kl_loss: 1.08 
errD0: 0.62 errD1: 0.62 errD2: 0.37 
g_loss0: 9.09 g_loss1: 2.70 g_loss2: 7.52 w_loss: 3.44 s_loss: 8.75 kl_loss: 0.87 
[27/150][272]
                  Loss_D: 1.39 Loss_G: 48.40 Time: 221.22s
errD0: 0.14 errD1: 0.32 errD2: 0.37 
g_loss0: 8.58 g_loss1: 6.91 g_loss2: 8.60 w_loss: 5.72 s_loss: 9.13 kl_loss: 1.02 
errD0: 0.90 errD1: 0.30 errD2: 0.73 
g_loss0: 14.33 g_loss1: 15.80 g_loss2: 14.38 w_loss: 6.42 s_loss: 10.83 kl_loss: 1.33 
[28/150][272]
                  Loss_D: 0.82 Loss_G: 46.22 Time: 221.13s
errD0: 0.21 errD1: 0.09 errD2: 0.70 
g_loss0: 11.25 g_loss1: 10.77 g_loss2: 17.12 w_loss: 6.91 s_loss: 9.88 kl_loss: 1.21 
errD0: 1.27 errD1: 0.11 errD2: 0.68 
g_loss0: 14.04 g_loss1: 9.60 g_loss2: 10.95 w_loss: 5.15 s_loss: 7.96 kl_loss: 1.19 
errD0: 0.28 errD1: 0.23 errD2: 0.29 
g_loss0: 10.89 g_loss1: 10.62 g_loss2: 15.17 w_loss: 5.82 s_loss: 10.45 kl_loss: 1.44 
[29/150][272]
                  Loss_D: 0.52 Loss_G: 51.78 Time: 221.30s
errD0: 0.31 errD1: 0.07 errD2: 0.32 
g_loss0: 4.70 g_loss1: 7.49 g_loss2: 9.55 w_loss: 5.21 s_loss: 8.87 kl_loss: 1.31 
errD0: 0.03 errD1: 0.11 errD2: 0.09 
g_loss0: 10.99 g_loss1: 11.40 g_loss2: 11.38 w_loss: 5.49 s_loss: 9.91 kl_loss: 1.30 
errD0: 0.70 errD1: 0.64 errD2: 0.09 
g_loss0: 2.92 g_loss1: 4.70 g_loss2: 15.89 w_loss: 4.26 s_loss: 8.73 kl_loss: 1.23 
[30/150][272]
                  Loss_D: 1.83 Loss_G: 28.96 Time: 221.82s
Save G/Ds models.
errD0: 0.42 errD1: 0.65 errD2: 0.17 
g_loss0: 6.65 g_loss1: 16.59 g_loss2: 10.90 w_loss: 3.95 s_loss: 8.08 kl_loss: 1.30 
errD0: 0.10 errD1: 0.11 errD2: 0.07 
g_loss0: 6.84 g_loss1: 11.74 g_loss2: 8.39 w_loss: 5.41 s_loss: 8.67 kl_loss: 1.38 
errD0: 0.33 errD1: 0.14 errD2: 0.46 
g_loss0: 6.40 g_loss1: 7.22 g_loss2: 16.08 w_loss: 5.35 s_loss: 8.60 kl_loss: 1.61 
[31/150][272]
                  Loss_D: 0.77 Loss_G: 41.45 Time: 221.90s
errD0: 0.20 errD1: 0.03 errD2: 0.03 
g_loss0: 11.44 g_loss1: 14.41 g_loss2: 24.96 w_loss: 5.62 s_loss: 8.57 kl_loss: 1.35 
errD0: 0.24 errD1: 0.06 errD2: 0.18 
g_loss0: 5.28 g_loss1: 9.32 g_loss2: 15.90 w_loss: 5.66 s_loss: 10.93 kl_loss: 1.49 
[32/150][272]
                  Loss_D: 3.46 Loss_G: 56.09 Time: 221.88s
errD0: 0.24 errD1: 0.06 errD2: 0.28 
g_loss0: 8.74 g_loss1: 9.40 g_loss2: 15.89 w_loss: 5.26 s_loss: 8.97 kl_loss: 1.54 
errD0: 0.46 errD1: 0.14 errD2: 1.99 
g_loss0: 8.46 g_loss1: 8.04 g_loss2: 24.66 w_loss: 5.55 s_loss: 10.46 kl_loss: 1.42 
errD0: 0.28 errD1: 0.27 errD2: 0.65 
g_loss0: 7.36 g_loss1: 6.50 g_loss2: 9.65 w_loss: 5.37 s_loss: 8.63 kl_loss: 1.48 
[33/150][272]
                  Loss_D: 1.20 Loss_G: 49.14 Time: 221.94s
errD0: 0.19 errD1: 0.07 errD2: 0.28 
g_loss0: 7.40 g_loss1: 6.97 g_loss2: 7.63 w_loss: 5.70 s_loss: 8.58 kl_loss: 1.33 
errD0: 0.41 errD1: 1.00 errD2: 0.58 
g_loss0: 6.41 g_loss1: 0.91 g_loss2: 3.79 w_loss: 5.15 s_loss: 9.45 kl_loss: 1.29 
errD0: 1.07 errD1: 1.42 errD2: 0.18 
g_loss0: 4.39 g_loss1: 0.82 g_loss2: 7.09 w_loss: 4.39 s_loss: 9.25 kl_loss: 1.43 
[34/150][272]
                  Loss_D: 0.83 Loss_G: 47.21 Time: 221.89s
errD0: 0.10 errD1: 0.07 errD2: 0.05 
g_loss0: 11.38 g_loss1: 8.32 g_loss2: 11.24 w_loss: 6.35 s_loss: 11.80 kl_loss: 1.51 
errD0: 0.22 errD1: 0.09 errD2: 0.04 
g_loss0: 7.60 g_loss1: 7.98 g_loss2: 10.32 w_loss: 5.16 s_loss: 9.98 kl_loss: 1.78 
[35/150][272]
                  Loss_D: 0.67 Loss_G: 46.82 Time: 221.60s
errD0: 0.22 errD1: 0.37 errD2: 0.07 
g_loss0: 7.26 g_loss1: 10.72 g_loss2: 8.57 w_loss: 5.02 s_loss: 9.10 kl_loss: 1.17 
errD0: 0.55 errD1: 0.21 errD2: 0.13 
g_loss0: 3.35 g_loss1: 13.38 g_loss2: 9.24 w_loss: 6.71 s_loss: 9.76 kl_loss: 1.48 
errD0: 0.20 errD1: 0.23 errD2: 0.15 
g_loss0: 8.00 g_loss1: 10.98 g_loss2: 9.22 w_loss: 5.92 s_loss: 11.07 kl_loss: 1.55 
[36/150][272]
                  Loss_D: 1.10 Loss_G: 43.03 Time: 222.08s
errD0: 0.13 errD1: 0.50 errD2: 0.03 
g_loss0: 8.78 g_loss1: 11.16 g_loss2: 12.14 w_loss: 7.02 s_loss: 10.01 kl_loss: 1.38 
errD0: 0.28 errD1: 0.27 errD2: 1.50 
g_loss0: 7.79 g_loss1: 8.51 g_loss2: 20.97 w_loss: 5.29 s_loss: 10.00 kl_loss: 1.47 
errD0: 0.24 errD1: 0.13 errD2: 0.27 
g_loss0: 11.82 g_loss1: 9.26 g_loss2: 9.97 w_loss: 3.89 s_loss: 8.05 kl_loss: 1.36 
[37/150][272]
                  Loss_D: 0.32 Loss_G: 41.80 Time: 221.19s
errD0: 0.25 errD1: 0.19 errD2: 0.02 
g_loss0: 5.16 g_loss1: 6.79 g_loss2: 22.23 w_loss: 5.68 s_loss: 8.60 kl_loss: 1.67 
errD0: 0.35 errD1: 0.46 errD2: 0.03 
g_loss0: 6.70 g_loss1: 6.39 g_loss2: 9.19 w_loss: 4.10 s_loss: 7.36 kl_loss: 1.47 
errD0: 0.33 errD1: 0.66 errD2: 0.06 
g_loss0: 7.84 g_loss1: 12.84 g_loss2: 9.17 w_loss: 6.06 s_loss: 9.17 kl_loss: 1.57 
[38/150][272]
                  Loss_D: 1.58 Loss_G: 48.84 Time: 222.23s
errD0: 0.20 errD1: 1.17 errD2: 0.06 
g_loss0: 6.24 g_loss1: 11.33 g_loss2: 8.61 w_loss: 5.33 s_loss: 9.51 kl_loss: 1.58 
errD0: 0.28 errD1: 0.18 errD2: 2.22 
g_loss0: 10.12 g_loss1: 13.51 g_loss2: 4.03 w_loss: 4.25 s_loss: 7.89 kl_loss: 1.58 
[39/150][272]
                  Loss_D: 0.60 Loss_G: 39.57 Time: 222.01s
errD0: 0.30 errD1: 0.46 errD2: 0.03 
g_loss0: 10.74 g_loss1: 9.56 g_loss2: 13.40 w_loss: 3.70 s_loss: 8.41 kl_loss: 2.04 
errD0: 0.44 errD1: 0.03 errD2: 0.06 
g_loss0: 9.71 g_loss1: 9.30 g_loss2: 9.93 w_loss: 6.18 s_loss: 9.31 kl_loss: 1.34 
errD0: 0.24 errD1: 0.25 errD2: 2.93 
g_loss0: 7.49 g_loss1: 7.80 g_loss2: 0.07 w_loss: 5.16 s_loss: 9.40 kl_loss: 1.10 
[40/150][272]
                  Loss_D: 1.40 Loss_G: 42.62 Time: 221.64s
Save G/Ds models.
errD0: 0.24 errD1: 0.17 errD2: 0.04 
g_loss0: 8.51 g_loss1: 7.42 g_loss2: 7.87 w_loss: 4.97 s_loss: 8.88 kl_loss: 1.43 
errD0: 0.07 errD1: 0.05 errD2: 0.02 
g_loss0: 12.10 g_loss1: 8.54 g_loss2: 10.85 w_loss: 5.25 s_loss: 8.59 kl_loss: 1.50 
errD0: 0.95 errD1: 0.15 errD2: 0.07 
g_loss0: 12.77 g_loss1: 11.71 g_loss2: 7.56 w_loss: 3.85 s_loss: 8.22 kl_loss: 1.59 
[41/150][272]
                  Loss_D: 0.47 Loss_G: 49.74 Time: 221.68s
errD0: 0.12 errD1: 0.10 errD2: 0.04 
g_loss0: 8.75 g_loss1: 10.97 g_loss2: 7.57 w_loss: 3.44 s_loss: 8.75 kl_loss: 1.68 
errD0: 0.10 errD1: 0.14 errD2: 0.71 
g_loss0: 10.86 g_loss1: 17.55 g_loss2: 14.60 w_loss: 5.58 s_loss: 8.97 kl_loss: 1.46 
[42/150][272]
                  Loss_D: 0.74 Loss_G: 46.70 Time: 221.77s
errD0: 0.14 errD1: 0.10 errD2: 0.08 
g_loss0: 11.69 g_loss1: 9.02 g_loss2: 11.28 w_loss: 4.74 s_loss: 7.86 kl_loss: 1.92 
errD0: 0.08 errD1: 0.05 errD2: 0.35 
g_loss0: 11.44 g_loss1: 9.73 g_loss2: 17.96 w_loss: 5.52 s_loss: 9.04 kl_loss: 1.61 
errD0: 0.31 errD1: 0.44 errD2: 0.24 
g_loss0: 9.15 g_loss1: 11.27 g_loss2: 8.81 w_loss: 4.54 s_loss: 11.99 kl_loss: 1.70 
[43/150][272]
                  Loss_D: 0.42 Loss_G: 42.80 Time: 222.20s
errD0: 0.06 errD1: 0.04 errD2: 0.04 
g_loss0: 14.20 g_loss1: 8.98 g_loss2: 26.25 w_loss: 6.63 s_loss: 11.91 kl_loss: 1.69 
errD0: 0.39 errD1: 0.15 errD2: 0.09 
g_loss0: 3.95 g_loss1: 7.32 g_loss2: 11.23 w_loss: 5.13 s_loss: 9.72 kl_loss: 1.38 
errD0: 0.08 errD1: 0.80 errD2: 0.11 
g_loss0: 9.98 g_loss1: 1.76 g_loss2: 8.09 w_loss: 7.03 s_loss: 11.04 kl_loss: 1.57 
[44/150][272]
                  Loss_D: 1.19 Loss_G: 47.87 Time: 221.75s
errD0: 0.23 errD1: 0.04 errD2: 0.47 
g_loss0: 6.34 g_loss1: 11.48 g_loss2: 5.63 w_loss: 5.21 s_loss: 8.57 kl_loss: 1.55 
errD0: 0.34 errD1: 0.70 errD2: 0.48 
g_loss0: 9.88 g_loss1: 3.08 g_loss2: 5.86 w_loss: 5.92 s_loss: 10.26 kl_loss: 1.51 
errD0: 0.46 errD1: 0.26 errD2: 0.13 
g_loss0: 5.64 g_loss1: 12.04 g_loss2: 8.42 w_loss: 6.77 s_loss: 12.56 kl_loss: 1.49 
[45/150][272]
                  Loss_D: 1.57 Loss_G: 38.08 Time: 221.70s
errD0: 0.37 errD1: 0.33 errD2: 0.16 
g_loss0: 9.94 g_loss1: 7.71 g_loss2: 10.34 w_loss: 3.30 s_loss: 6.86 kl_loss: 1.29 
errD0: 0.24 errD1: 0.06 errD2: 0.21 
g_loss0: 6.38 g_loss1: 8.18 g_loss2: 6.94 w_loss: 5.80 s_loss: 8.85 kl_loss: 1.63 
[46/150][272]
                  Loss_D: 0.28 Loss_G: 50.68 Time: 222.30s
errD0: 0.50 errD1: 0.23 errD2: 0.12 
g_loss0: 5.99 g_loss1: 11.09 g_loss2: 7.87 w_loss: 6.55 s_loss: 9.57 kl_loss: 1.35 
errD0: 0.14 errD1: 0.32 errD2: 0.52 
g_loss0: 7.89 g_loss1: 6.01 g_loss2: 14.67 w_loss: 4.19 s_loss: 9.63 kl_loss: 1.57 
errD0: 0.18 errD1: 0.11 errD2: 0.12 
g_loss0: 7.88 g_loss1: 8.25 g_loss2: 11.92 w_loss: 4.86 s_loss: 8.22 kl_loss: 1.48 
[47/150][272]
                  Loss_D: 1.89 Loss_G: 37.12 Time: 222.05s
errD0: 0.36 errD1: 0.17 errD2: 0.15 
g_loss0: 4.99 g_loss1: 7.03 g_loss2: 10.42 w_loss: 3.81 s_loss: 7.25 kl_loss: 1.58 
errD0: 0.13 errD1: 0.15 errD2: 0.05 
g_loss0: 7.80 g_loss1: 7.07 g_loss2: 9.60 w_loss: 3.90 s_loss: 7.26 kl_loss: 1.43 
errD0: 0.09 errD1: 0.07 errD2: 0.06 
g_loss0: 11.23 g_loss1: 13.02 g_loss2: 21.37 w_loss: 3.57 s_loss: 6.78 kl_loss: 1.47 
[48/150][272]
                  Loss_D: 0.65 Loss_G: 59.11 Time: 222.28s
errD0: 0.19 errD1: 0.33 errD2: 0.03 
g_loss0: 10.30 g_loss1: 10.54 g_loss2: 18.21 w_loss: 4.92 s_loss: 8.38 kl_loss: 1.67 
errD0: 0.42 errD1: 0.24 errD2: 0.08 
g_loss0: 6.97 g_loss1: 6.89 g_loss2: 9.44 w_loss: 5.51 s_loss: 9.05 kl_loss: 1.39 
errD0: 0.19 errD1: 0.12 errD2: 0.09 
g_loss0: 8.46 g_loss1: 9.95 g_loss2: 13.97 w_loss: 4.87 s_loss: 8.64 kl_loss: 1.70 
[49/150][272]
                  Loss_D: 0.40 Loss_G: 47.59 Time: 222.13s
errD0: 0.22 errD1: 0.11 errD2: 0.03 
g_loss0: 6.10 g_loss1: 9.86 g_loss2: 8.82 w_loss: 3.81 s_loss: 7.98 kl_loss: 1.47 
errD0: 0.74 errD1: 0.50 errD2: 0.03 
g_loss0: 10.09 g_loss1: 6.97 g_loss2: 10.23 w_loss: 4.84 s_loss: 11.14 kl_loss: 1.54 
[50/150][272]
                  Loss_D: 0.49 Loss_G: 42.11 Time: 221.41s
Save G/Ds models.
errD0: 0.19 errD1: 1.23 errD2: 0.05 
g_loss0: 9.24 g_loss1: 14.58 g_loss2: 14.29 w_loss: 5.91 s_loss: 9.67 kl_loss: 1.60 
errD0: 0.17 errD1: 0.22 errD2: 0.10 
g_loss0: 6.83 g_loss1: 14.56 g_loss2: 7.84 w_loss: 4.90 s_loss: 10.03 kl_loss: 1.41 
errD0: 0.28 errD1: 0.17 errD2: 0.27 
g_loss0: 7.77 g_loss1: 8.57 g_loss2: 6.68 w_loss: 5.24 s_loss: 8.59 kl_loss: 1.44 
[51/150][272]
                  Loss_D: 0.76 Loss_G: 46.21 Time: 221.91s
errD0: 0.26 errD1: 1.18 errD2: 0.17 
g_loss0: 6.97 g_loss1: 15.65 g_loss2: 8.98 w_loss: 4.93 s_loss: 8.83 kl_loss: 1.52 
errD0: 0.17 errD1: 0.24 errD2: 0.60 
g_loss0: 7.33 g_loss1: 13.13 g_loss2: 21.42 w_loss: 5.70 s_loss: 9.19 kl_loss: 1.79 
errD0: 0.14 errD1: 0.09 errD2: 1.31 
g_loss0: 7.84 g_loss1: 6.20 g_loss2: 21.66 w_loss: 5.07 s_loss: 8.78 kl_loss: 1.83 
[52/150][272]
                  Loss_D: 0.62 Loss_G: 41.03 Time: 222.32s
errD0: 0.15 errD1: 0.43 errD2: 0.37 
g_loss0: 9.93 g_loss1: 12.49 g_loss2: 4.03 w_loss: 6.27 s_loss: 10.93 kl_loss: 1.82 
errD0: 0.18 errD1: 0.31 errD2: 0.24 
g_loss0: 8.89 g_loss1: 7.13 g_loss2: 8.93 w_loss: 5.80 s_loss: 9.55 kl_loss: 1.67 
[53/150][272]
                  Loss_D: 0.60 Loss_G: 45.04 Time: 222.11s
errD0: 1.03 errD1: 0.28 errD2: 0.31 
g_loss0: 1.73 g_loss1: 4.40 g_loss2: 4.05 w_loss: 3.13 s_loss: 8.32 kl_loss: 1.81 
errD0: 0.23 errD1: 0.14 errD2: 0.29 
g_loss0: 12.05 g_loss1: 14.09 g_loss2: 12.88 w_loss: 5.77 s_loss: 9.63 kl_loss: 1.96 
errD0: 0.46 errD1: 0.32 errD2: 0.02 
g_loss0: 4.69 g_loss1: 7.49 g_loss2: 14.54 w_loss: 5.54 s_loss: 8.06 kl_loss: 1.75 
[54/150][272]
                  Loss_D: 1.17 Loss_G: 44.74 Time: 222.05s
errD0: 0.20 errD1: 0.05 errD2: 0.02 
g_loss0: 6.45 g_loss1: 9.73 g_loss2: 15.12 w_loss: 5.19 s_loss: 8.72 kl_loss: 1.79 
errD0: 0.31 errD1: 0.24 errD2: 0.04 
g_loss0: 9.46 g_loss1: 10.32 g_loss2: 9.64 w_loss: 3.50 s_loss: 8.60 kl_loss: 1.53 
errD0: 0.48 errD1: 0.53 errD2: 0.02 
g_loss0: 12.14 g_loss1: 14.86 g_loss2: 15.84 w_loss: 4.50 s_loss: 8.02 kl_loss: 2.08 
[55/150][272]
                  Loss_D: 1.79 Loss_G: 37.06 Time: 221.80s
errD0: 0.20 errD1: 0.05 errD2: 0.03 
g_loss0: 8.80 g_loss1: 12.33 g_loss2: 7.93 w_loss: 4.72 s_loss: 6.95 kl_loss: 1.58 
errD0: 1.63 errD1: 0.31 errD2: 0.07 
g_loss0: 1.21 g_loss1: 9.38 g_loss2: 14.69 w_loss: 5.68 s_loss: 8.25 kl_loss: 1.89 
errD0: 0.20 errD1: 0.03 errD2: 0.07 
g_loss0: 8.26 g_loss1: 9.33 g_loss2: 10.10 w_loss: 4.47 s_loss: 8.31 kl_loss: 1.70 
[56/150][272]
                  Loss_D: 0.48 Loss_G: 48.11 Time: 221.41s
errD0: 0.23 errD1: 0.16 errD2: 0.70 
g_loss0: 10.74 g_loss1: 7.75 g_loss2: 1.06 w_loss: 5.50 s_loss: 10.26 kl_loss: 1.50 
errD0: 0.32 errD1: 0.12 errD2: 0.51 
g_loss0: 8.32 g_loss1: 10.70 g_loss2: 28.03 w_loss: 4.72 s_loss: 7.23 kl_loss: 1.88 
[57/150][272]
                  Loss_D: 1.59 Loss_G: 30.47 Time: 221.39s
errD0: 0.17 errD1: 0.12 errD2: 0.66 
g_loss0: 6.37 g_loss1: 13.63 g_loss2: 4.89 w_loss: 4.08 s_loss: 8.85 kl_loss: 1.65 
errD0: 0.26 errD1: 0.32 errD2: 0.02 
g_loss0: 10.36 g_loss1: 12.38 g_loss2: 9.51 w_loss: 2.72 s_loss: 7.24 kl_loss: 1.70 
errD0: 0.17 errD1: 0.16 errD2: 0.03 
g_loss0: 11.09 g_loss1: 8.62 g_loss2: 10.48 w_loss: 3.97 s_loss: 7.04 kl_loss: 1.55 
[58/150][272]
                  Loss_D: 1.00 Loss_G: 49.11 Time: 220.56s
errD0: 0.16 errD1: 0.17 errD2: 0.13 
g_loss0: 10.40 g_loss1: 6.41 g_loss2: 10.83 w_loss: 5.66 s_loss: 8.79 kl_loss: 1.67 
errD0: 0.17 errD1: 0.23 errD2: 1.09 
g_loss0: 7.59 g_loss1: 12.18 g_loss2: 22.16 w_loss: 4.51 s_loss: 8.29 kl_loss: 1.61 
errD0: 0.18 errD1: 0.09 errD2: 0.38 
g_loss0: 8.23 g_loss1: 9.76 g_loss2: 16.31 w_loss: 4.06 s_loss: 8.03 kl_loss: 1.62 
[59/150][272]
                  Loss_D: 0.84 Loss_G: 55.54 Time: 221.35s
errD0: 0.25 errD1: 0.16 errD2: 1.52 
g_loss0: 6.01 g_loss1: 12.12 g_loss2: 7.64 w_loss: 3.90 s_loss: 8.30 kl_loss: 1.65 
errD0: 0.40 errD1: 0.21 errD2: 0.09 
g_loss0: 7.96 g_loss1: 5.20 g_loss2: 13.61 w_loss: 5.64 s_loss: 10.71 kl_loss: 1.67 
[60/150][272]
                  Loss_D: 1.09 Loss_G: 26.34 Time: 221.17s
Save G/Ds models.
errD0: 0.40 errD1: 0.47 errD2: 0.42 
g_loss0: 6.47 g_loss1: 12.91 g_loss2: 10.52 w_loss: 6.04 s_loss: 10.34 kl_loss: 1.99 
errD0: 0.13 errD1: 0.21 errD2: 0.07 
g_loss0: 11.98 g_loss1: 8.63 g_loss2: 8.36 w_loss: 3.70 s_loss: 8.02 kl_loss: 1.59 
errD0: 0.10 errD1: 0.66 errD2: 0.06 
g_loss0: 10.75 g_loss1: 10.32 g_loss2: 10.40 w_loss: 4.89 s_loss: 8.85 kl_loss: 1.55 
[61/150][272]
                  Loss_D: 0.60 Loss_G: 42.68 Time: 221.43s
errD0: 0.12 errD1: 0.04 errD2: 0.65 
g_loss0: 9.30 g_loss1: 14.91 g_loss2: 26.05 w_loss: 4.72 s_loss: 6.99 kl_loss: 1.53 
errD0: 0.33 errD1: 0.37 errD2: 0.05 
g_loss0: 10.06 g_loss1: 12.98 g_loss2: 14.28 w_loss: 4.98 s_loss: 9.79 kl_loss: 1.89 
errD0: 0.16 errD1: 0.16 errD2: 0.04 
g_loss0: 6.78 g_loss1: 8.65 g_loss2: 12.45 w_loss: 3.46 s_loss: 8.64 kl_loss: 1.55 
[62/150][272]
                  Loss_D: 1.94 Loss_G: 38.23 Time: 221.79s
errD0: 0.06 errD1: 0.18 errD2: 0.15 
g_loss0: 6.92 g_loss1: 8.69 g_loss2: 8.46 w_loss: 3.78 s_loss: 8.12 kl_loss: 1.63 
errD0: 0.25 errD1: 1.62 errD2: 0.11 
g_loss0: 9.20 g_loss1: 26.32 g_loss2: 8.01 w_loss: 3.41 s_loss: 7.35 kl_loss: 1.87 
errD0: 0.24 errD1: 0.22 errD2: 0.30 
g_loss0: 6.62 g_loss1: 5.61 g_loss2: 6.33 w_loss: 6.07 s_loss: 8.81 kl_loss: 1.63 
[63/150][272]
                  Loss_D: 0.84 Loss_G: 36.11 Time: 221.03s
errD0: 0.29 errD1: 0.14 errD2: 0.36 
g_loss0: 14.76 g_loss1: 13.78 g_loss2: 11.74 w_loss: 5.04 s_loss: 7.22 kl_loss: 1.80 
errD0: 0.15 errD1: 0.15 errD2: 0.14 
g_loss0: 6.52 g_loss1: 8.90 g_loss2: 6.11 w_loss: 4.27 s_loss: 7.73 kl_loss: 2.07 
[64/150][272]
                  Loss_D: 0.41 Loss_G: 47.37 Time: 221.65s
errD0: 0.19 errD1: 0.41 errD2: 0.24 
g_loss0: 11.17 g_loss1: 10.97 g_loss2: 7.87 w_loss: 5.96 s_loss: 9.66 kl_loss: 2.08 
errD0: 0.26 errD1: 0.09 errD2: 0.42 
g_loss0: 11.32 g_loss1: 10.85 g_loss2: 14.18 w_loss: 4.43 s_loss: 8.68 kl_loss: 1.73 
errD0: 0.69 errD1: 0.38 errD2: 0.54 
g_loss0: 16.36 g_loss1: 15.50 g_loss2: 11.08 w_loss: 6.23 s_loss: 9.60 kl_loss: 2.03 
[65/150][272]
                  Loss_D: 0.21 Loss_G: 44.02 Time: 221.57s
errD0: 1.15 errD1: 0.58 errD2: 0.22 
g_loss0: 2.47 g_loss1: 10.37 g_loss2: 9.27 w_loss: 4.68 s_loss: 8.35 kl_loss: 1.78 
errD0: 0.36 errD1: 0.04 errD2: 0.05 
g_loss0: 5.60 g_loss1: 11.80 g_loss2: 7.48 w_loss: 4.29 s_loss: 7.59 kl_loss: 1.93 
errD0: 0.28 errD1: 0.25 errD2: 0.23 
g_loss0: 9.66 g_loss1: 7.29 g_loss2: 6.28 w_loss: 5.62 s_loss: 10.70 kl_loss: 1.86 
[66/150][272]
                  Loss_D: 0.29 Loss_G: 38.62 Time: 221.65s
errD0: 0.14 errD1: 0.34 errD2: 0.29 
g_loss0: 13.98 g_loss1: 9.80 g_loss2: 8.62 w_loss: 5.55 s_loss: 9.96 kl_loss: 1.77 
errD0: 0.66 errD1: 0.31 errD2: 0.41 
g_loss0: 13.82 g_loss1: 10.40 g_loss2: 5.10 w_loss: 4.39 s_loss: 8.81 kl_loss: 1.75 
[67/150][272]
                  Loss_D: 0.75 Loss_G: 47.93 Time: 221.82s
errD0: 0.05 errD1: 0.05 errD2: 0.01 
g_loss0: 8.19 g_loss1: 9.17 g_loss2: 9.66 w_loss: 5.13 s_loss: 11.03 kl_loss: 1.94 
errD0: 0.18 errD1: 0.13 errD2: 0.12 
g_loss0: 10.20 g_loss1: 7.34 g_loss2: 3.58 w_loss: 5.47 s_loss: 9.50 kl_loss: 1.59 
errD0: 0.83 errD1: 0.23 errD2: 0.46 
g_loss0: 12.80 g_loss1: 11.78 g_loss2: 6.20 w_loss: 4.36 s_loss: 9.45 kl_loss: 1.70 
[68/150][272]
                  Loss_D: 0.84 Loss_G: 51.09 Time: 221.20s
errD0: 0.48 errD1: 0.18 errD2: 1.36 
g_loss0: 5.68 g_loss1: 9.02 g_loss2: 25.04 w_loss: 4.56 s_loss: 8.20 kl_loss: 1.70 
errD0: 0.40 errD1: 0.25 errD2: 0.02 
g_loss0: 5.14 g_loss1: 5.62 g_loss2: 12.11 w_loss: 4.07 s_loss: 8.26 kl_loss: 1.61 
errD0: 0.16 errD1: 0.29 errD2: 0.14 
g_loss0: 8.32 g_loss1: 9.84 g_loss2: 11.65 w_loss: 4.45 s_loss: 8.99 kl_loss: 1.73 
[69/150][272]
                  Loss_D: 0.29 Loss_G: 44.96 Time: 221.22s
errD0: 0.08 errD1: 0.05 errD2: 0.01 
g_loss0: 11.75 g_loss1: 11.69 g_loss2: 13.08 w_loss: 3.49 s_loss: 8.11 kl_loss: 1.60 
errD0: 0.15 errD1: 0.07 errD2: 0.09 
g_loss0: 7.30 g_loss1: 9.42 g_loss2: 11.54 w_loss: 4.31 s_loss: 9.38 kl_loss: 1.70 
errD0: 0.16 errD1: 0.14 errD2: 0.07 
g_loss0: 7.72 g_loss1: 8.44 g_loss2: 10.50 w_loss: 6.29 s_loss: 8.63 kl_loss: 1.89 
[70/150][272]
                  Loss_D: 0.18 Loss_G: 55.20 Time: 220.86s
Save G/Ds models.
errD0: 0.19 errD1: 0.17 errD2: 0.02 
g_loss0: 9.76 g_loss1: 10.81 g_loss2: 9.23 w_loss: 4.58 s_loss: 5.95 kl_loss: 1.72 
errD0: 1.38 errD1: 0.59 errD2: 0.01 
g_loss0: 15.61 g_loss1: 17.99 g_loss2: 15.78 w_loss: 5.71 s_loss: 9.89 kl_loss: 1.67 
[71/150][272]
                  Loss_D: 0.32 Loss_G: 53.78 Time: 221.35s
errD0: 0.11 errD1: 0.11 errD2: 1.52 
g_loss0: 8.57 g_loss1: 9.30 g_loss2: 0.42 w_loss: 3.08 s_loss: 7.58 kl_loss: 1.81 
errD0: 0.19 errD1: 0.14 errD2: 0.04 
g_loss0: 12.72 g_loss1: 10.86 g_loss2: 9.58 w_loss: 4.77 s_loss: 8.32 kl_loss: 2.20 
errD0: 0.10 errD1: 0.03 errD2: 0.18 
g_loss0: 16.59 g_loss1: 16.00 g_loss2: 7.05 w_loss: 4.68 s_loss: 9.76 kl_loss: 1.93 
[72/150][272]
                  Loss_D: 1.38 Loss_G: 50.14 Time: 221.14s
errD0: 1.18 errD1: 0.19 errD2: 1.30 
g_loss0: 13.41 g_loss1: 6.13 g_loss2: 26.92 w_loss: 6.44 s_loss: 9.68 kl_loss: 1.56 
errD0: 0.15 errD1: 0.11 errD2: 0.32 
g_loss0: 8.43 g_loss1: 13.71 g_loss2: 5.55 w_loss: 5.04 s_loss: 9.41 kl_loss: 2.11 
errD0: 0.21 errD1: 0.05 errD2: 0.05 
g_loss0: 7.98 g_loss1: 9.21 g_loss2: 9.57 w_loss: 5.58 s_loss: 10.49 kl_loss: 1.98 
[73/150][272]
                  Loss_D: 0.75 Loss_G: 48.31 Time: 221.54s
errD0: 0.15 errD1: 0.28 errD2: 0.23 
g_loss0: 11.65 g_loss1: 23.66 g_loss2: 9.96 w_loss: 5.18 s_loss: 8.34 kl_loss: 1.93 
errD0: 0.05 errD1: 0.58 errD2: 0.01 
g_loss0: 7.79 g_loss1: 2.33 g_loss2: 11.80 w_loss: 4.78 s_loss: 8.67 kl_loss: 2.43 
errD0: 0.05 errD1: 0.08 errD2: 0.10 
g_loss0: 12.20 g_loss1: 10.37 g_loss2: 9.76 w_loss: 3.50 s_loss: 8.40 kl_loss: 2.07 
[74/150][272]
                  Loss_D: 0.22 Loss_G: 46.29 Time: 221.69s
errD0: 0.04 errD1: 0.15 errD2: 0.31 
g_loss0: 11.36 g_loss1: 9.81 g_loss2: 6.08 w_loss: 4.56 s_loss: 9.81 kl_loss: 1.90 
errD0: 0.08 errD1: 0.74 errD2: 0.04 
g_loss0: 7.99 g_loss1: 20.02 g_loss2: 7.72 w_loss: 4.78 s_loss: 7.05 kl_loss: 1.58 
[75/150][272]
                  Loss_D: 0.44 Loss_G: 39.81 Time: 221.74s
errD0: 0.22 errD1: 0.16 errD2: 0.05 
g_loss0: 12.37 g_loss1: 9.11 g_loss2: 13.00 w_loss: 5.62 s_loss: 8.49 kl_loss: 1.91 
errD0: 0.24 errD1: 0.07 errD2: 0.13 
g_loss0: 7.62 g_loss1: 9.98 g_loss2: 13.85 w_loss: 4.41 s_loss: 9.00 kl_loss: 2.05 
errD0: 0.10 errD1: 0.16 errD2: 0.08 
g_loss0: 8.67 g_loss1: 10.78 g_loss2: 8.97 w_loss: 6.29 s_loss: 8.63 kl_loss: 1.78 
[76/150][272]
                  Loss_D: 0.22 Loss_G: 48.81 Time: 221.40s
errD0: 0.30 errD1: 0.07 errD2: 0.55 
g_loss0: 13.00 g_loss1: 8.59 g_loss2: 6.36 w_loss: 5.84 s_loss: 7.47 kl_loss: 1.86 
errD0: 0.45 errD1: 1.15 errD2: 0.13 
g_loss0: 7.33 g_loss1: 4.53 g_loss2: 12.70 w_loss: 6.89 s_loss: 10.29 kl_loss: 1.62 
errD0: 0.03 errD1: 0.07 errD2: 0.07 
g_loss0: 11.73 g_loss1: 8.05 g_loss2: 10.14 w_loss: 5.85 s_loss: 10.26 kl_loss: 1.88 
[77/150][272]
                  Loss_D: 0.21 Loss_G: 51.33 Time: 221.01s
errD0: 0.82 errD1: 0.04 errD2: 0.01 
g_loss0: 11.89 g_loss1: 7.56 g_loss2: 12.02 w_loss: 3.06 s_loss: 6.45 kl_loss: 1.80 
errD0: 1.27 errD1: 1.01 errD2: 0.42 
g_loss0: 20.50 g_loss1: 6.63 g_loss2: 18.23 w_loss: 5.39 s_loss: 9.78 kl_loss: 1.60 
[78/150][272]
                  Loss_D: 0.57 Loss_G: 45.59 Time: 221.23s
errD0: 0.09 errD1: 0.95 errD2: 0.08 
g_loss0: 14.13 g_loss1: 13.46 g_loss2: 8.84 w_loss: 3.78 s_loss: 8.53 kl_loss: 1.77 
errD0: 0.11 errD1: 0.02 errD2: 0.02 
g_loss0: 11.40 g_loss1: 11.65 g_loss2: 10.47 w_loss: 5.03 s_loss: 9.70 kl_loss: 1.73 
errD0: 0.06 errD1: 0.36 errD2: 0.56 
g_loss0: 6.54 g_loss1: 14.83 g_loss2: 27.55 w_loss: 5.41 s_loss: 8.48 kl_loss: 1.74 
[79/150][272]
                  Loss_D: 0.18 Loss_G: 49.88 Time: 222.25s
errD0: 0.20 errD1: 0.02 errD2: 0.02 
g_loss0: 8.41 g_loss1: 12.34 g_loss2: 13.88 w_loss: 5.11 s_loss: 8.46 kl_loss: 1.65 
errD0: 0.45 errD1: 0.04 errD2: 0.08 
g_loss0: 9.70 g_loss1: 9.89 g_loss2: 11.26 w_loss: 4.14 s_loss: 8.87 kl_loss: 1.65 
errD0: 0.11 errD1: 0.05 errD2: 0.39 
g_loss0: 9.07 g_loss1: 8.61 g_loss2: 6.67 w_loss: 4.73 s_loss: 9.13 kl_loss: 1.81 
[80/150][272]
                  Loss_D: 3.97 Loss_G: 49.01 Time: 221.60s
Save G/Ds models.
errD0: 0.12 errD1: 0.06 errD2: 0.07 
g_loss0: 5.16 g_loss1: 8.48 g_loss2: 9.20 w_loss: 4.64 s_loss: 8.85 kl_loss: 1.57 
errD0: 0.27 errD1: 0.21 errD2: 0.29 
g_loss0: 6.44 g_loss1: 8.21 g_loss2: 13.59 w_loss: 4.84 s_loss: 8.15 kl_loss: 1.78 
errD0: 0.33 errD1: 1.44 errD2: 0.02 
g_loss0: 8.73 g_loss1: 20.44 g_loss2: 10.15 w_loss: 4.32 s_loss: 8.49 kl_loss: 1.57 
[81/150][272]
                  Loss_D: 0.51 Loss_G: 61.96 Time: 221.69s
errD0: 0.07 errD1: 0.44 errD2: 0.09 
g_loss0: 7.79 g_loss1: 16.55 g_loss2: 10.14 w_loss: 4.67 s_loss: 8.65 kl_loss: 1.62 
errD0: 0.07 errD1: 0.26 errD2: 0.21 
g_loss0: 7.45 g_loss1: 11.86 g_loss2: 5.66 w_loss: 8.29 s_loss: 10.45 kl_loss: 1.82 
[82/150][272]
                  Loss_D: 0.63 Loss_G: 41.78 Time: 221.41s
errD0: 0.19 errD1: 0.13 errD2: 0.05 
g_loss0: 9.76 g_loss1: 9.20 g_loss2: 20.27 w_loss: 5.35 s_loss: 9.07 kl_loss: 1.76 
errD0: 0.13 errD1: 0.09 errD2: 0.07 
g_loss0: 7.28 g_loss1: 8.93 g_loss2: 14.25 w_loss: 4.65 s_loss: 7.96 kl_loss: 1.69 
errD0: 0.19 errD1: 0.03 errD2: 0.04 
g_loss0: 8.23 g_loss1: 16.80 g_loss2: 13.53 w_loss: 4.36 s_loss: 8.13 kl_loss: 2.38 
[83/150][272]
                  Loss_D: 1.02 Loss_G: 38.92 Time: 221.63s
errD0: 0.11 errD1: 0.45 errD2: 0.34 
g_loss0: 3.44 g_loss1: 14.49 g_loss2: 5.88 w_loss: 2.87 s_loss: 5.47 kl_loss: 1.65 
errD0: 0.45 errD1: 0.74 errD2: 0.54 
g_loss0: 10.46 g_loss1: 17.87 g_loss2: 16.45 w_loss: 3.67 s_loss: 9.39 kl_loss: 1.82 
errD0: 0.28 errD1: 0.10 errD2: 0.07 
g_loss0: 10.06 g_loss1: 9.71 g_loss2: 15.38 w_loss: 5.02 s_loss: 10.83 kl_loss: 1.88 
[84/150][272]
                  Loss_D: 1.83 Loss_G: 29.11 Time: 221.24s
errD0: 0.09 errD1: 0.47 errD2: 0.03 
g_loss0: 8.67 g_loss1: 3.41 g_loss2: 14.71 w_loss: 3.56 s_loss: 7.68 kl_loss: 2.14 
errD0: 0.39 errD1: 1.30 errD2: 1.47 
g_loss0: 11.53 g_loss1: 3.91 g_loss2: 17.92 w_loss: 5.24 s_loss: 9.05 kl_loss: 1.78 
[85/150][272]
                  Loss_D: 0.19 Loss_G: 41.67 Time: 221.26s
errD0: 0.12 errD1: 0.16 errD2: 0.24 
g_loss0: 7.75 g_loss1: 12.16 g_loss2: 15.51 w_loss: 4.58 s_loss: 8.25 kl_loss: 1.58 
errD0: 0.55 errD1: 0.03 errD2: 0.01 
g_loss0: 11.48 g_loss1: 9.49 g_loss2: 12.63 w_loss: 4.04 s_loss: 7.88 kl_loss: 1.91 
errD0: 0.21 errD1: 0.87 errD2: 0.72 
g_loss0: 6.87 g_loss1: 2.16 g_loss2: 2.89 w_loss: 3.83 s_loss: 7.00 kl_loss: 1.70 
[86/150][272]
                  Loss_D: 1.01 Loss_G: 58.70 Time: 221.96s
errD0: 0.25 errD1: 0.18 errD2: 0.02 
g_loss0: 10.00 g_loss1: 11.70 g_loss2: 14.08 w_loss: 5.72 s_loss: 9.37 kl_loss: 1.88 
errD0: 0.12 errD1: 0.27 errD2: 0.34 
g_loss0: 8.82 g_loss1: 10.19 g_loss2: 15.08 w_loss: 5.34 s_loss: 7.65 kl_loss: 1.88 
errD0: 0.39 errD1: 0.05 errD2: 0.17 
g_loss0: 11.89 g_loss1: 8.38 g_loss2: 11.92 w_loss: 6.06 s_loss: 8.00 kl_loss: 1.96 
[87/150][272]
                  Loss_D: 0.37 Loss_G: 46.93 Time: 221.96s
errD0: 0.12 errD1: 0.29 errD2: 1.16 
g_loss0: 10.40 g_loss1: 12.34 g_loss2: 8.29 w_loss: 4.84 s_loss: 8.71 kl_loss: 1.73 
errD0: 0.87 errD1: 0.57 errD2: 0.08 
g_loss0: 15.40 g_loss1: 13.46 g_loss2: 11.14 w_loss: 4.82 s_loss: 8.68 kl_loss: 2.12 
errD0: 0.18 errD1: 0.29 errD2: 0.04 
g_loss0: 9.93 g_loss1: 7.12 g_loss2: 11.30 w_loss: 5.95 s_loss: 9.82 kl_loss: 1.73 
[88/150][272]
                  Loss_D: 0.26 Loss_G: 41.93 Time: 221.20s
errD0: 0.03 errD1: 0.04 errD2: 0.82 
g_loss0: 11.78 g_loss1: 8.25 g_loss2: 9.37 w_loss: 4.47 s_loss: 8.53 kl_loss: 1.87 
errD0: 0.43 errD1: 0.24 errD2: 0.10 
g_loss0: 5.27 g_loss1: 6.84 g_loss2: 10.95 w_loss: 5.09 s_loss: 9.32 kl_loss: 2.04 
[89/150][272]
                  Loss_D: 0.34 Loss_G: 44.67 Time: 221.09s
errD0: 0.10 errD1: 0.38 errD2: 0.03 
g_loss0: 11.14 g_loss1: 13.77 g_loss2: 10.55 w_loss: 4.49 s_loss: 9.54 kl_loss: 1.69 
errD0: 0.39 errD1: 0.24 errD2: 0.44 
g_loss0: 4.23 g_loss1: 8.94 g_loss2: 21.02 w_loss: 5.20 s_loss: 9.61 kl_loss: 1.65 
errD0: 0.21 errD1: 0.53 errD2: 0.17 
g_loss0: 5.82 g_loss1: 11.50 g_loss2: 14.02 w_loss: 5.72 s_loss: 9.75 kl_loss: 1.49 
[90/150][272]
                  Loss_D: 0.70 Loss_G: 48.81 Time: 221.36s
Save G/Ds models.
errD0: 0.23 errD1: 0.15 errD2: 0.06 
g_loss0: 9.56 g_loss1: 5.29 g_loss2: 9.62 w_loss: 6.30 s_loss: 8.99 kl_loss: 1.56 
errD0: 0.39 errD1: 0.29 errD2: 1.19 
g_loss0: 11.68 g_loss1: 11.69 g_loss2: 34.66 w_loss: 4.63 s_loss: 9.09 kl_loss: 1.76 
errD0: 0.17 errD1: 0.03 errD2: 0.06 
g_loss0: 8.66 g_loss1: 13.06 g_loss2: 9.35 w_loss: 4.45 s_loss: 7.98 kl_loss: 1.92 
[91/150][272]
                  Loss_D: 0.35 Loss_G: 48.96 Time: 221.85s
errD0: 0.68 errD1: 0.08 errD2: 0.06 
g_loss0: 10.79 g_loss1: 11.04 g_loss2: 13.90 w_loss: 3.93 s_loss: 8.59 kl_loss: 1.81 
errD0: 0.15 errD1: 0.03 errD2: 0.40 
g_loss0: 8.22 g_loss1: 9.50 g_loss2: 17.99 w_loss: 5.13 s_loss: 9.71 kl_loss: 1.73 
[92/150][272]
                  Loss_D: 1.58 Loss_G: 56.03 Time: 221.05s
errD0: 0.08 errD1: 1.14 errD2: 0.31 
g_loss0: 7.60 g_loss1: 23.01 g_loss2: 8.14 w_loss: 3.67 s_loss: 8.75 kl_loss: 1.71 
errD0: 0.36 errD1: 0.23 errD2: 0.01 
g_loss0: 5.54 g_loss1: 18.96 g_loss2: 10.21 w_loss: 4.51 s_loss: 8.50 kl_loss: 1.54 
errD0: 0.14 errD1: 0.10 errD2: 0.07 
g_loss0: 7.61 g_loss1: 15.28 g_loss2: 9.98 w_loss: 4.59 s_loss: 6.92 kl_loss: 2.16 
[93/150][272]
                  Loss_D: 0.79 Loss_G: 38.58 Time: 221.48s
errD0: 0.29 errD1: 0.58 errD2: 0.30 
g_loss0: 14.35 g_loss1: 18.05 g_loss2: 9.93 w_loss: 6.62 s_loss: 10.54 kl_loss: 1.91 
errD0: 0.79 errD1: 0.05 errD2: 0.05 
g_loss0: 14.27 g_loss1: 9.62 g_loss2: 9.22 w_loss: 5.17 s_loss: 9.49 kl_loss: 1.61 
errD0: 0.10 errD1: 0.11 errD2: 0.06 
g_loss0: 6.82 g_loss1: 8.95 g_loss2: 17.60 w_loss: 3.48 s_loss: 8.46 kl_loss: 1.72 
[94/150][272]
                  Loss_D: 0.50 Loss_G: 51.04 Time: 221.47s
errD0: 0.33 errD1: 0.12 errD2: 0.29 
g_loss0: 5.07 g_loss1: 6.46 g_loss2: 16.92 w_loss: 4.95 s_loss: 9.29 kl_loss: 1.64 
errD0: 0.18 errD1: 0.06 errD2: 0.30 
g_loss0: 10.05 g_loss1: 8.48 g_loss2: 17.37 w_loss: 4.38 s_loss: 8.51 kl_loss: 2.44 
errD0: 0.50 errD1: 0.95 errD2: 0.90 
g_loss0: 12.29 g_loss1: 12.35 g_loss2: 14.84 w_loss: 6.40 s_loss: 9.75 kl_loss: 1.61 
[95/150][272]
                  Loss_D: 0.46 Loss_G: 50.51 Time: 221.46s
errD0: 0.10 errD1: 0.25 errD2: 0.03 
g_loss0: 8.37 g_loss1: 4.42 g_loss2: 5.73 w_loss: 6.22 s_loss: 10.12 kl_loss: 2.32 
errD0: 0.41 errD1: 0.26 errD2: 0.02 
g_loss0: 3.32 g_loss1: 14.01 g_loss2: 15.85 w_loss: 5.33 s_loss: 8.96 kl_loss: 1.62 
[96/150][272]
                  Loss_D: 0.57 Loss_G: 41.56 Time: 221.39s
errD0: 0.24 errD1: 0.34 errD2: 0.10 
g_loss0: 7.55 g_loss1: 11.70 g_loss2: 8.02 w_loss: 5.40 s_loss: 9.10 kl_loss: 1.86 
errD0: 0.09 errD1: 0.11 errD2: 0.25 
g_loss0: 11.81 g_loss1: 8.96 g_loss2: 5.54 w_loss: 2.93 s_loss: 7.87 kl_loss: 1.91 
errD0: 0.37 errD1: 0.10 errD2: 0.13 
g_loss0: 12.60 g_loss1: 8.65 g_loss2: 15.49 w_loss: 4.44 s_loss: 11.05 kl_loss: 1.60 
[97/150][272]
                  Loss_D: 1.69 Loss_G: 46.15 Time: 222.03s
errD0: 0.21 errD1: 0.14 errD2: 0.01 
g_loss0: 8.78 g_loss1: 8.06 g_loss2: 11.12 w_loss: 4.95 s_loss: 10.21 kl_loss: 2.00 
errD0: 0.41 errD1: 0.58 errD2: 0.63 
g_loss0: 4.31 g_loss1: 3.80 g_loss2: 1.33 w_loss: 4.18 s_loss: 8.51 kl_loss: 1.83 
errD0: 0.60 errD1: 0.98 errD2: 0.63 
g_loss0: 12.54 g_loss1: 10.25 g_loss2: 13.59 w_loss: 5.09 s_loss: 8.96 kl_loss: 2.05 
[98/150][272]
                  Loss_D: 0.36 Loss_G: 44.58 Time: 221.63s
errD0: 0.37 errD1: 0.29 errD2: 0.92 
g_loss0: 12.37 g_loss1: 8.27 g_loss2: 17.45 w_loss: 3.69 s_loss: 6.91 kl_loss: 1.83 
errD0: 0.34 errD1: 0.93 errD2: 0.04 
g_loss0: 5.16 g_loss1: 10.59 g_loss2: 10.83 w_loss: 5.16 s_loss: 8.50 kl_loss: 2.07 
errD0: 1.47 errD1: 0.83 errD2: 0.18 
g_loss0: 0.99 g_loss1: 1.09 g_loss2: 7.86 w_loss: 6.04 s_loss: 10.55 kl_loss: 2.01 
[99/150][272]
                  Loss_D: 2.47 Loss_G: 28.55 Time: 221.32s
errD0: 0.06 errD1: 0.13 errD2: 0.03 
g_loss0: 10.88 g_loss1: 10.84 g_loss2: 12.79 w_loss: 4.07 s_loss: 8.75 kl_loss: 1.91 
errD0: 0.20 errD1: 0.13 errD2: 0.04 
g_loss0: 7.89 g_loss1: 8.12 g_loss2: 9.36 w_loss: 5.72 s_loss: 9.44 kl_loss: 2.22 
[100/150][272]
                  Loss_D: 0.71 Loss_G: 54.50 Time: 221.30s
Save G/Ds models.
errD0: 0.21 errD1: 0.11 errD2: 0.05 
g_loss0: 11.12 g_loss1: 9.25 g_loss2: 10.83 w_loss: 4.14 s_loss: 7.54 kl_loss: 1.95 
errD0: 0.28 errD1: 0.11 errD2: 0.30 
g_loss0: 5.70 g_loss1: 9.72 g_loss2: 9.01 w_loss: 5.33 s_loss: 10.86 kl_loss: 2.71 
errD0: 0.15 errD1: 0.05 errD2: 0.04 
g_loss0: 5.76 g_loss1: 8.73 g_loss2: 11.99 w_loss: 5.90 s_loss: 8.26 kl_loss: 1.77 
[101/150][272]
                  Loss_D: 1.36 Loss_G: 46.22 Time: 221.48s
errD0: 0.06 errD1: 0.07 errD2: 0.05 
g_loss0: 13.40 g_loss1: 8.95 g_loss2: 10.20 w_loss: 5.56 s_loss: 8.11 kl_loss: 2.52 
errD0: 1.35 errD1: 1.95 errD2: 0.16 
g_loss0: 14.24 g_loss1: 16.22 g_loss2: 20.18 w_loss: 4.25 s_loss: 7.08 kl_loss: 1.77 
errD0: 0.38 errD1: 0.08 errD2: 0.03 
g_loss0: 6.11 g_loss1: 12.44 g_loss2: 11.17 w_loss: 6.50 s_loss: 9.26 kl_loss: 1.65 
[102/150][272]
                  Loss_D: 1.52 Loss_G: 46.41 Time: 221.41s
errD0: 0.16 errD1: 0.75 errD2: 0.04 
g_loss0: 9.97 g_loss1: 21.98 g_loss2: 16.05 w_loss: 5.80 s_loss: 8.95 kl_loss: 1.46 
errD0: 0.07 errD1: 0.08 errD2: 0.03 
g_loss0: 9.72 g_loss1: 10.90 g_loss2: 9.75 w_loss: 4.23 s_loss: 8.63 kl_loss: 2.18 
[103/150][272]
                  Loss_D: 0.57 Loss_G: 42.24 Time: 221.25s
errD0: 0.04 errD1: 0.05 errD2: 0.01 
g_loss0: 13.65 g_loss1: 11.16 g_loss2: 16.74 w_loss: 4.01 s_loss: 8.17 kl_loss: 2.06 
errD0: 0.25 errD1: 0.50 errD2: 1.03 
g_loss0: 9.49 g_loss1: 15.56 g_loss2: 32.43 w_loss: 4.30 s_loss: 7.08 kl_loss: 2.45 
errD0: 0.09 errD1: 0.09 errD2: 0.01 
g_loss0: 6.37 g_loss1: 9.38 g_loss2: 11.99 w_loss: 4.55 s_loss: 8.78 kl_loss: 1.87 
[104/150][272]
                  Loss_D: 2.38 Loss_G: 68.04 Time: 221.23s
errD0: 0.09 errD1: 0.14 errD2: 0.08 
g_loss0: 9.86 g_loss1: 11.70 g_loss2: 10.10 w_loss: 5.33 s_loss: 9.13 kl_loss: 2.10 
errD0: 0.25 errD1: 0.17 errD2: 0.04 
g_loss0: 8.00 g_loss1: 15.10 g_loss2: 13.63 w_loss: 5.43 s_loss: 11.27 kl_loss: 1.83 
errD0: 0.19 errD1: 0.09 errD2: 0.02 
g_loss0: 6.86 g_loss1: 6.29 g_loss2: 11.99 w_loss: 5.01 s_loss: 8.01 kl_loss: 1.80 
[105/150][272]
                  Loss_D: 0.52 Loss_G: 61.67 Time: 220.98s
errD0: 0.08 errD1: 0.04 errD2: 0.02 
g_loss0: 9.44 g_loss1: 11.77 g_loss2: 17.67 w_loss: 4.91 s_loss: 7.85 kl_loss: 2.39 
errD0: 0.76 errD1: 1.74 errD2: 0.00 
g_loss0: 9.91 g_loss1: 0.20 g_loss2: 15.30 w_loss: 4.14 s_loss: 9.27 kl_loss: 1.85 
errD0: 0.23 errD1: 0.38 errD2: 0.12 
g_loss0: 13.12 g_loss1: 13.39 g_loss2: 13.07 w_loss: 4.30 s_loss: 9.60 kl_loss: 2.29 
[106/150][272]
                  Loss_D: 0.91 Loss_G: 48.31 Time: 221.21s
errD0: 0.05 errD1: 0.10 errD2: 0.01 
g_loss0: 8.72 g_loss1: 8.08 g_loss2: 11.73 w_loss: 5.95 s_loss: 9.77 kl_loss: 1.89 
errD0: 0.06 errD1: 0.14 errD2: 0.00 
g_loss0: 11.50 g_loss1: 8.91 g_loss2: 14.48 w_loss: 6.46 s_loss: 8.24 kl_loss: 1.89 
[107/150][272]
                  Loss_D: 0.77 Loss_G: 42.20 Time: 221.44s
errD0: 0.12 errD1: 0.28 errD2: 0.00 
g_loss0: 11.66 g_loss1: 12.38 g_loss2: 17.15 w_loss: 4.28 s_loss: 10.30 kl_loss: 1.66 
errD0: 0.61 errD1: 0.19 errD2: 0.52 
g_loss0: 4.28 g_loss1: 9.23 g_loss2: 5.74 w_loss: 4.31 s_loss: 7.27 kl_loss: 1.61 
errD0: 1.01 errD1: 0.14 errD2: 0.02 
g_loss0: 4.31 g_loss1: 14.70 g_loss2: 19.17 w_loss: 7.76 s_loss: 9.98 kl_loss: 2.03 
[108/150][272]
                  Loss_D: 0.36 Loss_G: 57.37 Time: 221.22s
errD0: 0.04 errD1: 0.15 errD2: 0.01 
g_loss0: 11.72 g_loss1: 12.82 g_loss2: 24.62 w_loss: 6.39 s_loss: 10.88 kl_loss: 1.76 
errD0: 0.40 errD1: 0.20 errD2: 0.62 
g_loss0: 11.40 g_loss1: 11.46 g_loss2: 2.50 w_loss: 3.90 s_loss: 9.79 kl_loss: 1.68 
errD0: 0.88 errD1: 0.29 errD2: 0.03 
g_loss0: 8.75 g_loss1: 6.64 g_loss2: 6.30 w_loss: 4.40 s_loss: 9.53 kl_loss: 2.02 
[109/150][272]
                  Loss_D: 0.53 Loss_G: 42.25 Time: 222.01s
errD0: 0.14 errD1: 0.04 errD2: 0.01 
g_loss0: 10.65 g_loss1: 12.06 g_loss2: 18.54 w_loss: 5.50 s_loss: 8.48 kl_loss: 1.92 
errD0: 0.24 errD1: 0.53 errD2: 0.81 
g_loss0: 6.37 g_loss1: 21.56 g_loss2: 2.66 w_loss: 4.14 s_loss: 8.00 kl_loss: 1.68 
[110/150][272]
                  Loss_D: 4.34 Loss_G: 33.58 Time: 221.79s
Save G/Ds models.
errD0: 0.17 errD1: 0.35 errD2: 0.57 
g_loss0: 8.12 g_loss1: 13.17 g_loss2: 22.70 w_loss: 4.95 s_loss: 9.75 kl_loss: 1.59 
errD0: 0.07 errD1: 0.01 errD2: 0.04 
g_loss0: 7.28 g_loss1: 14.51 g_loss2: 8.73 w_loss: 5.31 s_loss: 9.50 kl_loss: 1.75 
errD0: 0.32 errD1: 0.14 errD2: 0.03 
g_loss0: 7.48 g_loss1: 9.89 g_loss2: 21.70 w_loss: 7.36 s_loss: 12.13 kl_loss: 1.88 
[111/150][272]
                  Loss_D: 0.16 Loss_G: 42.51 Time: 221.09s
errD0: 0.43 errD1: 0.08 errD2: 0.61 
g_loss0: 4.92 g_loss1: 8.87 g_loss2: 16.52 w_loss: 4.77 s_loss: 8.37 kl_loss: 1.77 
errD0: 0.22 errD1: 0.27 errD2: 0.01 
g_loss0: 7.33 g_loss1: 11.56 g_loss2: 14.45 w_loss: 4.30 s_loss: 7.03 kl_loss: 1.88 
errD0: 0.15 errD1: 0.03 errD2: 0.06 
g_loss0: 9.31 g_loss1: 10.85 g_loss2: 10.76 w_loss: 7.55 s_loss: 10.70 kl_loss: 1.90 
[112/150][272]
                  Loss_D: 0.65 Loss_G: 51.50 Time: 221.00s
errD0: 0.18 errD1: 0.05 errD2: 0.11 
g_loss0: 8.43 g_loss1: 12.45 g_loss2: 9.69 w_loss: 5.51 s_loss: 8.45 kl_loss: 1.88 
errD0: 0.03 errD1: 0.10 errD2: 0.01 
g_loss0: 9.06 g_loss1: 8.01 g_loss2: 19.21 w_loss: 4.36 s_loss: 7.16 kl_loss: 2.02 
errD0: 0.09 errD1: 0.19 errD2: 0.05 
g_loss0: 9.87 g_loss1: 10.72 g_loss2: 14.62 w_loss: 3.29 s_loss: 8.24 kl_loss: 1.97 
[113/150][272]
                  Loss_D: 1.40 Loss_G: 79.37 Time: 221.30s
errD0: 0.66 errD1: 0.11 errD2: 0.04 
g_loss0: 4.82 g_loss1: 8.77 g_loss2: 10.19 w_loss: 4.95 s_loss: 9.48 kl_loss: 1.60 
errD0: 0.03 errD1: 0.13 errD2: 0.01 
g_loss0: 13.34 g_loss1: 9.09 g_loss2: 11.87 w_loss: 5.70 s_loss: 9.80 kl_loss: 1.83 
[114/150][272]
                  Loss_D: 0.26 Loss_G: 50.31 Time: 221.47s
errD0: 0.14 errD1: 0.08 errD2: 0.06 
g_loss0: 11.45 g_loss1: 8.52 g_loss2: 11.73 w_loss: 5.35 s_loss: 9.19 kl_loss: 1.82 
errD0: 0.32 errD1: 0.04 errD2: 0.20 
g_loss0: 8.46 g_loss1: 9.95 g_loss2: 17.90 w_loss: 6.33 s_loss: 9.40 kl_loss: 1.54 
errD0: 0.10 errD1: 0.15 errD2: 0.40 
g_loss0: 12.03 g_loss1: 9.21 g_loss2: 19.64 w_loss: 6.09 s_loss: 10.05 kl_loss: 1.60 
[115/150][272]
                  Loss_D: 0.16 Loss_G: 54.05 Time: 221.80s
errD0: 0.11 errD1: 0.13 errD2: 0.00 
g_loss0: 11.35 g_loss1: 6.40 g_loss2: 13.11 w_loss: 4.90 s_loss: 10.29 kl_loss: 2.30 
errD0: 0.11 errD1: 0.12 errD2: 0.42 
g_loss0: 11.15 g_loss1: 10.12 g_loss2: 13.46 w_loss: 4.90 s_loss: 7.48 kl_loss: 1.92 
errD0: 0.35 errD1: 0.08 errD2: 0.04 
g_loss0: 8.68 g_loss1: 6.52 g_loss2: 10.76 w_loss: 7.27 s_loss: 8.55 kl_loss: 1.91 
[116/150][272]
                  Loss_D: 0.57 Loss_G: 41.88 Time: 222.34s
errD0: 0.21 errD1: 0.12 errD2: 0.20 
g_loss0: 7.62 g_loss1: 11.46 g_loss2: 21.01 w_loss: 4.28 s_loss: 7.41 kl_loss: 1.90 
errD0: 0.22 errD1: 0.15 errD2: 0.06 
g_loss0: 9.58 g_loss1: 7.70 g_loss2: 10.15 w_loss: 3.55 s_loss: 6.20 kl_loss: 1.92 
[117/150][272]
                  Loss_D: 0.57 Loss_G: 51.83 Time: 222.35s
errD0: 0.17 errD1: 0.44 errD2: 0.01 
g_loss0: 14.00 g_loss1: 11.28 g_loss2: 8.27 w_loss: 6.57 s_loss: 11.18 kl_loss: 1.85 
errD0: 0.17 errD1: 0.28 errD2: 0.03 
g_loss0: 9.64 g_loss1: 12.14 g_loss2: 14.90 w_loss: 4.18 s_loss: 8.20 kl_loss: 1.80 
errD0: 0.21 errD1: 0.21 errD2: 0.07 
g_loss0: 10.25 g_loss1: 12.20 g_loss2: 12.91 w_loss: 6.62 s_loss: 8.94 kl_loss: 1.91 
[118/150][272]
                  Loss_D: 0.66 Loss_G: 56.47 Time: 222.37s
errD0: 0.15 errD1: 0.06 errD2: 0.21 
g_loss0: 9.20 g_loss1: 8.07 g_loss2: 16.23 w_loss: 4.79 s_loss: 7.74 kl_loss: 2.05 
errD0: 0.13 errD1: 0.13 errD2: 0.14 
g_loss0: 9.16 g_loss1: 8.44 g_loss2: 12.48 w_loss: 5.15 s_loss: 10.36 kl_loss: 2.11 
errD0: 0.24 errD1: 0.56 errD2: 0.01 
g_loss0: 9.87 g_loss1: 18.16 g_loss2: 10.62 w_loss: 4.38 s_loss: 8.63 kl_loss: 1.78 
[119/150][272]
                  Loss_D: 0.18 Loss_G: 43.30 Time: 222.50s
errD0: 0.62 errD1: 0.09 errD2: 0.21 
g_loss0: 14.23 g_loss1: 8.40 g_loss2: 19.58 w_loss: 5.25 s_loss: 9.65 kl_loss: 1.72 
errD0: 0.11 errD1: 0.13 errD2: 0.04 
g_loss0: 8.24 g_loss1: 10.42 g_loss2: 10.82 w_loss: 5.58 s_loss: 9.31 kl_loss: 2.23 
errD0: 0.19 errD1: 0.13 errD2: 0.01 
g_loss0: 4.74 g_loss1: 17.08 g_loss2: 12.43 w_loss: 4.88 s_loss: 8.21 kl_loss: 2.07 
[120/150][272]
                  Loss_D: 1.08 Loss_G: 50.52 Time: 222.03s
Save G/Ds models.
errD0: 0.14 errD1: 0.15 errD2: 0.28 
g_loss0: 8.77 g_loss1: 5.68 g_loss2: 16.14 w_loss: 5.34 s_loss: 8.37 kl_loss: 1.74 
errD0: 0.19 errD1: 0.03 errD2: 0.01 
g_loss0: 10.15 g_loss1: 17.81 g_loss2: 15.38 w_loss: 6.45 s_loss: 9.80 kl_loss: 2.02 
[121/150][272]
                  Loss_D: 0.85 Loss_G: 51.82 Time: 221.44s
errD0: 0.13 errD1: 0.22 errD2: 0.93 
g_loss0: 9.56 g_loss1: 7.90 g_loss2: 9.48 w_loss: 3.50 s_loss: 9.21 kl_loss: 1.90 
errD0: 0.07 errD1: 0.22 errD2: 0.18 
g_loss0: 8.90 g_loss1: 8.70 g_loss2: 16.09 w_loss: 4.56 s_loss: 8.56 kl_loss: 1.71 
errD0: 0.17 errD1: 0.13 errD2: 0.52 
g_loss0: 7.81 g_loss1: 9.25 g_loss2: 11.59 w_loss: 6.28 s_loss: 8.48 kl_loss: 1.94 
[122/150][272]
                  Loss_D: 0.63 Loss_G: 45.02 Time: 221.22s
errD0: 0.27 errD1: 0.09 errD2: 0.02 
g_loss0: 7.31 g_loss1: 12.59 g_loss2: 14.05 w_loss: 4.37 s_loss: 11.62 kl_loss: 1.77 
errD0: 0.10 errD1: 0.06 errD2: 0.10 
g_loss0: 8.46 g_loss1: 14.27 g_loss2: 13.70 w_loss: 5.62 s_loss: 9.27 kl_loss: 1.86 
errD0: 0.15 errD1: 1.43 errD2: 0.03 
g_loss0: 6.99 g_loss1: 18.00 g_loss2: 15.02 w_loss: 3.49 s_loss: 9.02 kl_loss: 2.01 
[123/150][272]
                  Loss_D: 0.18 Loss_G: 53.24 Time: 221.80s
errD0: 0.15 errD1: 0.82 errD2: 0.08 
g_loss0: 9.07 g_loss1: 3.95 g_loss2: 11.49 w_loss: 4.47 s_loss: 7.66 kl_loss: 2.35 
errD0: 0.04 errD1: 0.13 errD2: 0.05 
g_loss0: 10.38 g_loss1: 9.23 g_loss2: 9.39 w_loss: 3.94 s_loss: 8.42 kl_loss: 2.22 
errD0: 0.08 errD1: 0.11 errD2: 0.83 
g_loss0: 8.62 g_loss1: 18.11 g_loss2: 15.44 w_loss: 5.38 s_loss: 9.26 kl_loss: 1.60 
[124/150][272]
                  Loss_D: 1.02 Loss_G: 58.41 Time: 221.72s
errD0: 0.05 errD1: 0.21 errD2: 1.37 
g_loss0: 7.55 g_loss1: 10.60 g_loss2: 35.77 w_loss: 5.73 s_loss: 8.63 kl_loss: 1.81 
errD0: 0.15 errD1: 0.04 errD2: 0.03 
g_loss0: 6.68 g_loss1: 7.61 g_loss2: 14.13 w_loss: 4.99 s_loss: 7.80 kl_loss: 2.03 
[125/150][272]
                  Loss_D: 1.09 Loss_G: 37.15 Time: 221.53s
errD0: 0.43 errD1: 0.06 errD2: 0.00 
g_loss0: 13.41 g_loss1: 9.06 g_loss2: 12.96 w_loss: 3.61 s_loss: 7.95 kl_loss: 2.06 
errD0: 0.11 errD1: 0.34 errD2: 0.43 
g_loss0: 11.18 g_loss1: 10.31 g_loss2: 4.18 w_loss: 4.82 s_loss: 9.11 kl_loss: 1.98 
errD0: 0.49 errD1: 0.92 errD2: 0.03 
g_loss0: 13.74 g_loss1: 16.07 g_loss2: 19.87 w_loss: 4.89 s_loss: 7.16 kl_loss: 1.95 
[126/150][272]
                  Loss_D: 0.26 Loss_G: 55.70 Time: 221.37s
errD0: 0.24 errD1: 0.21 errD2: 0.03 
g_loss0: 7.79 g_loss1: 7.93 g_loss2: 15.34 w_loss: 6.03 s_loss: 9.69 kl_loss: 1.89 
errD0: 0.12 errD1: 0.06 errD2: 0.05 
g_loss0: 8.14 g_loss1: 7.31 g_loss2: 10.94 w_loss: 5.39 s_loss: 9.04 kl_loss: 1.56 
errD0: 0.11 errD1: 1.04 errD2: 0.04 
g_loss0: 11.61 g_loss1: 17.87 g_loss2: 11.56 w_loss: 4.81 s_loss: 12.36 kl_loss: 1.74 
[127/150][272]
                  Loss_D: 0.56 Loss_G: 48.16 Time: 221.44s
errD0: 0.05 errD1: 0.06 errD2: 0.01 
g_loss0: 10.84 g_loss1: 11.07 g_loss2: 16.51 w_loss: 5.75 s_loss: 8.26 kl_loss: 2.10 
errD0: 0.24 errD1: 0.09 errD2: 0.01 
g_loss0: 3.79 g_loss1: 8.64 g_loss2: 14.35 w_loss: 5.14 s_loss: 8.11 kl_loss: 2.20 
[128/150][272]
                  Loss_D: 0.09 Loss_G: 58.11 Time: 221.58s
errD0: 0.35 errD1: 0.08 errD2: 0.03 
g_loss0: 10.76 g_loss1: 9.74 g_loss2: 9.56 w_loss: 4.99 s_loss: 8.62 kl_loss: 2.08 
errD0: 0.16 errD1: 0.11 errD2: 0.12 
g_loss0: 11.66 g_loss1: 11.45 g_loss2: 12.44 w_loss: 3.27 s_loss: 7.02 kl_loss: 2.12 
errD0: 0.08 errD1: 0.21 errD2: 0.14 
g_loss0: 16.86 g_loss1: 13.95 g_loss2: 7.06 w_loss: 3.98 s_loss: 9.35 kl_loss: 1.99 
[129/150][272]
                  Loss_D: 0.28 Loss_G: 47.89 Time: 221.69s
errD0: 0.07 errD1: 0.05 errD2: 0.25 
g_loss0: 12.79 g_loss1: 14.70 g_loss2: 11.12 w_loss: 3.37 s_loss: 8.51 kl_loss: 2.29 
errD0: 0.31 errD1: 0.58 errD2: 0.01 
g_loss0: 10.56 g_loss1: 15.13 g_loss2: 14.28 w_loss: 5.82 s_loss: 7.40 kl_loss: 2.55 
errD0: 0.18 errD1: 0.08 errD2: 0.02 
g_loss0: 9.58 g_loss1: 12.15 g_loss2: 16.04 w_loss: 5.76 s_loss: 8.03 kl_loss: 2.18 
[130/150][272]
                  Loss_D: 0.32 Loss_G: 53.10 Time: 221.62s
Save G/Ds models.
errD0: 0.04 errD1: 0.06 errD2: 0.15 
g_loss0: 8.95 g_loss1: 9.29 g_loss2: 9.50 w_loss: 4.05 s_loss: 9.02 kl_loss: 2.07 
errD0: 0.11 errD1: 0.31 errD2: 0.20 
g_loss0: 13.76 g_loss1: 11.06 g_loss2: 20.59 w_loss: 5.74 s_loss: 10.99 kl_loss: 1.75 
errD0: 0.05 errD1: 1.85 errD2: 1.81 
g_loss0: 8.41 g_loss1: 20.67 g_loss2: 34.42 w_loss: 3.37 s_loss: 6.93 kl_loss: 1.76 
[131/150][272]
                  Loss_D: 0.82 Loss_G: 40.72 Time: 221.45s
errD0: 0.12 errD1: 0.23 errD2: 0.06 
g_loss0: 7.27 g_loss1: 9.18 g_loss2: 21.23 w_loss: 4.61 s_loss: 9.41 kl_loss: 1.71 
errD0: 0.39 errD1: 0.56 errD2: 0.26 
g_loss0: 7.73 g_loss1: 18.15 g_loss2: 18.34 w_loss: 3.54 s_loss: 10.13 kl_loss: 2.02 
[132/150][272]
                  Loss_D: 0.44 Loss_G: 35.87 Time: 221.53s
errD0: 0.15 errD1: 0.28 errD2: 0.10 
g_loss0: 8.59 g_loss1: 6.89 g_loss2: 20.10 w_loss: 5.35 s_loss: 8.20 kl_loss: 2.39 
errD0: 0.19 errD1: 0.24 errD2: 0.17 
g_loss0: 5.71 g_loss1: 9.37 g_loss2: 16.38 w_loss: 4.65 s_loss: 9.60 kl_loss: 1.90 
errD0: 1.02 errD1: 0.21 errD2: 2.06 
g_loss0: 17.45 g_loss1: 9.16 g_loss2: 45.48 w_loss: 5.51 s_loss: 9.13 kl_loss: 1.75 
[133/150][272]
                  Loss_D: 0.58 Loss_G: 48.44 Time: 221.25s
errD0: 0.07 errD1: 0.19 errD2: 0.18 
g_loss0: 10.25 g_loss1: 6.30 g_loss2: 7.65 w_loss: 6.53 s_loss: 10.28 kl_loss: 1.96 
errD0: 0.50 errD1: 0.17 errD2: 0.23 
g_loss0: 7.59 g_loss1: 7.80 g_loss2: 16.22 w_loss: 3.94 s_loss: 8.60 kl_loss: 2.27 
errD0: 0.28 errD1: 0.13 errD2: 0.21 
g_loss0: 7.35 g_loss1: 9.44 g_loss2: 14.39 w_loss: 6.15 s_loss: 8.55 kl_loss: 2.13 
[134/150][272]
                  Loss_D: 1.72 Loss_G: 33.75 Time: 222.00s
errD0: 0.13 errD1: 0.06 errD2: 0.03 
g_loss0: 8.12 g_loss1: 14.56 g_loss2: 8.72 w_loss: 5.79 s_loss: 9.04 kl_loss: 2.13 
errD0: 0.65 errD1: 0.06 errD2: 0.03 
g_loss0: 9.27 g_loss1: 10.28 g_loss2: 13.98 w_loss: 3.13 s_loss: 6.04 kl_loss: 1.94 
[135/150][272]
                  Loss_D: 0.59 Loss_G: 45.97 Time: 221.47s
errD0: 0.12 errD1: 0.24 errD2: 0.21 
g_loss0: 11.81 g_loss1: 12.20 g_loss2: 18.29 w_loss: 6.76 s_loss: 9.47 kl_loss: 1.81 
errD0: 1.51 errD1: 0.02 errD2: 0.28 
g_loss0: 14.74 g_loss1: 9.88 g_loss2: 25.14 w_loss: 4.92 s_loss: 8.81 kl_loss: 2.19 
errD0: 0.18 errD1: 0.01 errD2: 0.01 
g_loss0: 10.61 g_loss1: 11.03 g_loss2: 10.60 w_loss: 6.83 s_loss: 11.06 kl_loss: 2.04 
[136/150][272]
                  Loss_D: 0.37 Loss_G: 41.63 Time: 221.41s
errD0: 0.72 errD1: 0.08 errD2: 0.47 
g_loss0: 2.66 g_loss1: 6.62 g_loss2: 21.96 w_loss: 4.17 s_loss: 9.65 kl_loss: 2.08 
errD0: 0.88 errD1: 0.03 errD2: 0.07 
g_loss0: 14.58 g_loss1: 9.62 g_loss2: 14.91 w_loss: 4.39 s_loss: 7.36 kl_loss: 1.98 
errD0: 0.25 errD1: 0.14 errD2: 0.01 
g_loss0: 8.01 g_loss1: 10.49 g_loss2: 17.20 w_loss: 6.61 s_loss: 10.70 kl_loss: 1.69 
[137/150][272]
                  Loss_D: 0.15 Loss_G: 47.11 Time: 221.77s
errD0: 1.31 errD1: 0.53 errD2: 0.08 
g_loss0: 0.98 g_loss1: 10.71 g_loss2: 13.91 w_loss: 4.46 s_loss: 8.20 kl_loss: 2.03 
errD0: 0.21 errD1: 0.08 errD2: 0.07 
g_loss0: 8.96 g_loss1: 8.29 g_loss2: 11.05 w_loss: 6.57 s_loss: 9.23 kl_loss: 1.88 
errD0: 0.18 errD1: 0.59 errD2: 0.04 
g_loss0: 8.71 g_loss1: 9.09 g_loss2: 6.42 w_loss: 4.65 s_loss: 9.54 kl_loss: 1.85 
[138/150][272]
                  Loss_D: 0.30 Loss_G: 48.29 Time: 221.79s
errD0: 0.16 errD1: 0.06 errD2: 0.04 
g_loss0: 9.42 g_loss1: 5.40 g_loss2: 9.14 w_loss: 4.39 s_loss: 7.82 kl_loss: 2.12 
errD0: 0.30 errD1: 0.20 errD2: 0.02 
g_loss0: 8.69 g_loss1: 9.60 g_loss2: 9.17 w_loss: 4.95 s_loss: 8.66 kl_loss: 2.13 
[139/150][272]
                  Loss_D: 1.46 Loss_G: 37.11 Time: 221.70s
errD0: 0.07 errD1: 0.01 errD2: 0.02 
g_loss0: 8.49 g_loss1: 12.65 g_loss2: 17.66 w_loss: 6.92 s_loss: 10.73 kl_loss: 1.90 
errD0: 0.10 errD1: 0.29 errD2: 0.05 
g_loss0: 9.45 g_loss1: 12.73 g_loss2: 11.23 w_loss: 5.04 s_loss: 7.69 kl_loss: 2.25 
errD0: 0.22 errD1: 0.05 errD2: 0.06 
g_loss0: 7.29 g_loss1: 12.33 g_loss2: 19.03 w_loss: 6.35 s_loss: 10.43 kl_loss: 1.90 
[140/150][272]
                  Loss_D: 2.74 Loss_G: 79.36 Time: 221.99s
Save G/Ds models.
errD0: 0.55 errD1: 0.39 errD2: 0.59 
g_loss0: 3.80 g_loss1: 9.17 g_loss2: 3.73 w_loss: 6.04 s_loss: 10.39 kl_loss: 2.11 
errD0: 0.15 errD1: 0.06 errD2: 0.02 
g_loss0: 9.51 g_loss1: 10.19 g_loss2: 11.03 w_loss: 4.61 s_loss: 8.94 kl_loss: 1.88 
errD0: 0.38 errD1: 0.07 errD2: 0.03 
g_loss0: 9.06 g_loss1: 9.02 g_loss2: 10.56 w_loss: 5.66 s_loss: 8.88 kl_loss: 1.96 
[141/150][272]
                  Loss_D: 0.79 Loss_G: 53.83 Time: 222.18s
errD0: 0.16 errD1: 0.04 errD2: 0.00 
g_loss0: 11.19 g_loss1: 12.30 g_loss2: 18.78 w_loss: 5.00 s_loss: 8.19 kl_loss: 1.96 
errD0: 0.80 errD1: 0.07 errD2: 0.03 
g_loss0: 18.69 g_loss1: 8.94 g_loss2: 18.91 w_loss: 4.20 s_loss: 9.04 kl_loss: 1.70 
[142/150][272]
                  Loss_D: 0.69 Loss_G: 67.85 Time: 222.12s
errD0: 0.30 errD1: 0.11 errD2: 0.05 
g_loss0: 6.56 g_loss1: 13.53 g_loss2: 8.89 w_loss: 7.26 s_loss: 10.96 kl_loss: 1.91 
errD0: 0.07 errD1: 0.12 errD2: 0.51 
g_loss0: 12.44 g_loss1: 10.90 g_loss2: 14.45 w_loss: 6.10 s_loss: 7.95 kl_loss: 2.05 
errD0: 0.10 errD1: 0.12 errD2: 0.01 
g_loss0: 9.70 g_loss1: 7.42 g_loss2: 13.76 w_loss: 5.43 s_loss: 9.66 kl_loss: 1.98 
[143/150][272]
                  Loss_D: 1.12 Loss_G: 66.96 Time: 222.44s
errD0: 0.08 errD1: 0.08 errD2: 0.01 
g_loss0: 10.90 g_loss1: 11.53 g_loss2: 13.10 w_loss: 4.13 s_loss: 8.45 kl_loss: 1.93 
errD0: 0.21 errD1: 0.01 errD2: 0.00 
g_loss0: 9.43 g_loss1: 11.80 g_loss2: 11.93 w_loss: 4.39 s_loss: 8.68 kl_loss: 2.13 
errD0: 0.06 errD1: 0.29 errD2: 0.01 
g_loss0: 14.84 g_loss1: 11.14 g_loss2: 18.73 w_loss: 3.87 s_loss: 8.48 kl_loss: 1.89 
[144/150][272]
                  Loss_D: 0.49 Loss_G: 53.17 Time: 222.22s
errD0: 0.05 errD1: 0.31 errD2: 0.01 
g_loss0: 9.28 g_loss1: 14.46 g_loss2: 16.89 w_loss: 4.18 s_loss: 9.58 kl_loss: 2.00 
errD0: 0.19 errD1: 0.11 errD2: 0.04 
g_loss0: 5.58 g_loss1: 8.73 g_loss2: 15.44 w_loss: 4.75 s_loss: 8.32 kl_loss: 2.14 
errD0: 0.28 errD1: 0.21 errD2: 0.03 
g_loss0: 9.13 g_loss1: 14.22 g_loss2: 9.80 w_loss: 6.80 s_loss: 11.70 kl_loss: 1.99 
[145/150][272]
                  Loss_D: 1.73 Loss_G: 45.51 Time: 221.95s
errD0: 0.10 errD1: 0.02 errD2: 0.17 
g_loss0: 8.27 g_loss1: 11.41 g_loss2: 14.32 w_loss: 4.60 s_loss: 8.06 kl_loss: 2.00 
errD0: 1.41 errD1: 0.02 errD2: 0.01 
g_loss0: 0.64 g_loss1: 4.65 g_loss2: 12.04 w_loss: 4.20 s_loss: 7.24 kl_loss: 2.12 
[146/150][272]
                  Loss_D: 1.33 Loss_G: 43.87 Time: 221.18s
errD0: 0.63 errD1: 0.72 errD2: 0.10 
g_loss0: 12.44 g_loss1: 24.50 g_loss2: 13.12 w_loss: 4.16 s_loss: 8.32 kl_loss: 2.14 
errD0: 0.18 errD1: 0.02 errD2: 0.01 
g_loss0: 8.04 g_loss1: 15.15 g_loss2: 11.20 w_loss: 5.10 s_loss: 11.87 kl_loss: 2.03 
errD0: 0.03 errD1: 0.23 errD2: 0.35 
g_loss0: 9.52 g_loss1: 7.82 g_loss2: 7.62 w_loss: 5.33 s_loss: 8.38 kl_loss: 1.73 
[147/150][272]
                  Loss_D: 0.26 Loss_G: 49.30 Time: 221.53s
errD0: 0.07 errD1: 0.37 errD2: 0.01 
g_loss0: 12.94 g_loss1: 8.72 g_loss2: 12.45 w_loss: 5.96 s_loss: 9.62 kl_loss: 2.34 
errD0: 0.22 errD1: 0.07 errD2: 0.01 
g_loss0: 5.99 g_loss1: 9.75 g_loss2: 10.20 w_loss: 6.15 s_loss: 9.53 kl_loss: 2.41 
errD0: 0.36 errD1: 0.21 errD2: 0.40 
g_loss0: 4.09 g_loss1: 11.32 g_loss2: 29.75 w_loss: 5.55 s_loss: 8.87 kl_loss: 2.17 
[148/150][272]
                  Loss_D: 0.34 Loss_G: 42.67 Time: 222.44s
errD0: 0.13 errD1: 0.01 errD2: 0.00 
g_loss0: 9.95 g_loss1: 15.05 g_loss2: 10.80 w_loss: 5.03 s_loss: 8.58 kl_loss: 2.75 
errD0: 0.06 errD1: 0.02 errD2: 0.02 
g_loss0: 10.59 g_loss1: 14.71 g_loss2: 10.18 w_loss: 3.86 s_loss: 9.26 kl_loss: 2.24 
errD0: 0.19 errD1: 0.01 errD2: 0.44 
g_loss0: 10.33 g_loss1: 16.14 g_loss2: 4.27 w_loss: 4.29 s_loss: 8.69 kl_loss: 2.26 
[149/150][272]
                  Loss_D: 0.64 Loss_G: 45.98 Time: 221.41s
Save G/Ds models.
Total time for training: 33321.92875504494
