Using config:
{'B_VALIDATION': False,
 'CONFIG_NAME': 'attn2',
 'CUDA': True,
 'DATASET_NAME': 'faces',
 'DATA_DIR': '../data/face_image',
 'GAN': {'B_ATTENTION': True,
         'B_DCGAN': False,
         'CONDITION_DIM': 100,
         'DF_DIM': 64,
         'GF_DIM': 32,
         'R_NUM': 2,
         'Z_DIM': 100},
 'GPU_ID': 0,
 'RNN_TYPE': 'LSTM',
 'TEXT': {'CAPTIONS_PER_IMAGE': 4, 'EMBEDDING_DIM': 256, 'WORDS_NUM': 18},
 'TRAIN': {'BATCH_SIZE': 22,
           'B_NET_D': True,
           'DISCRIMINATOR_LR': 0.0001,
           'ENCODER_LR': 0.0002,
           'FLAG': True,
           'GENERATOR_LR': 0.0008,
           'MAX_EPOCH': 200,
           'NET_E': '../DAMSMencoders/face_image/text_encoder70.pth',
           'NET_G': '../models/netG_epoch_150.pth',
           'RNN_GRAD_CLIP': 0.25,
           'SMOOTH': {'GAMMA1': 4.0,
                      'GAMMA2': 5.0,
                      'GAMMA3': 10.0,
                      'LAMBDA': 5.0},
           'SNAPSHOT_INTERVAL': 10},
 'TREE': {'BASE_SIZE': 64, 'BRANCH_NUM': 3},
 'WORKERS': 4}
Load filenames from: ../data/face_image/train/filenames_all.pickle (6001)
Load filenames from: ../data/face_image/test/filenames_all.pickle (1000)
Load from:  ../data/face_image/captions.pickle
Load pretrained model from  https://download.pytorch.org/models/inception_v3_google-1a9a5a14.pth
Load image encoder from: ../DAMSMencoders/face_image/image_encoder70.pth
Load text encoder from: ../DAMSMencoders/face_image/text_encoder70.pth
# of netsD 3
Load G from:  ../models/netG_epoch_150.pth
Load D from:  ../models/netD0.pth
Load D from:  ../models/netD1.pth
Load D from:  ../models/netD2.pth
errD0: 0.57 errD1: 0.71 errD2: 0.02 
g_loss0: 9.68 g_loss1: 17.04 g_loss2: 15.34 w_loss: 8.51 s_loss: 11.39 kl_loss: 2.67 
errD0: 0.18 errD1: 0.04 errD2: 0.06 
g_loss0: 9.82 g_loss1: 9.21 g_loss2: 9.55 w_loss: 5.98 s_loss: 12.30 kl_loss: 2.57 
[151/200][272]
                  Loss_D: 1.16 Loss_G: 43.61 Time: 301.64s
errD0: 0.24 errD1: 0.54 errD2: 0.14 
g_loss0: 5.11 g_loss1: 5.04 g_loss2: 6.59 w_loss: 6.94 s_loss: 11.80 kl_loss: 2.91 
errD0: 0.98 errD1: 0.17 errD2: 0.06 
g_loss0: 3.50 g_loss1: 8.72 g_loss2: 9.97 w_loss: 7.19 s_loss: 10.60 kl_loss: 2.95 
errD0: 0.16 errD1: 0.22 errD2: 0.08 
g_loss0: 7.00 g_loss1: 4.13 g_loss2: 5.05 w_loss: 6.91 s_loss: 11.44 kl_loss: 2.96 
[152/200][272]
                  Loss_D: 1.43 Loss_G: 53.12 Time: 225.88s
errD0: 0.22 errD1: 0.21 errD2: 0.08 
g_loss0: 5.84 g_loss1: 5.39 g_loss2: 6.06 w_loss: 6.50 s_loss: 11.89 kl_loss: 2.87 
errD0: 0.11 errD1: 0.27 errD2: 0.08 
g_loss0: 6.46 g_loss1: 5.83 g_loss2: 6.70 w_loss: 7.18 s_loss: 11.85 kl_loss: 2.85 
errD0: 0.33 errD1: 0.22 errD2: 0.08 
g_loss0: 7.61 g_loss1: 16.95 g_loss2: 20.96 w_loss: 9.69 s_loss: 11.16 kl_loss: 2.82 
[153/200][272]
                  Loss_D: 1.90 Loss_G: 39.17 Time: 225.10s
errD0: 0.47 errD1: 0.15 errD2: 0.03 
g_loss0: 7.42 g_loss1: 10.13 g_loss2: 11.46 w_loss: 7.75 s_loss: 12.71 kl_loss: 2.54 
errD0: 0.36 errD1: 0.25 errD2: 0.23 
g_loss0: 6.17 g_loss1: 6.92 g_loss2: 10.16 w_loss: 10.09 s_loss: 12.99 kl_loss: 2.48 
[154/200][272]
                  Loss_D: 0.73 Loss_G: 44.57 Time: 224.89s
errD0: 0.16 errD1: 0.28 errD2: 0.03 
g_loss0: 5.14 g_loss1: 6.10 g_loss2: 9.74 w_loss: 5.08 s_loss: 10.04 kl_loss: 2.53 
errD0: 0.14 errD1: 0.16 errD2: 0.04 
g_loss0: 8.06 g_loss1: 10.84 g_loss2: 8.40 w_loss: 9.88 s_loss: 12.77 kl_loss: 2.70 
errD0: 0.25 errD1: 0.06 errD2: 0.01 
g_loss0: 5.86 g_loss1: 10.60 g_loss2: 11.75 w_loss: 9.35 s_loss: 13.34 kl_loss: 2.36 
[155/200][272]
                  Loss_D: 2.19 Loss_G: 59.24 Time: 226.86s
errD0: 0.22 errD1: 0.22 errD2: 0.00 
g_loss0: 4.14 g_loss1: 7.24 g_loss2: 13.87 w_loss: 10.24 s_loss: 13.24 kl_loss: 2.54 
errD0: 0.13 errD1: 0.26 errD2: 0.09 
g_loss0: 6.63 g_loss1: 4.89 g_loss2: 6.37 w_loss: 8.08 s_loss: 12.29 kl_loss: 2.38 
errD0: 0.24 errD1: 0.11 errD2: 0.03 
g_loss0: 5.71 g_loss1: 7.14 g_loss2: 7.87 w_loss: 12.08 s_loss: 15.36 kl_loss: 2.23 
[156/200][272]
                  Loss_D: 1.14 Loss_G: 49.33 Time: 226.21s
errD0: 0.37 errD1: 0.84 errD2: 0.40 
g_loss0: 12.22 g_loss1: 11.54 g_loss2: 12.99 w_loss: 10.02 s_loss: 10.99 kl_loss: 2.42 
errD0: 0.65 errD1: 0.14 errD2: 0.21 
g_loss0: 14.07 g_loss1: 12.74 g_loss2: 18.45 w_loss: 9.34 s_loss: 14.90 kl_loss: 2.12 
errD0: 0.23 errD1: 0.73 errD2: 0.19 
g_loss0: 5.51 g_loss1: 4.13 g_loss2: 8.36 w_loss: 7.11 s_loss: 10.63 kl_loss: 2.36 
[157/200][272]
                  Loss_D: 0.29 Loss_G: 47.64 Time: 225.43s
errD0: 0.48 errD1: 0.06 errD2: 0.01 
g_loss0: 9.05 g_loss1: 8.80 g_loss2: 11.49 w_loss: 9.69 s_loss: 13.01 kl_loss: 2.28 
errD0: 0.26 errD1: 0.36 errD2: 0.02 
g_loss0: 4.99 g_loss1: 7.98 g_loss2: 9.89 w_loss: 8.05 s_loss: 12.38 kl_loss: 2.15 
[158/200][272]
                  Loss_D: 0.55 Loss_G: 43.32 Time: 225.51s
errD0: 0.09 errD1: 0.12 errD2: 0.09 
g_loss0: 8.31 g_loss1: 18.66 g_loss2: 14.24 w_loss: 8.31 s_loss: 14.45 kl_loss: 2.20 
errD0: 0.34 errD1: 0.26 errD2: 0.05 
g_loss0: 4.12 g_loss1: 6.21 g_loss2: 7.86 w_loss: 6.74 s_loss: 9.70 kl_loss: 2.10 
errD0: 0.13 errD1: 0.04 errD2: 0.11 
g_loss0: 8.58 g_loss1: 8.14 g_loss2: 7.41 w_loss: 11.68 s_loss: 14.51 kl_loss: 1.88 
[159/200][272]
                  Loss_D: 3.28 Loss_G: 47.84 Time: 225.90s
errD0: 0.52 errD1: 0.84 errD2: 1.53 
g_loss0: 6.84 g_loss1: 9.52 g_loss2: 8.79 w_loss: 7.60 s_loss: 10.03 kl_loss: 2.04 
errD0: 0.52 errD1: 0.15 errD2: 0.08 
g_loss0: 5.97 g_loss1: 13.36 g_loss2: 8.55 w_loss: 7.54 s_loss: 11.99 kl_loss: 2.24 
errD0: 0.13 errD1: 0.06 errD2: 0.05 
g_loss0: 7.25 g_loss1: 6.33 g_loss2: 8.60 w_loss: 8.44 s_loss: 9.95 kl_loss: 2.13 
[160/200][272]
                  Loss_D: 0.44 Loss_G: 43.42 Time: 225.50s
Save G/Ds models.
errD0: 0.07 errD1: 0.02 errD2: 0.00 
g_loss0: 11.66 g_loss1: 12.38 g_loss2: 14.34 w_loss: 12.82 s_loss: 15.19 kl_loss: 1.88 
errD0: 0.20 errD1: 0.05 errD2: 0.30 
g_loss0: 5.01 g_loss1: 7.23 g_loss2: 7.17 w_loss: 7.48 s_loss: 11.00 kl_loss: 2.36 
[161/200][272]
                  Loss_D: 0.60 Loss_G: 40.57 Time: 224.99s
errD0: 0.12 errD1: 0.13 errD2: 0.14 
g_loss0: 6.98 g_loss1: 7.10 g_loss2: 6.63 w_loss: 8.56 s_loss: 10.80 kl_loss: 2.03 
errD0: 1.10 errD1: 0.36 errD2: 0.22 
g_loss0: 3.55 g_loss1: 5.51 g_loss2: 7.02 w_loss: 6.38 s_loss: 10.36 kl_loss: 1.98 
errD0: 0.75 errD1: 0.13 errD2: 0.06 
g_loss0: 24.44 g_loss1: 23.98 g_loss2: 25.13 w_loss: 8.52 s_loss: 12.42 kl_loss: 2.02 
[162/200][272]
                  Loss_D: 0.67 Loss_G: 40.49 Time: 224.47s
errD0: 0.25 errD1: 0.13 errD2: 0.49 
g_loss0: 8.78 g_loss1: 8.58 g_loss2: 7.43 w_loss: 6.65 s_loss: 11.38 kl_loss: 2.06 
errD0: 0.10 errD1: 0.04 errD2: 0.03 
g_loss0: 8.36 g_loss1: 7.97 g_loss2: 9.28 w_loss: 6.81 s_loss: 8.33 kl_loss: 2.07 
errD0: 0.33 errD1: 0.20 errD2: 0.14 
g_loss0: 6.99 g_loss1: 5.46 g_loss2: 6.42 w_loss: 7.86 s_loss: 11.90 kl_loss: 2.02 
[163/200][272]
                  Loss_D: 0.34 Loss_G: 52.03 Time: 224.85s
errD0: 0.19 errD1: 0.21 errD2: 0.06 
g_loss0: 6.14 g_loss1: 6.58 g_loss2: 7.14 w_loss: 6.17 s_loss: 9.53 kl_loss: 2.10 
errD0: 0.02 errD1: 0.13 errD2: 0.02 
g_loss0: 9.30 g_loss1: 5.84 g_loss2: 8.69 w_loss: 8.08 s_loss: 11.61 kl_loss: 2.01 
errD0: 0.12 errD1: 0.07 errD2: 0.13 
g_loss0: 8.13 g_loss1: 9.78 g_loss2: 11.19 w_loss: 9.06 s_loss: 11.87 kl_loss: 1.95 
[164/200][272]
                  Loss_D: 0.58 Loss_G: 38.21 Time: 225.91s
errD0: 0.24 errD1: 0.22 errD2: 0.36 
g_loss0: 5.99 g_loss1: 8.68 g_loss2: 9.79 w_loss: 9.40 s_loss: 10.56 kl_loss: 1.80 
errD0: 0.13 errD1: 0.06 errD2: 0.25 
g_loss0: 7.60 g_loss1: 10.51 g_loss2: 5.83 w_loss: 5.60 s_loss: 10.48 kl_loss: 1.94 
[165/200][272]
                  Loss_D: 0.25 Loss_G: 48.03 Time: 227.37s
errD0: 0.19 errD1: 0.03 errD2: 0.04 
g_loss0: 8.56 g_loss1: 9.03 g_loss2: 9.12 w_loss: 6.85 s_loss: 11.35 kl_loss: 1.97 
errD0: 0.21 errD1: 0.31 errD2: 0.31 
g_loss0: 6.08 g_loss1: 6.00 g_loss2: 8.17 w_loss: 7.35 s_loss: 10.31 kl_loss: 1.89 
errD0: 0.23 errD1: 0.15 errD2: 0.05 
g_loss0: 8.12 g_loss1: 8.36 g_loss2: 9.93 w_loss: 7.62 s_loss: 13.68 kl_loss: 2.16 
[166/200][272]
                  Loss_D: 0.15 Loss_G: 63.89 Time: 225.71s
errD0: 0.12 errD1: 0.05 errD2: 0.05 
g_loss0: 6.92 g_loss1: 7.55 g_loss2: 9.39 w_loss: 6.84 s_loss: 11.14 kl_loss: 1.91 
errD0: 0.04 errD1: 0.17 errD2: 0.00 
g_loss0: 9.77 g_loss1: 6.46 g_loss2: 11.45 w_loss: 8.09 s_loss: 10.62 kl_loss: 1.74 
errD0: 0.25 errD1: 0.14 errD2: 0.12 
g_loss0: 7.65 g_loss1: 8.56 g_loss2: 6.62 w_loss: 10.37 s_loss: 11.78 kl_loss: 1.70 
[167/200][272]
                  Loss_D: 0.39 Loss_G: 47.61 Time: 224.85s
errD0: 0.08 errD1: 0.06 errD2: 0.02 
g_loss0: 6.61 g_loss1: 6.12 g_loss2: 10.36 w_loss: 7.04 s_loss: 10.45 kl_loss: 1.74 
errD0: 0.49 errD1: 0.12 errD2: 0.07 
g_loss0: 5.68 g_loss1: 7.00 g_loss2: 18.46 w_loss: 8.08 s_loss: 12.95 kl_loss: 1.68 
[168/200][272]
                  Loss_D: 0.48 Loss_G: 54.46 Time: 224.58s
errD0: 0.14 errD1: 0.17 errD2: 0.37 
g_loss0: 6.47 g_loss1: 6.02 g_loss2: 6.67 w_loss: 6.73 s_loss: 10.52 kl_loss: 1.82 
errD0: 0.27 errD1: 0.12 errD2: 0.41 
g_loss0: 5.78 g_loss1: 8.52 g_loss2: 6.29 w_loss: 8.00 s_loss: 10.73 kl_loss: 1.84 
errD0: 0.23 errD1: 0.04 errD2: 0.01 
g_loss0: 8.76 g_loss1: 8.49 g_loss2: 11.45 w_loss: 7.54 s_loss: 8.81 kl_loss: 1.66 
[169/200][272]
                  Loss_D: 0.27 Loss_G: 42.02 Time: 225.50s
errD0: 0.05 errD1: 0.05 errD2: 0.15 
g_loss0: 8.20 g_loss1: 8.49 g_loss2: 8.02 w_loss: 7.04 s_loss: 9.28 kl_loss: 1.88 
errD0: 0.07 errD1: 0.05 errD2: 0.03 
g_loss0: 8.37 g_loss1: 8.92 g_loss2: 8.79 w_loss: 7.02 s_loss: 10.55 kl_loss: 1.78 
errD0: 0.31 errD1: 0.25 errD2: 0.30 
g_loss0: 10.68 g_loss1: 8.17 g_loss2: 16.12 w_loss: 6.91 s_loss: 10.61 kl_loss: 1.81 
[170/200][272]
                  Loss_D: 0.18 Loss_G: 48.71 Time: 225.39s
Save G/Ds models.
errD0: 0.03 errD1: 0.01 errD2: 0.02 
g_loss0: 14.89 g_loss1: 11.56 g_loss2: 18.29 w_loss: 11.86 s_loss: 13.71 kl_loss: 1.94 
errD0: 0.20 errD1: 0.10 errD2: 0.02 
g_loss0: 5.72 g_loss1: 7.17 g_loss2: 9.16 w_loss: 6.92 s_loss: 8.59 kl_loss: 1.90 
errD0: 0.24 errD1: 0.12 errD2: 0.01 
g_loss0: 7.58 g_loss1: 8.91 g_loss2: 11.14 w_loss: 9.77 s_loss: 12.33 kl_loss: 1.75 
[171/200][272]
                  Loss_D: 0.88 Loss_G: 47.48 Time: 225.60s
errD0: 0.71 errD1: 0.97 errD2: 0.11 
g_loss0: 4.48 g_loss1: 6.80 g_loss2: 12.68 w_loss: 7.53 s_loss: 10.83 kl_loss: 1.70 
errD0: 0.91 errD1: 0.04 errD2: 0.19 
g_loss0: 6.74 g_loss1: 11.81 g_loss2: 16.07 w_loss: 7.75 s_loss: 12.82 kl_loss: 1.62 
[172/200][272]
                  Loss_D: 0.41 Loss_G: 45.82 Time: 224.66s
errD0: 0.10 errD1: 0.05 errD2: 0.14 
g_loss0: 16.85 g_loss1: 17.91 g_loss2: 32.04 w_loss: 10.45 s_loss: 14.69 kl_loss: 2.16 
errD0: 0.07 errD1: 0.10 errD2: 0.08 
g_loss0: 8.27 g_loss1: 9.54 g_loss2: 11.14 w_loss: 5.63 s_loss: 8.51 kl_loss: 1.64 
errD0: 0.24 errD1: 0.12 errD2: 0.03 
g_loss0: 7.14 g_loss1: 6.70 g_loss2: 8.67 w_loss: 7.80 s_loss: 11.32 kl_loss: 1.82 
[173/200][272]
                  Loss_D: 0.19 Loss_G: 45.55 Time: 224.59s
errD0: 0.24 errD1: 0.13 errD2: 0.01 
g_loss0: 9.34 g_loss1: 6.83 g_loss2: 9.28 w_loss: 7.21 s_loss: 11.64 kl_loss: 1.64 
errD0: 0.14 errD1: 0.11 errD2: 0.04 
g_loss0: 6.11 g_loss1: 6.82 g_loss2: 9.63 w_loss: 8.82 s_loss: 12.11 kl_loss: 1.75 
errD0: 0.05 errD1: 0.13 errD2: 0.05 
g_loss0: 7.10 g_loss1: 6.94 g_loss2: 10.65 w_loss: 7.37 s_loss: 12.44 kl_loss: 1.70 
[174/200][272]
                  Loss_D: 0.45 Loss_G: 64.10 Time: 225.20s
errD0: 0.34 errD1: 0.08 errD2: 0.00 
g_loss0: 11.44 g_loss1: 7.70 g_loss2: 10.13 w_loss: 9.44 s_loss: 11.81 kl_loss: 1.79 
errD0: 0.14 errD1: 0.06 errD2: 0.04 
g_loss0: 5.25 g_loss1: 6.49 g_loss2: 7.74 w_loss: 5.91 s_loss: 8.58 kl_loss: 1.79 
errD0: 0.10 errD1: 0.03 errD2: 0.00 
g_loss0: 7.23 g_loss1: 11.49 g_loss2: 19.06 w_loss: 8.61 s_loss: 10.41 kl_loss: 1.69 
[175/200][272]
                  Loss_D: 0.14 Loss_G: 58.48 Time: 225.57s
errD0: 0.18 errD1: 0.04 errD2: 0.11 
g_loss0: 7.99 g_loss1: 16.93 g_loss2: 10.79 w_loss: 9.33 s_loss: 12.44 kl_loss: 1.61 
errD0: 0.06 errD1: 0.01 errD2: 0.03 
g_loss0: 6.64 g_loss1: 12.83 g_loss2: 7.36 w_loss: 8.93 s_loss: 11.78 kl_loss: 1.76 
[176/200][272]
                  Loss_D: 0.51 Loss_G: 41.76 Time: 225.38s
errD0: 0.06 errD1: 0.03 errD2: 0.02 
g_loss0: 8.34 g_loss1: 8.46 g_loss2: 16.56 w_loss: 9.40 s_loss: 14.65 kl_loss: 1.59 
errD0: 0.08 errD1: 0.39 errD2: 0.00 
g_loss0: 6.60 g_loss1: 7.77 g_loss2: 11.33 w_loss: 6.83 s_loss: 10.82 kl_loss: 1.66 
errD0: 0.24 errD1: 0.05 errD2: 0.02 
g_loss0: 7.11 g_loss1: 8.07 g_loss2: 10.28 w_loss: 8.64 s_loss: 12.06 kl_loss: 1.67 
[177/200][272]
                  Loss_D: 0.41 Loss_G: 78.83 Time: 224.55s
errD0: 0.10 errD1: 0.02 errD2: 0.00 
g_loss0: 27.68 g_loss1: 24.72 g_loss2: 20.68 w_loss: 7.86 s_loss: 12.26 kl_loss: 1.43 
errD0: 0.28 errD1: 0.71 errD2: 0.57 
g_loss0: 7.47 g_loss1: 8.44 g_loss2: 4.88 w_loss: 6.94 s_loss: 10.73 kl_loss: 1.70 
errD0: 0.15 errD1: 0.07 errD2: 0.03 
g_loss0: 6.31 g_loss1: 8.51 g_loss2: 13.19 w_loss: 6.77 s_loss: 10.08 kl_loss: 1.63 
[178/200][272]
                  Loss_D: 0.46 Loss_G: 43.76 Time: 225.26s
errD0: 0.18 errD1: 0.15 errD2: 0.05 
g_loss0: 6.49 g_loss1: 6.98 g_loss2: 8.69 w_loss: 7.47 s_loss: 9.70 kl_loss: 1.57 
errD0: 0.26 errD1: 0.77 errD2: 0.35 
g_loss0: 7.62 g_loss1: 5.23 g_loss2: 8.48 w_loss: 6.43 s_loss: 9.94 kl_loss: 1.49 
[179/200][272]
                  Loss_D: 0.17 Loss_G: 51.12 Time: 225.16s
errD0: 0.04 errD1: 0.03 errD2: 0.00 
g_loss0: 8.05 g_loss1: 11.64 g_loss2: 11.21 w_loss: 8.26 s_loss: 12.07 kl_loss: 1.60 
errD0: 0.13 errD1: 0.02 errD2: 0.05 
g_loss0: 5.87 g_loss1: 10.25 g_loss2: 8.75 w_loss: 7.55 s_loss: 11.04 kl_loss: 1.93 
errD0: 0.07 errD1: 0.02 errD2: 0.01 
g_loss0: 9.15 g_loss1: 10.49 g_loss2: 14.46 w_loss: 6.55 s_loss: 10.76 kl_loss: 1.74 
[180/200][272]
                  Loss_D: 0.14 Loss_G: 64.07 Time: 226.02s
Save G/Ds models.
errD0: 0.23 errD1: 0.10 errD2: 0.08 
g_loss0: 7.07 g_loss1: 9.16 g_loss2: 7.51 w_loss: 6.69 s_loss: 9.02 kl_loss: 1.92 
errD0: 0.15 errD1: 0.02 errD2: 0.01 
g_loss0: 8.31 g_loss1: 10.04 g_loss2: 14.46 w_loss: 7.87 s_loss: 10.56 kl_loss: 1.96 
errD0: 0.52 errD1: 0.71 errD2: 0.33 
g_loss0: 4.58 g_loss1: 5.56 g_loss2: 8.79 w_loss: 8.75 s_loss: 12.37 kl_loss: 1.92 
[181/200][272]
                  Loss_D: 0.18 Loss_G: 43.00 Time: 225.99s
errD0: 0.16 errD1: 0.08 errD2: 0.04 
g_loss0: 5.53 g_loss1: 10.48 g_loss2: 11.58 w_loss: 7.50 s_loss: 10.60 kl_loss: 1.58 
errD0: 0.08 errD1: 0.11 errD2: 0.00 
g_loss0: 11.40 g_loss1: 20.45 g_loss2: 32.09 w_loss: 9.16 s_loss: 11.07 kl_loss: 1.67 
errD0: 0.17 errD1: 0.30 errD2: 0.05 
g_loss0: 5.62 g_loss1: 6.54 g_loss2: 8.12 w_loss: 5.92 s_loss: 9.26 kl_loss: 1.81 
[182/200][272]
                  Loss_D: 0.18 Loss_G: 62.96 Time: 225.52s
errD0: 0.08 errD1: 0.25 errD2: 0.19 
g_loss0: 7.62 g_loss1: 6.36 g_loss2: 8.31 w_loss: 7.57 s_loss: 10.19 kl_loss: 1.70 
errD0: 0.30 errD1: 0.05 errD2: 0.04 
g_loss0: 13.81 g_loss1: 19.36 g_loss2: 32.34 w_loss: 12.19 s_loss: 14.62 kl_loss: 2.26 
[183/200][272]
                  Loss_D: 0.08 Loss_G: 50.38 Time: 224.55s
errD0: 0.18 errD1: 0.09 errD2: 0.11 
g_loss0: 6.00 g_loss1: 10.14 g_loss2: 9.02 w_loss: 8.12 s_loss: 9.28 kl_loss: 1.82 
errD0: 0.11 errD1: 0.07 errD2: 0.20 
g_loss0: 8.95 g_loss1: 16.07 g_loss2: 12.45 w_loss: 6.93 s_loss: 9.92 kl_loss: 1.68 
errD0: 0.07 errD1: 0.07 errD2: 0.03 
g_loss0: 7.99 g_loss1: 8.48 g_loss2: 12.98 w_loss: 8.19 s_loss: 8.91 kl_loss: 1.54 
[184/200][272]
                  Loss_D: 0.18 Loss_G: 44.82 Time: 225.38s
errD0: 0.13 errD1: 0.01 errD2: 0.02 
g_loss0: 7.59 g_loss1: 12.81 g_loss2: 13.55 w_loss: 6.52 s_loss: 9.72 kl_loss: 1.93 
errD0: 0.23 errD1: 0.34 errD2: 0.08 
g_loss0: 5.73 g_loss1: 8.18 g_loss2: 7.38 w_loss: 7.45 s_loss: 10.71 kl_loss: 1.70 
errD0: 0.12 errD1: 0.03 errD2: 0.00 
g_loss0: 6.27 g_loss1: 8.75 g_loss2: 11.25 w_loss: 5.81 s_loss: 11.55 kl_loss: 1.78 
[185/200][272]
                  Loss_D: 0.25 Loss_G: 46.26 Time: 226.93s
errD0: 0.07 errD1: 0.16 errD2: 0.04 
g_loss0: 8.18 g_loss1: 7.87 g_loss2: 12.10 w_loss: 6.96 s_loss: 9.24 kl_loss: 1.76 
errD0: 0.31 errD1: 0.01 errD2: 0.01 
g_loss0: 7.28 g_loss1: 11.99 g_loss2: 10.16 w_loss: 6.37 s_loss: 11.08 kl_loss: 1.58 
[186/200][272]
                  Loss_D: 0.84 Loss_G: 43.79 Time: 226.90s
errD0: 0.33 errD1: 0.31 errD2: 0.05 
g_loss0: 7.10 g_loss1: 5.43 g_loss2: 8.34 w_loss: 7.21 s_loss: 10.63 kl_loss: 1.80 
errD0: 0.08 errD1: 0.15 errD2: 0.06 
g_loss0: 10.50 g_loss1: 6.82 g_loss2: 9.66 w_loss: 6.60 s_loss: 11.25 kl_loss: 1.82 
errD0: 0.21 errD1: 0.06 errD2: 0.01 
g_loss0: 7.62 g_loss1: 5.92 g_loss2: 19.55 w_loss: 9.94 s_loss: 11.65 kl_loss: 1.65 
[187/200][272]
                  Loss_D: 0.12 Loss_G: 66.34 Time: 227.59s
errD0: 0.09 errD1: 0.08 errD2: 0.28 
g_loss0: 6.88 g_loss1: 7.82 g_loss2: 7.33 w_loss: 4.74 s_loss: 8.99 kl_loss: 1.90 
errD0: 0.70 errD1: 0.06 errD2: 0.01 
g_loss0: 6.98 g_loss1: 8.41 g_loss2: 15.47 w_loss: 7.02 s_loss: 10.40 kl_loss: 1.42 
errD0: 0.16 errD1: 2.05 errD2: 0.46 
g_loss0: 7.82 g_loss1: 7.56 g_loss2: 12.32 w_loss: 7.98 s_loss: 10.32 kl_loss: 1.65 
[188/200][272]
                  Loss_D: 0.04 Loss_G: 62.87 Time: 226.58s
errD0: 0.11 errD1: 0.23 errD2: 0.00 
g_loss0: 7.18 g_loss1: 5.98 g_loss2: 17.23 w_loss: 6.12 s_loss: 7.95 kl_loss: 1.74 
errD0: 0.13 errD1: 0.06 errD2: 0.02 
g_loss0: 8.42 g_loss1: 6.69 g_loss2: 16.87 w_loss: 7.62 s_loss: 9.58 kl_loss: 1.57 
errD0: 0.17 errD1: 0.15 errD2: 0.11 
g_loss0: 5.46 g_loss1: 7.75 g_loss2: 7.68 w_loss: 6.25 s_loss: 8.85 kl_loss: 1.76 
[189/200][272]
                  Loss_D: 0.60 Loss_G: 42.36 Time: 226.47s
errD0: 0.09 errD1: 0.21 errD2: 0.19 
g_loss0: 6.53 g_loss1: 8.11 g_loss2: 7.86 w_loss: 7.95 s_loss: 10.38 kl_loss: 1.79 
errD0: 0.19 errD1: 0.12 errD2: 0.11 
g_loss0: 6.05 g_loss1: 8.11 g_loss2: 9.43 w_loss: 8.78 s_loss: 10.75 kl_loss: 1.87 
[190/200][272]
                  Loss_D: 0.11 Loss_G: 58.90 Time: 226.10s
Save G/Ds models.
errD0: 0.26 errD1: 0.03 errD2: 0.00 
g_loss0: 11.43 g_loss1: 8.53 g_loss2: 12.00 w_loss: 6.94 s_loss: 8.92 kl_loss: 1.54 
errD0: 0.28 errD1: 0.05 errD2: 0.08 
g_loss0: 6.95 g_loss1: 9.42 g_loss2: 12.10 w_loss: 8.59 s_loss: 11.33 kl_loss: 1.74 
errD0: 0.04 errD1: 0.04 errD2: 0.00 
g_loss0: 14.57 g_loss1: 13.92 g_loss2: 16.31 w_loss: 8.47 s_loss: 9.68 kl_loss: 1.46 
[191/200][272]
                  Loss_D: 0.17 Loss_G: 50.90 Time: 226.03s
errD0: 0.26 errD1: 0.53 errD2: 0.08 
g_loss0: 6.62 g_loss1: 8.61 g_loss2: 6.95 w_loss: 8.28 s_loss: 10.92 kl_loss: 1.81 
errD0: 0.06 errD1: 0.01 errD2: 0.12 
g_loss0: 10.61 g_loss1: 12.62 g_loss2: 13.53 w_loss: 6.27 s_loss: 10.29 kl_loss: 1.62 
errD0: 0.03 errD1: 0.09 errD2: 0.05 
g_loss0: 9.09 g_loss1: 7.24 g_loss2: 7.85 w_loss: 6.29 s_loss: 8.52 kl_loss: 1.62 
[192/200][272]
                  Loss_D: 0.20 Loss_G: 40.66 Time: 227.20s
errD0: 0.09 errD1: 0.02 errD2: 0.04 
g_loss0: 8.70 g_loss1: 16.97 g_loss2: 15.66 w_loss: 9.92 s_loss: 13.17 kl_loss: 1.45 
errD0: 0.20 errD1: 0.20 errD2: 0.11 
g_loss0: 5.90 g_loss1: 6.48 g_loss2: 7.53 w_loss: 7.35 s_loss: 9.63 kl_loss: 1.72 
[193/200][272]
                  Loss_D: 0.10 Loss_G: 57.58 Time: 228.09s
errD0: 0.12 errD1: 0.65 errD2: 0.38 
g_loss0: 6.24 g_loss1: 7.12 g_loss2: 6.41 w_loss: 7.32 s_loss: 9.71 kl_loss: 1.76 
errD0: 0.76 errD1: 0.02 errD2: 0.10 
g_loss0: 8.69 g_loss1: 12.37 g_loss2: 11.65 w_loss: 8.90 s_loss: 12.40 kl_loss: 1.80 
errD0: 0.13 errD1: 0.18 errD2: 0.05 
g_loss0: 7.66 g_loss1: 6.80 g_loss2: 7.52 w_loss: 9.32 s_loss: 9.72 kl_loss: 1.56 
[194/200][272]
                  Loss_D: 0.10 Loss_G: 60.05 Time: 227.63s
errD0: 0.08 errD1: 0.04 errD2: 0.00 
g_loss0: 8.63 g_loss1: 10.20 g_loss2: 13.16 w_loss: 5.46 s_loss: 8.03 kl_loss: 1.80 
errD0: 0.08 errD1: 0.07 errD2: 0.19 
g_loss0: 11.69 g_loss1: 19.13 g_loss2: 13.10 w_loss: 6.43 s_loss: 10.79 kl_loss: 1.56 
errD0: 0.15 errD1: 0.04 errD2: 0.17 
g_loss0: 6.61 g_loss1: 7.74 g_loss2: 5.62 w_loss: 5.92 s_loss: 10.27 kl_loss: 1.80 
[195/200][272]
                  Loss_D: 0.09 Loss_G: 45.02 Time: 226.41s
errD0: 0.18 errD1: 0.06 errD2: 0.08 
g_loss0: 6.54 g_loss1: 10.77 g_loss2: 9.84 w_loss: 6.77 s_loss: 10.36 kl_loss: 1.72 
errD0: 0.06 errD1: 0.39 errD2: 0.00 
g_loss0: 13.11 g_loss1: 7.96 g_loss2: 17.04 w_loss: 7.65 s_loss: 9.88 kl_loss: 1.58 
errD0: 0.01 errD1: 0.02 errD2: 0.12 
g_loss0: 10.59 g_loss1: 10.46 g_loss2: 8.09 w_loss: 8.78 s_loss: 10.71 kl_loss: 1.58 
[196/200][272]
                  Loss_D: 1.12 Loss_G: 59.95 Time: 226.47s
errD0: 0.20 errD1: 0.07 errD2: 0.00 
g_loss0: 11.59 g_loss1: 9.18 g_loss2: 12.42 w_loss: 8.46 s_loss: 10.76 kl_loss: 1.52 
errD0: 0.03 errD1: 0.03 errD2: 0.01 
g_loss0: 13.20 g_loss1: 9.62 g_loss2: 10.50 w_loss: 4.88 s_loss: 6.97 kl_loss: 1.66 
[197/200][272]
                  Loss_D: 0.05 Loss_G: 58.95 Time: 226.68s
errD0: 0.09 errD1: 0.01 errD2: 0.00 
g_loss0: 10.26 g_loss1: 11.47 g_loss2: 17.12 w_loss: 5.60 s_loss: 11.39 kl_loss: 1.50 
errD0: 0.13 errD1: 0.03 errD2: 0.03 
g_loss0: 16.30 g_loss1: 10.78 g_loss2: 17.97 w_loss: 10.39 s_loss: 12.60 kl_loss: 1.61 
errD0: 0.27 errD1: 0.03 errD2: 0.01 
g_loss0: 8.39 g_loss1: 9.50 g_loss2: 10.94 w_loss: 9.09 s_loss: 10.63 kl_loss: 1.45 
[198/200][272]
                  Loss_D: 0.74 Loss_G: 41.81 Time: 226.72s
errD0: 0.02 errD1: 0.11 errD2: 0.12 
g_loss0: 15.01 g_loss1: 20.82 g_loss2: 14.24 w_loss: 8.38 s_loss: 10.24 kl_loss: 1.93 
errD0: 0.13 errD1: 0.02 errD2: 0.18 
g_loss0: 11.01 g_loss1: 11.38 g_loss2: 18.40 w_loss: 6.75 s_loss: 10.50 kl_loss: 1.50 
errD0: 0.24 errD1: 0.04 errD2: 0.01 
g_loss0: 5.22 g_loss1: 12.26 g_loss2: 20.72 w_loss: 9.81 s_loss: 12.79 kl_loss: 1.93 
[199/200][272]
                  Loss_D: 0.49 Loss_G: 49.75 Time: 226.77s
Save G/Ds models.
Total time for training: 11185.44849896431
