Using config:
{'B_VALIDATION': False,
 'CONFIG_NAME': 'attn2',
 'CUDA': True,
 'DATASET_NAME': 'faces',
 'DATA_DIR': '../data/face_image',
 'GAN': {'B_ATTENTION': True,
         'B_DCGAN': False,
         'CONDITION_DIM': 100,
         'DF_DIM': 64,
         'GF_DIM': 32,
         'R_NUM': 2,
         'Z_DIM': 100},
 'GPU_ID': 0,
 'RNN_TYPE': 'LSTM',
 'TEXT': {'CAPTIONS_PER_IMAGE': 4, 'EMBEDDING_DIM': 256, 'WORDS_NUM': 18},
 'TRAIN': {'BATCH_SIZE': 22,
           'B_NET_D': True,
           'DISCRIMINATOR_LR': 0.001,
           'ENCODER_LR': 0.0002,
           'FLAG': True,
           'GENERATOR_LR': 0.001,
           'MAX_EPOCH': 100,
           'NET_E': '../DAMSMencoders/face_image/text_encoder70.pth',
           'NET_G': '',
           'RNN_GRAD_CLIP': 0.25,
           'SMOOTH': {'GAMMA1': 4.0,
                      'GAMMA2': 5.0,
                      'GAMMA3': 10.0,
                      'LAMBDA': 5.0},
           'SNAPSHOT_INTERVAL': 10},
 'TREE': {'BASE_SIZE': 64, 'BRANCH_NUM': 3},
 'WORKERS': 4}
Load filenames from: ../data/face_image/train/filenames_all.pickle (6001)
Load filenames from: ../data/face_image/test/filenames_all.pickle (1000)
Load from:  ../data/face_image/captions.pickle
Load pretrained model from  https://download.pytorch.org/models/inception_v3_google-1a9a5a14.pth
Load image encoder from: ../DAMSMencoders/face_image/image_encoder70.pth
Load text encoder from: ../DAMSMencoders/face_image/text_encoder70.pth
# of netsD 3
errD0: 0.77 errD1: 1.18 errD2: 0.74 
g_loss0: 4.72 g_loss1: 3.03 g_loss2: 7.43 w_loss: 32.37 s_loss: 33.71 kl_loss: 0.01 
errD0: 0.75 errD1: 0.98 errD2: 1.85 
g_loss0: 7.47 g_loss1: 5.64 g_loss2: 10.39 w_loss: 23.16 s_loss: 28.63 kl_loss: 0.02 
[0/100][272]
                  Loss_D: 3.54 Loss_G: 68.87 Time: 239.17s
Save G/Ds models.
errD0: 0.47 errD1: 1.12 errD2: 1.17 
g_loss0: 7.16 g_loss1: 5.04 g_loss2: 2.37 w_loss: 19.11 s_loss: 27.94 kl_loss: 0.03 
errD0: 0.66 errD1: 1.19 errD2: 0.77 
g_loss0: 10.18 g_loss1: 6.12 g_loss2: 4.05 w_loss: 18.06 s_loss: 24.39 kl_loss: 0.04 
errD0: 0.38 errD1: 0.60 errD2: 1.33 
g_loss0: 5.70 g_loss1: 9.35 g_loss2: 4.19 w_loss: 18.94 s_loss: 24.24 kl_loss: 0.06 
[1/100][272]
                  Loss_D: 2.48 Loss_G: 66.19 Time: 221.54s
errD0: 0.30 errD1: 1.13 errD2: 1.51 
g_loss0: 11.58 g_loss1: 6.77 g_loss2: 1.05 w_loss: 21.32 s_loss: 23.80 kl_loss: 0.10 
errD0: 0.48 errD1: 0.58 errD2: 0.90 
g_loss0: 11.59 g_loss1: 4.66 g_loss2: 5.58 w_loss: 15.09 s_loss: 20.09 kl_loss: 0.10 
errD0: 0.61 errD1: 0.53 errD2: 0.71 
g_loss0: 11.55 g_loss1: 13.30 g_loss2: 8.88 w_loss: 11.30 s_loss: 22.56 kl_loss: 0.14 
[2/100][272]
                  Loss_D: 3.10 Loss_G: 47.70 Time: 222.31s
errD0: 0.74 errD1: 0.65 errD2: 0.75 
g_loss0: 13.05 g_loss1: 7.55 g_loss2: 6.58 w_loss: 11.97 s_loss: 17.88 kl_loss: 0.15 
errD0: 1.99 errD1: 0.49 errD2: 1.74 
g_loss0: 8.62 g_loss1: 10.35 g_loss2: 6.53 w_loss: 14.86 s_loss: 19.13 kl_loss: 0.21 
[3/100][272]
                  Loss_D: 3.49 Loss_G: 60.10 Time: 222.09s
errD0: 0.51 errD1: 0.53 errD2: 0.68 
g_loss0: 11.26 g_loss1: 16.61 g_loss2: 5.05 w_loss: 10.88 s_loss: 16.53 kl_loss: 0.32 
errD0: 0.50 errD1: 0.80 errD2: 1.26 
g_loss0: 7.93 g_loss1: 14.47 g_loss2: 5.07 w_loss: 9.90 s_loss: 16.66 kl_loss: 0.27 
errD0: 0.85 errD1: 1.15 errD2: 0.94 
g_loss0: 9.28 g_loss1: 21.63 g_loss2: 2.30 w_loss: 12.93 s_loss: 18.01 kl_loss: 0.45 
[4/100][272]
                  Loss_D: 1.75 Loss_G: 45.42 Time: 222.29s
errD0: 0.70 errD1: 0.47 errD2: 1.01 
g_loss0: 7.52 g_loss1: 10.02 g_loss2: 8.14 w_loss: 13.56 s_loss: 18.08 kl_loss: 0.33 
errD0: 0.53 errD1: 0.39 errD2: 0.81 
g_loss0: 6.35 g_loss1: 11.62 g_loss2: 5.06 w_loss: 8.85 s_loss: 14.82 kl_loss: 0.43 
errD0: 0.86 errD1: 0.26 errD2: 1.70 
g_loss0: 18.39 g_loss1: 15.36 g_loss2: 0.44 w_loss: 9.40 s_loss: 14.74 kl_loss: 0.45 
[5/100][272]
                  Loss_D: 1.11 Loss_G: 67.45 Time: 221.98s
errD0: 0.51 errD1: 2.03 errD2: 1.62 
g_loss0: 9.20 g_loss1: 1.70 g_loss2: 0.74 w_loss: 14.13 s_loss: 18.53 kl_loss: 0.51 
errD0: 0.10 errD1: 0.70 errD2: 0.94 
g_loss0: 16.91 g_loss1: 18.76 g_loss2: 3.94 w_loss: 11.10 s_loss: 16.97 kl_loss: 0.45 
errD0: 1.03 errD1: 1.38 errD2: 1.36 
g_loss0: 21.43 g_loss1: 22.16 g_loss2: 12.07 w_loss: 11.02 s_loss: 17.18 kl_loss: 0.42 
[6/100][272]
                  Loss_D: 2.07 Loss_G: 65.40 Time: 222.34s
errD0: 0.29 errD1: 0.16 errD2: 1.12 
g_loss0: 7.23 g_loss1: 8.00 g_loss2: 14.59 w_loss: 11.79 s_loss: 20.35 kl_loss: 0.49 
errD0: 0.29 errD1: 0.25 errD2: 0.62 
g_loss0: 7.35 g_loss1: 8.14 g_loss2: 7.11 w_loss: 10.57 s_loss: 14.71 kl_loss: 0.57 
[7/100][272]
                  Loss_D: 1.77 Loss_G: 46.01 Time: 221.83s
errD0: 0.48 errD1: 0.59 errD2: 1.30 
g_loss0: 8.37 g_loss1: 6.45 g_loss2: 9.05 w_loss: 9.25 s_loss: 14.95 kl_loss: 0.51 
errD0: 0.63 errD1: 1.09 errD2: 0.66 
g_loss0: 16.61 g_loss1: 9.13 g_loss2: 8.83 w_loss: 7.55 s_loss: 14.41 kl_loss: 0.55 
errD0: 0.43 errD1: 0.58 errD2: 0.55 
g_loss0: 8.88 g_loss1: 2.37 g_loss2: 13.01 w_loss: 8.95 s_loss: 15.32 kl_loss: 0.52 
[8/100][272]
                  Loss_D: 0.99 Loss_G: 54.60 Time: 222.42s
errD0: 1.04 errD1: 0.32 errD2: 0.59 
g_loss0: 7.88 g_loss1: 10.09 g_loss2: 6.97 w_loss: 9.28 s_loss: 12.15 kl_loss: 0.54 
errD0: 0.42 errD1: 0.12 errD2: 0.57 
g_loss0: 12.79 g_loss1: 13.64 g_loss2: 8.91 w_loss: 11.28 s_loss: 14.87 kl_loss: 0.64 
errD0: 0.12 errD1: 0.08 errD2: 0.21 
g_loss0: 14.30 g_loss1: 11.99 g_loss2: 9.16 w_loss: 7.63 s_loss: 11.48 kl_loss: 0.59 
[9/100][272]
                  Loss_D: 1.34 Loss_G: 58.09 Time: 222.04s
errD0: 0.33 errD1: 0.24 errD2: 1.56 
g_loss0: 11.43 g_loss1: 9.02 g_loss2: 9.84 w_loss: 10.78 s_loss: 13.04 kl_loss: 0.60 
errD0: 0.82 errD1: 0.39 errD2: 0.33 
g_loss0: 5.22 g_loss1: 3.72 g_loss2: 18.06 w_loss: 10.15 s_loss: 15.21 kl_loss: 0.76 
[10/100][272]
                  Loss_D: 2.10 Loss_G: 38.37 Time: 222.16s
Save G/Ds models.
errD0: 0.27 errD1: 0.08 errD2: 0.23 
g_loss0: 14.03 g_loss1: 14.38 g_loss2: 10.22 w_loss: 9.98 s_loss: 15.19 kl_loss: 0.63 
errD0: 0.25 errD1: 0.84 errD2: 0.33 
g_loss0: 18.95 g_loss1: 14.40 g_loss2: 9.88 w_loss: 9.49 s_loss: 14.04 kl_loss: 0.75 
errD0: 0.20 errD1: 1.24 errD2: 0.64 
g_loss0: 17.11 g_loss1: 1.72 g_loss2: 0.97 w_loss: 8.51 s_loss: 13.57 kl_loss: 0.67 
[11/100][272]
                  Loss_D: 1.20 Loss_G: 51.80 Time: 221.33s
errD0: 0.10 errD1: 0.66 errD2: 0.15 
g_loss0: 12.02 g_loss1: 13.88 g_loss2: 7.55 w_loss: 7.19 s_loss: 11.30 kl_loss: 0.70 
errD0: 0.15 errD1: 0.33 errD2: 0.35 
g_loss0: 7.91 g_loss1: 16.00 g_loss2: 8.92 w_loss: 10.98 s_loss: 14.62 kl_loss: 0.71 
errD0: 0.16 errD1: 0.21 errD2: 0.09 
g_loss0: 11.94 g_loss1: 8.70 g_loss2: 10.01 w_loss: 6.39 s_loss: 12.14 kl_loss: 0.89 
[12/100][272]
                  Loss_D: 1.20 Loss_G: 59.81 Time: 221.69s
errD0: 0.30 errD1: 0.05 errD2: 0.31 
g_loss0: 15.52 g_loss1: 11.49 g_loss2: 12.16 w_loss: 7.50 s_loss: 11.77 kl_loss: 0.85 
errD0: 0.46 errD1: 1.24 errD2: 2.60 
g_loss0: 13.25 g_loss1: 15.97 g_loss2: 6.81 w_loss: 9.67 s_loss: 13.05 kl_loss: 0.88 
errD0: 0.34 errD1: 0.14 errD2: 0.51 
g_loss0: 9.92 g_loss1: 12.23 g_loss2: 10.09 w_loss: 6.59 s_loss: 11.14 kl_loss: 0.78 
[13/100][272]
                  Loss_D: 0.60 Loss_G: 53.31 Time: 221.44s
errD0: 0.17 errD1: 0.58 errD2: 0.31 
g_loss0: 13.05 g_loss1: 8.20 g_loss2: 16.12 w_loss: 6.33 s_loss: 10.27 kl_loss: 0.90 
errD0: 0.07 errD1: 0.03 errD2: 0.22 
g_loss0: 9.79 g_loss1: 9.32 g_loss2: 8.82 w_loss: 10.15 s_loss: 10.45 kl_loss: 0.88 
[14/100][272]
                  Loss_D: 1.71 Loss_G: 69.08 Time: 222.40s
errD0: 0.24 errD1: 0.05 errD2: 2.18 
g_loss0: 9.51 g_loss1: 12.64 g_loss2: 6.29 w_loss: 8.43 s_loss: 13.71 kl_loss: 0.82 
errD0: 0.08 errD1: 0.28 errD2: 0.23 
g_loss0: 10.23 g_loss1: 10.71 g_loss2: 9.26 w_loss: 7.08 s_loss: 10.63 kl_loss: 0.92 
errD0: 0.41 errD1: 0.07 errD2: 0.23 
g_loss0: 8.31 g_loss1: 10.99 g_loss2: 9.59 w_loss: 8.73 s_loss: 15.04 kl_loss: 0.90 
[15/100][272]
                  Loss_D: 0.75 Loss_G: 60.04 Time: 222.90s
errD0: 0.13 errD1: 0.15 errD2: 0.07 
g_loss0: 11.37 g_loss1: 13.66 g_loss2: 11.83 w_loss: 5.63 s_loss: 11.87 kl_loss: 1.05 
errD0: 0.47 errD1: 0.15 errD2: 0.13 
g_loss0: 8.02 g_loss1: 6.72 g_loss2: 13.16 w_loss: 6.90 s_loss: 11.68 kl_loss: 1.09 
errD0: 0.25 errD1: 0.12 errD2: 0.55 
g_loss0: 15.94 g_loss1: 19.18 g_loss2: 10.98 w_loss: 9.12 s_loss: 12.64 kl_loss: 0.94 
[16/100][272]
                  Loss_D: 0.66 Loss_G: 43.85 Time: 222.62s
errD0: 1.73 errD1: 0.13 errD2: 0.61 
g_loss0: 23.81 g_loss1: 11.45 g_loss2: 10.97 w_loss: 6.06 s_loss: 12.14 kl_loss: 1.06 
errD0: 0.33 errD1: 0.04 errD2: 0.94 
g_loss0: 12.54 g_loss1: 11.80 g_loss2: 6.55 w_loss: 8.08 s_loss: 12.53 kl_loss: 0.98 
[17/100][272]
                  Loss_D: 0.56 Loss_G: 51.46 Time: 222.64s
errD0: 0.41 errD1: 0.21 errD2: 0.11 
g_loss0: 7.67 g_loss1: 9.05 g_loss2: 12.76 w_loss: 7.01 s_loss: 12.30 kl_loss: 1.22 
errD0: 0.36 errD1: 0.05 errD2: 0.06 
g_loss0: 11.77 g_loss1: 10.59 g_loss2: 8.88 w_loss: 9.74 s_loss: 13.33 kl_loss: 1.06 
errD0: 0.88 errD1: 0.32 errD2: 0.80 
g_loss0: 4.14 g_loss1: 20.36 g_loss2: 7.35 w_loss: 8.51 s_loss: 13.27 kl_loss: 1.19 
[18/100][272]
                  Loss_D: 0.58 Loss_G: 48.37 Time: 222.60s
errD0: 0.45 errD1: 0.05 errD2: 0.05 
g_loss0: 7.58 g_loss1: 14.28 g_loss2: 17.54 w_loss: 5.48 s_loss: 8.52 kl_loss: 1.15 
errD0: 1.57 errD1: 0.16 errD2: 0.17 
g_loss0: 11.83 g_loss1: 11.81 g_loss2: 5.66 w_loss: 7.35 s_loss: 10.00 kl_loss: 1.24 
errD0: 0.69 errD1: 0.40 errD2: 0.12 
g_loss0: 14.70 g_loss1: 14.32 g_loss2: 9.59 w_loss: 6.45 s_loss: 11.22 kl_loss: 1.54 
[19/100][272]
                  Loss_D: 0.47 Loss_G: 61.30 Time: 222.62s
errD0: 0.06 errD1: 0.02 errD2: 0.29 
g_loss0: 11.69 g_loss1: 14.15 g_loss2: 10.30 w_loss: 6.99 s_loss: 10.00 kl_loss: 1.24 
errD0: 0.19 errD1: 0.29 errD2: 1.17 
g_loss0: 9.43 g_loss1: 8.37 g_loss2: 3.62 w_loss: 7.48 s_loss: 12.70 kl_loss: 1.17 
errD0: 0.11 errD1: 0.14 errD2: 0.01 
g_loss0: 14.16 g_loss1: 11.76 g_loss2: 11.11 w_loss: 5.73 s_loss: 11.20 kl_loss: 1.42 
[20/100][272]
                  Loss_D: 1.12 Loss_G: 45.50 Time: 221.87s
Save G/Ds models.
errD0: 0.31 errD1: 0.30 errD2: 0.01 
g_loss0: 15.95 g_loss1: 25.72 g_loss2: 13.82 w_loss: 5.47 s_loss: 9.04 kl_loss: 1.21 
errD0: 0.27 errD1: 0.39 errD2: 0.65 
g_loss0: 9.66 g_loss1: 14.30 g_loss2: 10.23 w_loss: 7.00 s_loss: 11.40 kl_loss: 1.30 
[21/100][272]
                  Loss_D: 0.89 Loss_G: 55.88 Time: 222.05s
errD0: 0.10 errD1: 0.03 errD2: 0.26 
g_loss0: 13.94 g_loss1: 17.18 g_loss2: 14.22 w_loss: 6.36 s_loss: 10.72 kl_loss: 1.37 
errD0: 0.51 errD1: 2.41 errD2: 0.09 
g_loss0: 15.10 g_loss1: 12.54 g_loss2: 9.78 w_loss: 5.08 s_loss: 9.64 kl_loss: 1.29 
errD0: 0.93 errD1: 0.59 errD2: 0.04 
g_loss0: 20.93 g_loss1: 17.54 g_loss2: 10.67 w_loss: 6.72 s_loss: 11.16 kl_loss: 1.38 
[22/100][272]
                  Loss_D: 0.75 Loss_G: 48.03 Time: 223.14s
errD0: 1.53 errD1: 0.26 errD2: 0.27 
g_loss0: 2.71 g_loss1: 10.99 g_loss2: 5.90 w_loss: 5.67 s_loss: 11.31 kl_loss: 1.48 
errD0: 0.17 errD1: 0.19 errD2: 0.37 
g_loss0: 11.95 g_loss1: 10.57 g_loss2: 15.19 w_loss: 8.24 s_loss: 12.65 kl_loss: 1.27 
errD0: 1.45 errD1: 0.60 errD2: 0.39 
g_loss0: 20.34 g_loss1: 8.03 g_loss2: 13.41 w_loss: 5.04 s_loss: 7.51 kl_loss: 1.71 
[23/100][272]
                  Loss_D: 1.63 Loss_G: 54.82 Time: 223.45s
errD0: 0.17 errD1: 0.08 errD2: 0.90 
g_loss0: 10.15 g_loss1: 15.68 g_loss2: 4.18 w_loss: 7.76 s_loss: 11.60 kl_loss: 1.26 
errD0: 0.31 errD1: 0.09 errD2: 0.24 
g_loss0: 11.87 g_loss1: 11.31 g_loss2: 19.75 w_loss: 5.51 s_loss: 9.42 kl_loss: 1.28 
errD0: 0.15 errD1: 1.37 errD2: 1.15 
g_loss0: 16.12 g_loss1: 4.45 g_loss2: 5.72 w_loss: 7.96 s_loss: 12.49 kl_loss: 1.40 
[24/100][272]
                  Loss_D: 2.67 Loss_G: 48.14 Time: 223.28s
errD0: 0.64 errD1: 0.28 errD2: 0.19 
g_loss0: 12.72 g_loss1: 12.46 g_loss2: 14.20 w_loss: 4.77 s_loss: 9.35 kl_loss: 1.70 
errD0: 0.10 errD1: 0.13 errD2: 0.89 
g_loss0: 10.54 g_loss1: 11.41 g_loss2: 17.60 w_loss: 7.02 s_loss: 11.82 kl_loss: 1.38 
[25/100][272]
                  Loss_D: 0.46 Loss_G: 45.43 Time: 223.52s
errD0: 0.04 errD1: 0.05 errD2: 0.06 
g_loss0: 10.41 g_loss1: 11.92 g_loss2: 13.56 w_loss: 5.15 s_loss: 9.78 kl_loss: 1.32 
errD0: 0.44 errD1: 0.05 errD2: 0.03 
g_loss0: 12.86 g_loss1: 13.06 g_loss2: 10.06 w_loss: 6.20 s_loss: 10.42 kl_loss: 1.52 
errD0: 0.65 errD1: 0.32 errD2: 0.49 
g_loss0: 12.21 g_loss1: 16.35 g_loss2: 5.60 w_loss: 4.71 s_loss: 10.66 kl_loss: 1.49 
[26/100][272]
                  Loss_D: 1.34 Loss_G: 45.11 Time: 223.22s
errD0: 0.17 errD1: 0.12 errD2: 0.16 
g_loss0: 13.18 g_loss1: 20.18 g_loss2: 16.40 w_loss: 7.23 s_loss: 10.33 kl_loss: 1.54 
errD0: 1.51 errD1: 0.87 errD2: 1.88 
g_loss0: 15.73 g_loss1: 17.52 g_loss2: 23.81 w_loss: 5.26 s_loss: 11.78 kl_loss: 1.51 
errD0: 0.23 errD1: 0.39 errD2: 0.07 
g_loss0: 7.31 g_loss1: 11.10 g_loss2: 10.46 w_loss: 4.93 s_loss: 8.82 kl_loss: 1.53 
[27/100][272]
                  Loss_D: 1.87 Loss_G: 45.50 Time: 223.25s
errD0: 0.41 errD1: 0.58 errD2: 0.17 
g_loss0: 9.70 g_loss1: 6.64 g_loss2: 10.76 w_loss: 5.88 s_loss: 9.27 kl_loss: 1.51 
errD0: 0.16 errD1: 0.07 errD2: 0.08 
g_loss0: 9.56 g_loss1: 10.18 g_loss2: 10.33 w_loss: 4.55 s_loss: 10.07 kl_loss: 1.57 
[28/100][272]
                  Loss_D: 0.80 Loss_G: 57.07 Time: 223.48s
errD0: 0.12 errD1: 0.10 errD2: 0.54 
g_loss0: 16.34 g_loss1: 12.26 g_loss2: 9.14 w_loss: 6.94 s_loss: 10.22 kl_loss: 1.66 
errD0: 0.27 errD1: 1.36 errD2: 0.42 
g_loss0: 8.50 g_loss1: 2.02 g_loss2: 10.37 w_loss: 4.73 s_loss: 8.51 kl_loss: 1.67 
errD0: 0.76 errD1: 1.15 errD2: 0.28 
g_loss0: 21.49 g_loss1: 23.02 g_loss2: 10.37 w_loss: 7.86 s_loss: 11.32 kl_loss: 1.91 
[29/100][272]
                  Loss_D: 1.66 Loss_G: 53.69 Time: 223.25s
errD0: 0.38 errD1: 0.09 errD2: 0.27 
g_loss0: 17.33 g_loss1: 9.46 g_loss2: 15.01 w_loss: 5.98 s_loss: 8.62 kl_loss: 1.64 
errD0: 0.44 errD1: 0.07 errD2: 0.04 
g_loss0: 9.54 g_loss1: 10.19 g_loss2: 11.80 w_loss: 5.11 s_loss: 10.69 kl_loss: 1.69 
errD0: 0.11 errD1: 0.21 errD2: 0.05 
g_loss0: 12.07 g_loss1: 7.66 g_loss2: 10.82 w_loss: 6.25 s_loss: 7.98 kl_loss: 2.09 
[30/100][272]
                  Loss_D: 0.43 Loss_G: 45.25 Time: 223.26s
Save G/Ds models.
errD0: 0.08 errD1: 0.07 errD2: 0.08 
g_loss0: 10.57 g_loss1: 12.59 g_loss2: 13.65 w_loss: 6.28 s_loss: 9.86 kl_loss: 1.98 
errD0: 0.38 errD1: 0.17 errD2: 1.08 
g_loss0: 15.15 g_loss1: 8.11 g_loss2: 1.14 w_loss: 6.79 s_loss: 12.43 kl_loss: 1.76 
errD0: 0.05 errD1: 0.02 errD2: 0.25 
g_loss0: 11.69 g_loss1: 12.34 g_loss2: 11.57 w_loss: 6.33 s_loss: 9.10 kl_loss: 1.98 
[31/100][272]
                  Loss_D: 0.52 Loss_G: 52.59 Time: 223.33s
errD0: 0.25 errD1: 0.57 errD2: 1.65 
g_loss0: 12.79 g_loss1: 13.75 g_loss2: 5.00 w_loss: 4.73 s_loss: 8.58 kl_loss: 2.21 
errD0: 0.16 errD1: 1.07 errD2: 0.10 
g_loss0: 10.28 g_loss1: 10.53 g_loss2: 9.16 w_loss: 5.61 s_loss: 8.61 kl_loss: 1.95 
[32/100][272]
                  Loss_D: 4.92 Loss_G: 81.80 Time: 223.48s
errD0: 0.62 errD1: 1.06 errD2: 0.31 
g_loss0: 16.52 g_loss1: 19.25 g_loss2: 11.81 w_loss: 3.37 s_loss: 7.67 kl_loss: 2.05 
errD0: 0.15 errD1: 0.34 errD2: 0.06 
g_loss0: 11.46 g_loss1: 15.33 g_loss2: 8.05 w_loss: 7.49 s_loss: 10.87 kl_loss: 2.03 
errD0: 0.18 errD1: 0.15 errD2: 0.25 
g_loss0: 14.00 g_loss1: 10.17 g_loss2: 9.73 w_loss: 5.39 s_loss: 9.25 kl_loss: 1.72 
[33/100][272]
                  Loss_D: 0.80 Loss_G: 50.43 Time: 223.39s
errD0: 0.12 errD1: 0.50 errD2: 0.45 
g_loss0: 13.65 g_loss1: 19.04 g_loss2: 15.50 w_loss: 6.93 s_loss: 11.27 kl_loss: 1.61 
errD0: 0.16 errD1: 0.12 errD2: 0.01 
g_loss0: 16.18 g_loss1: 8.70 g_loss2: 14.76 w_loss: 5.53 s_loss: 9.26 kl_loss: 1.94 
errD0: 0.20 errD1: 0.07 errD2: 0.07 
g_loss0: 8.01 g_loss1: 11.50 g_loss2: 17.50 w_loss: 4.58 s_loss: 7.76 kl_loss: 2.04 
[34/100][272]
                  Loss_D: 0.46 Loss_G: 55.52 Time: 223.37s
errD0: 0.10 errD1: 0.09 errD2: 0.10 
g_loss0: 11.11 g_loss1: 10.97 g_loss2: 7.26 w_loss: 9.23 s_loss: 12.11 kl_loss: 1.55 
errD0: 0.63 errD1: 0.19 errD2: 0.21 
g_loss0: 8.03 g_loss1: 9.90 g_loss2: 9.19 w_loss: 5.26 s_loss: 9.19 kl_loss: 3.08 
[35/100][272]
                  Loss_D: 1.07 Loss_G: 42.70 Time: 223.26s
errD0: 0.76 errD1: 1.01 errD2: 0.32 
g_loss0: 14.48 g_loss1: 10.92 g_loss2: 16.14 w_loss: 6.23 s_loss: 9.86 kl_loss: 2.22 
errD0: 0.29 errD1: 0.35 errD2: 0.82 
g_loss0: 12.12 g_loss1: 11.87 g_loss2: 17.80 w_loss: 5.60 s_loss: 9.17 kl_loss: 1.71 
errD0: 0.21 errD1: 0.84 errD2: 0.05 
g_loss0: 10.94 g_loss1: 19.39 g_loss2: 9.60 w_loss: 7.22 s_loss: 9.41 kl_loss: 2.01 
[36/100][272]
                  Loss_D: 3.06 Loss_G: 32.54 Time: 223.48s
errD0: 0.56 errD1: 0.28 errD2: 0.12 
g_loss0: 10.74 g_loss1: 10.12 g_loss2: 9.16 w_loss: 5.77 s_loss: 10.02 kl_loss: 1.79 
errD0: 0.36 errD1: 0.22 errD2: 0.04 
g_loss0: 5.91 g_loss1: 20.04 g_loss2: 14.79 w_loss: 5.24 s_loss: 8.09 kl_loss: 1.94 
errD0: 0.33 errD1: 0.14 errD2: 0.18 
g_loss0: 12.02 g_loss1: 9.15 g_loss2: 9.95 w_loss: 3.53 s_loss: 7.81 kl_loss: 2.02 
[37/100][272]
                  Loss_D: 0.83 Loss_G: 45.90 Time: 223.42s
errD0: 0.13 errD1: 0.56 errD2: 0.24 
g_loss0: 15.76 g_loss1: 20.47 g_loss2: 10.44 w_loss: 3.71 s_loss: 7.30 kl_loss: 2.49 
errD0: 0.19 errD1: 0.51 errD2: 1.40 
g_loss0: 11.29 g_loss1: 18.58 g_loss2: 23.04 w_loss: 6.07 s_loss: 11.21 kl_loss: 1.97 
errD0: 0.13 errD1: 0.06 errD2: 1.35 
g_loss0: 11.72 g_loss1: 12.95 g_loss2: 8.72 w_loss: 5.83 s_loss: 11.17 kl_loss: 2.11 
[38/100][272]
                  Loss_D: 0.95 Loss_G: 59.95 Time: 223.07s
errD0: 0.13 errD1: 0.16 errD2: 0.33 
g_loss0: 8.37 g_loss1: 17.15 g_loss2: 9.29 w_loss: 6.02 s_loss: 9.98 kl_loss: 1.60 
errD0: 0.25 errD1: 0.05 errD2: 0.63 
g_loss0: 7.85 g_loss1: 9.86 g_loss2: 12.49 w_loss: 5.54 s_loss: 8.25 kl_loss: 2.02 
[39/100][272]
                  Loss_D: 1.44 Loss_G: 50.80 Time: 223.47s
errD0: 0.67 errD1: 0.30 errD2: 0.38 
g_loss0: 9.20 g_loss1: 9.71 g_loss2: 4.37 w_loss: 6.29 s_loss: 11.06 kl_loss: 1.56 
errD0: 0.09 errD1: 2.88 errD2: 0.50 
g_loss0: 11.48 g_loss1: 25.44 g_loss2: 16.02 w_loss: 6.44 s_loss: 8.74 kl_loss: 1.73 
errD0: 0.25 errD1: 0.18 errD2: 0.21 
g_loss0: 10.92 g_loss1: 16.96 g_loss2: 9.39 w_loss: 5.45 s_loss: 9.80 kl_loss: 1.71 
[40/100][272]
                  Loss_D: 2.56 Loss_G: 40.70 Time: 223.02s
Save G/Ds models.
errD0: 0.20 errD1: 0.88 errD2: 0.25 
g_loss0: 6.02 g_loss1: 17.99 g_loss2: 12.49 w_loss: 4.92 s_loss: 8.89 kl_loss: 2.08 
errD0: 0.08 errD1: 1.61 errD2: 0.89 
g_loss0: 11.89 g_loss1: 29.19 g_loss2: 16.83 w_loss: 5.74 s_loss: 9.77 kl_loss: 1.80 
errD0: 0.13 errD1: 0.21 errD2: 1.21 
g_loss0: 13.82 g_loss1: 14.87 g_loss2: 4.06 w_loss: 4.43 s_loss: 7.82 kl_loss: 1.68 
[41/100][272]
                  Loss_D: 1.44 Loss_G: 57.39 Time: 223.30s
errD0: 0.03 errD1: 0.06 errD2: 0.49 
g_loss0: 16.17 g_loss1: 15.38 g_loss2: 15.86 w_loss: 5.06 s_loss: 7.85 kl_loss: 1.88 
errD0: 0.99 errD1: 1.57 errD2: 0.56 
g_loss0: 7.75 g_loss1: 10.17 g_loss2: 8.77 w_loss: 7.24 s_loss: 11.05 kl_loss: 1.73 
[42/100][272]
                  Loss_D: 0.85 Loss_G: 56.64 Time: 223.28s
errD0: 0.17 errD1: 0.25 errD2: 0.12 
g_loss0: 12.10 g_loss1: 10.16 g_loss2: 11.92 w_loss: 3.21 s_loss: 7.59 kl_loss: 2.38 
errD0: 0.26 errD1: 0.44 errD2: 0.10 
g_loss0: 12.53 g_loss1: 16.16 g_loss2: 12.92 w_loss: 5.23 s_loss: 8.62 kl_loss: 1.84 
errD0: 0.29 errD1: 0.14 errD2: 0.27 
g_loss0: 8.73 g_loss1: 19.61 g_loss2: 11.76 w_loss: 5.12 s_loss: 8.28 kl_loss: 1.87 
[43/100][272]
                  Loss_D: 0.12 Loss_G: 51.00 Time: 223.29s
errD0: 0.53 errD1: 1.82 errD2: 0.14 
g_loss0: 13.51 g_loss1: 0.85 g_loss2: 10.59 w_loss: 5.79 s_loss: 8.30 kl_loss: 1.82 
errD0: 0.11 errD1: 0.56 errD2: 0.05 
g_loss0: 11.99 g_loss1: 14.48 g_loss2: 12.39 w_loss: 3.78 s_loss: 6.51 kl_loss: 1.89 
errD0: 0.79 errD1: 0.39 errD2: 0.45 
g_loss0: 2.88 g_loss1: 12.68 g_loss2: 6.13 w_loss: 8.65 s_loss: 12.46 kl_loss: 1.89 
[44/100][272]
                  Loss_D: 1.33 Loss_G: 53.36 Time: 223.42s
errD0: 0.15 errD1: 0.03 errD2: 0.28 
g_loss0: 14.00 g_loss1: 11.29 g_loss2: 5.29 w_loss: 6.74 s_loss: 10.09 kl_loss: 2.61 
errD0: 0.18 errD1: 0.07 errD2: 1.14 
g_loss0: 11.64 g_loss1: 8.10 g_loss2: 11.58 w_loss: 4.07 s_loss: 10.65 kl_loss: 1.96 
errD0: 0.07 errD1: 0.03 errD2: 0.21 
g_loss0: 11.68 g_loss1: 11.97 g_loss2: 6.33 w_loss: 4.68 s_loss: 9.85 kl_loss: 1.71 
[45/100][272]
                  Loss_D: 1.93 Loss_G: 53.15 Time: 223.29s
errD0: 0.29 errD1: 0.16 errD2: 0.30 
g_loss0: 3.91 g_loss1: 10.34 g_loss2: 10.12 w_loss: 6.07 s_loss: 9.31 kl_loss: 2.25 
errD0: 0.45 errD1: 0.37 errD2: 1.15 
g_loss0: 10.40 g_loss1: 5.92 g_loss2: 3.51 w_loss: 4.85 s_loss: 8.82 kl_loss: 2.01 
[46/100][272]
                  Loss_D: 0.80 Loss_G: 62.14 Time: 223.25s
errD0: 0.10 errD1: 0.18 errD2: 0.53 
g_loss0: 19.61 g_loss1: 17.01 g_loss2: 10.87 w_loss: 5.52 s_loss: 11.41 kl_loss: 2.69 
errD0: 0.52 errD1: 0.39 errD2: 0.13 
g_loss0: 20.17 g_loss1: 17.18 g_loss2: 9.78 w_loss: 6.26 s_loss: 10.14 kl_loss: 2.47 
errD0: 0.54 errD1: 0.23 errD2: 0.26 
g_loss0: 9.49 g_loss1: 5.93 g_loss2: 5.54 w_loss: 3.71 s_loss: 8.47 kl_loss: 2.18 
[47/100][272]
                  Loss_D: 0.29 Loss_G: 50.68 Time: 223.06s
errD0: 0.22 errD1: 0.24 errD2: 0.09 
g_loss0: 10.16 g_loss1: 14.33 g_loss2: 11.34 w_loss: 4.35 s_loss: 9.89 kl_loss: 2.33 
errD0: 0.22 errD1: 0.43 errD2: 0.57 
g_loss0: 17.95 g_loss1: 5.55 g_loss2: 14.70 w_loss: 3.91 s_loss: 8.34 kl_loss: 2.39 
errD0: 0.45 errD1: 0.67 errD2: 0.16 
g_loss0: 21.01 g_loss1: 14.74 g_loss2: 11.15 w_loss: 6.12 s_loss: 9.48 kl_loss: 2.33 
[48/100][272]
                  Loss_D: 1.03 Loss_G: 33.97 Time: 223.28s
errD0: 0.36 errD1: 0.04 errD2: 0.11 
g_loss0: 9.28 g_loss1: 12.30 g_loss2: 8.90 w_loss: 7.88 s_loss: 10.23 kl_loss: 2.15 
errD0: 0.10 errD1: 0.26 errD2: 0.64 
g_loss0: 11.51 g_loss1: 8.04 g_loss2: 11.96 w_loss: 6.35 s_loss: 9.85 kl_loss: 1.88 
errD0: 0.21 errD1: 0.09 errD2: 0.04 
g_loss0: 8.35 g_loss1: 10.26 g_loss2: 6.44 w_loss: 3.64 s_loss: 9.06 kl_loss: 1.96 
[49/100][272]
                  Loss_D: 0.34 Loss_G: 39.72 Time: 223.24s
errD0: 0.23 errD1: 1.03 errD2: 0.05 
g_loss0: 14.17 g_loss1: 12.63 g_loss2: 9.46 w_loss: 3.71 s_loss: 8.55 kl_loss: 2.12 
errD0: 0.26 errD1: 0.09 errD2: 0.22 
g_loss0: 12.71 g_loss1: 17.12 g_loss2: 17.03 w_loss: 4.18 s_loss: 7.61 kl_loss: 2.43 
[50/100][272]
                  Loss_D: 0.39 Loss_G: 52.82 Time: 223.68s
Save G/Ds models.
errD0: 0.46 errD1: 0.31 errD2: 0.44 
g_loss0: 5.45 g_loss1: 9.86 g_loss2: 6.13 w_loss: 5.12 s_loss: 9.47 kl_loss: 2.32 
errD0: 0.08 errD1: 0.24 errD2: 0.18 
g_loss0: 9.72 g_loss1: 13.34 g_loss2: 11.70 w_loss: 4.92 s_loss: 9.36 kl_loss: 2.05 
errD0: 0.09 errD1: 0.79 errD2: 0.11 
g_loss0: 12.48 g_loss1: 17.31 g_loss2: 10.53 w_loss: 4.08 s_loss: 9.22 kl_loss: 2.86 
[51/100][272]
                  Loss_D: 1.32 Loss_G: 57.84 Time: 223.34s
errD0: 0.32 errD1: 0.26 errD2: 1.48 
g_loss0: 14.09 g_loss1: 11.95 g_loss2: 23.75 w_loss: 6.43 s_loss: 7.90 kl_loss: 2.09 
errD0: 0.83 errD1: 0.05 errD2: 1.59 
g_loss0: 10.88 g_loss1: 12.89 g_loss2: 2.97 w_loss: 5.77 s_loss: 10.16 kl_loss: 1.83 
errD0: 0.29 errD1: 0.10 errD2: 2.13 
g_loss0: 8.83 g_loss1: 19.51 g_loss2: 20.25 w_loss: 6.90 s_loss: 9.71 kl_loss: 1.95 
[52/100][272]
                  Loss_D: 1.52 Loss_G: 58.18 Time: 223.26s
errD0: 0.08 errD1: 0.22 errD2: 0.08 
g_loss0: 10.45 g_loss1: 11.67 g_loss2: 9.38 w_loss: 3.61 s_loss: 7.20 kl_loss: 2.09 
errD0: 0.47 errD1: 2.97 errD2: 0.14 
g_loss0: 17.66 g_loss1: 29.09 g_loss2: 12.51 w_loss: 5.68 s_loss: 9.36 kl_loss: 2.55 
[53/100][272]
                  Loss_D: 0.28 Loss_G: 56.33 Time: 223.46s
errD0: 0.28 errD1: 3.46 errD2: 0.15 
g_loss0: 13.70 g_loss1: 1.24 g_loss2: 19.99 w_loss: 5.93 s_loss: 9.88 kl_loss: 2.02 
errD0: 0.24 errD1: 0.42 errD2: 1.25 
g_loss0: 10.12 g_loss1: 14.04 g_loss2: 1.24 w_loss: 3.74 s_loss: 7.28 kl_loss: 2.64 
errD0: 0.25 errD1: 0.17 errD2: 0.07 
g_loss0: 11.64 g_loss1: 7.38 g_loss2: 10.24 w_loss: 6.83 s_loss: 9.50 kl_loss: 2.63 
[54/100][272]
                  Loss_D: 2.45 Loss_G: 43.81 Time: 223.25s
errD0: 0.29 errD1: 0.20 errD2: 1.31 
g_loss0: 15.01 g_loss1: 6.83 g_loss2: 21.14 w_loss: 4.58 s_loss: 6.93 kl_loss: 2.37 
errD0: 0.35 errD1: 0.05 errD2: 0.31 
g_loss0: 7.97 g_loss1: 15.69 g_loss2: 8.02 w_loss: 4.87 s_loss: 8.90 kl_loss: 2.43 
errD0: 0.34 errD1: 0.20 errD2: 0.21 
g_loss0: 8.61 g_loss1: 12.38 g_loss2: 8.33 w_loss: 5.70 s_loss: 10.69 kl_loss: 2.49 
[55/100][272]
                  Loss_D: 0.86 Loss_G: 46.74 Time: 223.32s
errD0: 0.25 errD1: 0.11 errD2: 0.16 
g_loss0: 11.05 g_loss1: 8.71 g_loss2: 10.80 w_loss: 5.89 s_loss: 9.94 kl_loss: 2.10 
errD0: 0.35 errD1: 0.37 errD2: 0.51 
g_loss0: 11.63 g_loss1: 12.84 g_loss2: 16.02 w_loss: 6.19 s_loss: 11.09 kl_loss: 1.93 
errD0: 0.35 errD1: 0.40 errD2: 0.25 
g_loss0: 5.27 g_loss1: 10.61 g_loss2: 10.02 w_loss: 6.12 s_loss: 11.33 kl_loss: 1.80 
[56/100][272]
                  Loss_D: 0.77 Loss_G: 40.17 Time: 223.24s
errD0: 0.04 errD1: 0.12 errD2: 0.32 
g_loss0: 15.67 g_loss1: 11.90 g_loss2: 16.37 w_loss: 5.47 s_loss: 8.42 kl_loss: 2.02 
errD0: 0.29 errD1: 0.08 errD2: 0.59 
g_loss0: 7.14 g_loss1: 15.72 g_loss2: 1.60 w_loss: 5.62 s_loss: 8.96 kl_loss: 2.30 
[57/100][272]
                  Loss_D: 0.64 Loss_G: 54.18 Time: 223.21s
errD0: 0.11 errD1: 0.13 errD2: 0.43 
g_loss0: 10.67 g_loss1: 11.52 g_loss2: 20.95 w_loss: 4.83 s_loss: 8.77 kl_loss: 1.96 
errD0: 0.01 errD1: 0.22 errD2: 1.31 
g_loss0: 13.69 g_loss1: 13.77 g_loss2: 5.05 w_loss: 4.99 s_loss: 8.66 kl_loss: 2.63 
errD0: 0.24 errD1: 0.08 errD2: 0.43 
g_loss0: 18.95 g_loss1: 14.51 g_loss2: 15.10 w_loss: 5.29 s_loss: 8.60 kl_loss: 1.72 
[58/100][272]
                  Loss_D: 0.78 Loss_G: 52.08 Time: 222.88s
errD0: 0.38 errD1: 0.36 errD2: 2.14 
g_loss0: 10.00 g_loss1: 12.45 g_loss2: 0.24 w_loss: 9.30 s_loss: 13.20 kl_loss: 2.28 
errD0: 0.24 errD1: 0.33 errD2: 0.04 
g_loss0: 11.53 g_loss1: 8.46 g_loss2: 3.13 w_loss: 5.53 s_loss: 9.58 kl_loss: 1.99 
errD0: 0.67 errD1: 0.44 errD2: 0.01 
g_loss0: 15.46 g_loss1: 7.47 g_loss2: 13.96 w_loss: 3.37 s_loss: 8.63 kl_loss: 2.21 
[59/100][272]
                  Loss_D: 1.45 Loss_G: 35.26 Time: 223.00s
errD0: 0.18 errD1: 0.24 errD2: 1.26 
g_loss0: 11.35 g_loss1: 12.59 g_loss2: 20.75 w_loss: 5.73 s_loss: 7.47 kl_loss: 1.68 
errD0: 0.34 errD1: 0.01 errD2: 1.93 
g_loss0: 14.81 g_loss1: 17.43 g_loss2: 30.08 w_loss: 4.75 s_loss: 9.25 kl_loss: 2.20 
[60/100][272]
                  Loss_D: 1.51 Loss_G: 62.12 Time: 223.28s
Save G/Ds models.
errD0: 0.22 errD1: 0.38 errD2: 0.01 
g_loss0: 14.59 g_loss1: 19.75 g_loss2: 11.83 w_loss: 4.83 s_loss: 8.06 kl_loss: 1.77 
errD0: 0.62 errD1: 0.74 errD2: 0.30 
g_loss0: 14.23 g_loss1: 7.91 g_loss2: 13.69 w_loss: 4.50 s_loss: 10.23 kl_loss: 2.08 
errD0: 0.07 errD1: 0.10 errD2: 0.53 
g_loss0: 15.13 g_loss1: 15.61 g_loss2: 7.66 w_loss: 4.84 s_loss: 8.71 kl_loss: 2.28 
[61/100][272]
                  Loss_D: 0.53 Loss_G: 43.42 Time: 223.23s
errD0: 0.69 errD1: 0.04 errD2: 0.08 
g_loss0: 12.63 g_loss1: 15.63 g_loss2: 13.10 w_loss: 3.79 s_loss: 9.11 kl_loss: 1.94 
errD0: 0.17 errD1: 0.05 errD2: 0.07 
g_loss0: 14.51 g_loss1: 11.46 g_loss2: 9.03 w_loss: 6.64 s_loss: 10.32 kl_loss: 2.11 
errD0: 0.31 errD1: 0.72 errD2: 0.29 
g_loss0: 7.82 g_loss1: 19.16 g_loss2: 8.42 w_loss: 4.97 s_loss: 9.46 kl_loss: 2.09 
[62/100][272]
                  Loss_D: 1.43 Loss_G: 50.93 Time: 223.05s
errD0: 0.06 errD1: 0.34 errD2: 0.02 
g_loss0: 11.00 g_loss1: 7.38 g_loss2: 13.90 w_loss: 4.83 s_loss: 9.38 kl_loss: 2.08 
errD0: 1.04 errD1: 1.25 errD2: 0.16 
g_loss0: 3.31 g_loss1: 0.60 g_loss2: 9.77 w_loss: 5.08 s_loss: 8.88 kl_loss: 2.62 
errD0: 0.14 errD1: 0.05 errD2: 0.52 
g_loss0: 10.69 g_loss1: 10.85 g_loss2: 19.74 w_loss: 4.42 s_loss: 7.45 kl_loss: 2.07 
[63/100][272]
                  Loss_D: 0.68 Loss_G: 54.96 Time: 223.25s
errD0: 0.14 errD1: 0.78 errD2: 0.04 
g_loss0: 10.71 g_loss1: 17.63 g_loss2: 9.69 w_loss: 4.79 s_loss: 9.60 kl_loss: 2.31 
errD0: 0.11 errD1: 0.05 errD2: 0.17 
g_loss0: 15.69 g_loss1: 12.33 g_loss2: 8.50 w_loss: 6.24 s_loss: 9.89 kl_loss: 2.27 
[64/100][272]
                  Loss_D: 0.92 Loss_G: 45.09 Time: 223.28s
errD0: 1.84 errD1: 0.26 errD2: 0.60 
g_loss0: 27.10 g_loss1: 8.31 g_loss2: 13.76 w_loss: 5.30 s_loss: 10.06 kl_loss: 1.78 
errD0: 0.15 errD1: 0.13 errD2: 0.12 
g_loss0: 11.22 g_loss1: 13.04 g_loss2: 22.64 w_loss: 7.10 s_loss: 10.25 kl_loss: 2.31 
errD0: 0.29 errD1: 0.41 errD2: 0.34 
g_loss0: 12.43 g_loss1: 6.38 g_loss2: 4.09 w_loss: 5.46 s_loss: 9.47 kl_loss: 2.56 
[65/100][272]
                  Loss_D: 0.58 Loss_G: 55.99 Time: 223.24s
errD0: 0.43 errD1: 0.11 errD2: 0.44 
g_loss0: 4.70 g_loss1: 12.06 g_loss2: 5.11 w_loss: 4.82 s_loss: 8.67 kl_loss: 1.87 
errD0: 0.06 errD1: 0.04 errD2: 0.05 
g_loss0: 12.86 g_loss1: 16.35 g_loss2: 15.96 w_loss: 6.99 s_loss: 11.39 kl_loss: 2.05 
errD0: 0.20 errD1: 0.23 errD2: 0.26 
g_loss0: 12.53 g_loss1: 13.31 g_loss2: 18.00 w_loss: 7.03 s_loss: 8.93 kl_loss: 2.46 
[66/100][272]
                  Loss_D: 0.55 Loss_G: 55.31 Time: 223.14s
errD0: 0.05 errD1: 0.14 errD2: 0.12 
g_loss0: 13.78 g_loss1: 8.88 g_loss2: 11.61 w_loss: 5.71 s_loss: 9.56 kl_loss: 2.10 
errD0: 0.18 errD1: 0.16 errD2: 0.13 
g_loss0: 9.85 g_loss1: 13.03 g_loss2: 8.22 w_loss: 5.17 s_loss: 9.04 kl_loss: 2.41 
[67/100][272]
                  Loss_D: 1.14 Loss_G: 76.17 Time: 223.19s
errD0: 0.20 errD1: 0.57 errD2: 0.63 
g_loss0: 14.75 g_loss1: 16.71 g_loss2: 28.59 w_loss: 6.21 s_loss: 8.48 kl_loss: 2.32 
errD0: 0.26 errD1: 0.28 errD2: 0.07 
g_loss0: 15.59 g_loss1: 12.57 g_loss2: 17.58 w_loss: 4.91 s_loss: 10.69 kl_loss: 2.36 
errD0: 0.05 errD1: 0.17 errD2: 0.20 
g_loss0: 14.12 g_loss1: 9.80 g_loss2: 13.62 w_loss: 5.20 s_loss: 9.50 kl_loss: 2.30 
[68/100][272]
                  Loss_D: 0.26 Loss_G: 52.18 Time: 223.27s
errD0: 1.17 errD1: 0.16 errD2: 0.15 
g_loss0: 1.74 g_loss1: 16.88 g_loss2: 13.88 w_loss: 7.34 s_loss: 8.57 kl_loss: 2.48 
errD0: 0.07 errD1: 0.03 errD2: 0.02 
g_loss0: 11.42 g_loss1: 19.77 g_loss2: 23.31 w_loss: 4.82 s_loss: 8.32 kl_loss: 2.16 
errD0: 0.58 errD1: 0.39 errD2: 0.22 
g_loss0: 16.01 g_loss1: 16.74 g_loss2: 14.11 w_loss: 6.75 s_loss: 10.23 kl_loss: 2.52 
[69/100][272]
                  Loss_D: 0.29 Loss_G: 59.27 Time: 223.26s
errD0: 0.16 errD1: 0.05 errD2: 2.81 
g_loss0: 10.13 g_loss1: 13.12 g_loss2: 29.31 w_loss: 5.91 s_loss: 11.23 kl_loss: 2.63 
errD0: 0.13 errD1: 0.03 errD2: 0.17 
g_loss0: 16.72 g_loss1: 15.81 g_loss2: 24.13 w_loss: 7.19 s_loss: 12.12 kl_loss: 2.17 
errD0: 0.09 errD1: 0.03 errD2: 0.53 
g_loss0: 15.31 g_loss1: 37.56 g_loss2: 30.76 w_loss: 5.65 s_loss: 10.20 kl_loss: 2.01 
[70/100][272]
                  Loss_D: 0.21 Loss_G: 55.70 Time: 222.84s
Save G/Ds models.
errD0: 0.77 errD1: 0.05 errD2: 0.03 
g_loss0: 17.22 g_loss1: 11.71 g_loss2: 11.10 w_loss: 5.00 s_loss: 8.75 kl_loss: 2.60 
errD0: 0.11 errD1: 0.19 errD2: 0.15 
g_loss0: 10.91 g_loss1: 12.66 g_loss2: 8.49 w_loss: 5.33 s_loss: 7.77 kl_loss: 2.23 
[71/100][272]
                  Loss_D: 0.39 Loss_G: 59.37 Time: 223.05s
errD0: 0.06 errD1: 0.03 errD2: 0.16 
g_loss0: 18.14 g_loss1: 17.83 g_loss2: 17.46 w_loss: 5.56 s_loss: 9.52 kl_loss: 2.16 
errD0: 0.12 errD1: 0.73 errD2: 0.00 
g_loss0: 18.10 g_loss1: 17.93 g_loss2: 20.91 w_loss: 6.57 s_loss: 10.38 kl_loss: 2.42 
errD0: 0.07 errD1: 0.04 errD2: 0.08 
g_loss0: 10.68 g_loss1: 19.38 g_loss2: 13.62 w_loss: 4.04 s_loss: 9.00 kl_loss: 2.19 
[72/100][272]
                  Loss_D: 0.73 Loss_G: 58.86 Time: 223.31s
errD0: 0.09 errD1: 0.03 errD2: 0.01 
g_loss0: 11.61 g_loss1: 12.03 g_loss2: 15.13 w_loss: 4.10 s_loss: 7.29 kl_loss: 2.38 
errD0: 0.18 errD1: 0.03 errD2: 0.24 
g_loss0: 16.05 g_loss1: 18.99 g_loss2: 17.84 w_loss: 5.70 s_loss: 9.76 kl_loss: 2.08 
errD0: 0.64 errD1: 0.60 errD2: 0.15 
g_loss0: 11.12 g_loss1: 7.36 g_loss2: 8.61 w_loss: 4.60 s_loss: 7.93 kl_loss: 2.72 
[73/100][272]
                  Loss_D: 1.09 Loss_G: 81.70 Time: 223.42s
errD0: 0.21 errD1: 0.04 errD2: 0.04 
g_loss0: 17.33 g_loss1: 14.98 g_loss2: 9.45 w_loss: 5.26 s_loss: 9.88 kl_loss: 1.96 
errD0: 0.07 errD1: 0.03 errD2: 0.01 
g_loss0: 8.66 g_loss1: 18.76 g_loss2: 11.58 w_loss: 5.42 s_loss: 9.25 kl_loss: 2.14 
errD0: 0.27 errD1: 0.51 errD2: 0.01 
g_loss0: 9.77 g_loss1: 6.06 g_loss2: 23.34 w_loss: 10.78 s_loss: 11.45 kl_loss: 2.32 
[74/100][272]
                  Loss_D: 0.79 Loss_G: 63.72 Time: 223.23s
errD0: 0.20 errD1: 0.03 errD2: 0.08 
g_loss0: 11.75 g_loss1: 11.29 g_loss2: 30.94 w_loss: 7.03 s_loss: 8.20 kl_loss: 2.53 
errD0: 0.12 errD1: 0.64 errD2: 0.18 
g_loss0: 19.12 g_loss1: 23.37 g_loss2: 10.47 w_loss: 4.43 s_loss: 8.53 kl_loss: 2.34 
[75/100][272]
                  Loss_D: 3.07 Loss_G: 86.24 Time: 223.47s
errD0: 0.10 errD1: 0.08 errD2: 0.00 
g_loss0: 11.63 g_loss1: 16.26 g_loss2: 19.07 w_loss: 5.82 s_loss: 10.44 kl_loss: 2.84 
errD0: 0.33 errD1: 0.01 errD2: 0.52 
g_loss0: 17.13 g_loss1: 18.35 g_loss2: 32.78 w_loss: 4.60 s_loss: 10.62 kl_loss: 2.70 
errD0: 0.79 errD1: 0.34 errD2: 0.03 
g_loss0: 19.05 g_loss1: 21.45 g_loss2: 17.76 w_loss: 4.05 s_loss: 9.00 kl_loss: 2.31 
[76/100][272]
                  Loss_D: 0.27 Loss_G: 64.23 Time: 223.26s
errD0: 0.19 errD1: 0.39 errD2: 0.09 
g_loss0: 14.69 g_loss1: 19.14 g_loss2: 14.83 w_loss: 5.87 s_loss: 9.73 kl_loss: 2.31 
errD0: 1.45 errD1: 0.37 errD2: 0.44 
g_loss0: 4.20 g_loss1: 7.66 g_loss2: 7.08 w_loss: 5.69 s_loss: 10.28 kl_loss: 2.57 
errD0: 1.26 errD1: 0.19 errD2: 0.01 
g_loss0: 28.68 g_loss1: 21.25 g_loss2: 12.89 w_loss: 7.49 s_loss: 11.53 kl_loss: 2.50 
[77/100][272]
                  Loss_D: 0.42 Loss_G: 57.48 Time: 223.26s
errD0: 0.21 errD1: 0.28 errD2: 0.92 
g_loss0: 12.56 g_loss1: 21.49 g_loss2: 3.94 w_loss: 4.46 s_loss: 8.68 kl_loss: 2.70 
errD0: 0.07 errD1: 0.13 errD2: 0.17 
g_loss0: 9.72 g_loss1: 11.31 g_loss2: 12.64 w_loss: 4.59 s_loss: 7.20 kl_loss: 2.21 
[78/100][272]
                  Loss_D: 0.47 Loss_G: 49.28 Time: 223.29s
errD0: 0.05 errD1: 0.08 errD2: 0.14 
g_loss0: 11.36 g_loss1: 15.61 g_loss2: 16.55 w_loss: 4.55 s_loss: 7.86 kl_loss: 2.46 
errD0: 0.73 errD1: 0.03 errD2: 0.00 
g_loss0: 6.33 g_loss1: 16.02 g_loss2: 15.14 w_loss: 5.08 s_loss: 7.88 kl_loss: 2.20 
errD0: 0.45 errD1: 0.02 errD2: 0.80 
g_loss0: 22.43 g_loss1: 19.02 g_loss2: 16.77 w_loss: 5.97 s_loss: 8.91 kl_loss: 2.22 
[79/100][272]
                  Loss_D: 2.00 Loss_G: 80.23 Time: 223.23s
errD0: 0.08 errD1: 0.09 errD2: 0.01 
g_loss0: 11.81 g_loss1: 13.96 g_loss2: 11.10 w_loss: 5.64 s_loss: 10.28 kl_loss: 2.43 
errD0: 0.25 errD1: 0.22 errD2: 0.26 
g_loss0: 11.11 g_loss1: 18.51 g_loss2: 22.42 w_loss: 4.55 s_loss: 8.68 kl_loss: 2.52 
errD0: 0.14 errD1: 0.03 errD2: 0.01 
g_loss0: 14.91 g_loss1: 16.38 g_loss2: 15.06 w_loss: 5.34 s_loss: 7.33 kl_loss: 2.37 
[80/100][272]
                  Loss_D: 0.32 Loss_G: 57.84 Time: 223.05s
Save G/Ds models.
errD0: 0.77 errD1: 0.54 errD2: 0.62 
g_loss0: 4.36 g_loss1: 4.63 g_loss2: 29.90 w_loss: 3.27 s_loss: 9.17 kl_loss: 2.08 
errD0: 0.10 errD1: 0.04 errD2: 0.12 
g_loss0: 15.86 g_loss1: 12.70 g_loss2: 9.02 w_loss: 6.01 s_loss: 10.34 kl_loss: 2.07 
errD0: 0.07 errD1: 0.01 errD2: 0.01 
g_loss0: 7.30 g_loss1: 19.02 g_loss2: 11.02 w_loss: 3.94 s_loss: 9.65 kl_loss: 2.24 
[81/100][272]
                  Loss_D: 0.66 Loss_G: 46.91 Time: 223.11s
errD0: 0.54 errD1: 0.04 errD2: 0.09 
g_loss0: 7.72 g_loss1: 8.73 g_loss2: 11.98 w_loss: 4.52 s_loss: 10.38 kl_loss: 2.08 
errD0: 0.06 errD1: 0.01 errD2: 0.07 
g_loss0: 15.44 g_loss1: 16.68 g_loss2: 11.25 w_loss: 5.51 s_loss: 10.32 kl_loss: 1.92 
[82/100][272]
                  Loss_D: 0.10 Loss_G: 55.80 Time: 223.06s
errD0: 0.07 errD1: 0.07 errD2: 0.04 
g_loss0: 9.20 g_loss1: 11.66 g_loss2: 9.67 w_loss: 6.99 s_loss: 8.74 kl_loss: 2.37 
errD0: 0.21 errD1: 0.10 errD2: 0.05 
g_loss0: 9.68 g_loss1: 14.60 g_loss2: 10.77 w_loss: 5.94 s_loss: 9.45 kl_loss: 2.61 
errD0: 0.49 errD1: 0.19 errD2: 0.60 
g_loss0: 13.18 g_loss1: 15.39 g_loss2: 22.09 w_loss: 5.17 s_loss: 10.56 kl_loss: 2.17 
[83/100][272]
                  Loss_D: 0.29 Loss_G: 49.94 Time: 223.24s
errD0: 1.49 errD1: 0.56 errD2: 1.02 
g_loss0: 20.30 g_loss1: 5.07 g_loss2: 5.06 w_loss: 6.17 s_loss: 9.67 kl_loss: 2.41 
errD0: 0.23 errD1: 0.57 errD2: 0.11 
g_loss0: 13.24 g_loss1: 20.03 g_loss2: 10.79 w_loss: 3.50 s_loss: 7.46 kl_loss: 2.42 
errD0: 0.12 errD1: 0.05 errD2: 0.02 
g_loss0: 9.85 g_loss1: 3.99 g_loss2: 23.55 w_loss: 4.08 s_loss: 9.32 kl_loss: 2.27 
[84/100][272]
                  Loss_D: 0.52 Loss_G: 54.21 Time: 223.26s
errD0: 0.12 errD1: 0.06 errD2: 2.49 
g_loss0: 11.42 g_loss1: 9.88 g_loss2: 2.76 w_loss: 5.79 s_loss: 9.79 kl_loss: 2.27 
errD0: 0.43 errD1: 0.08 errD2: 0.02 
g_loss0: 24.47 g_loss1: 21.83 g_loss2: 18.88 w_loss: 3.62 s_loss: 8.53 kl_loss: 2.14 
[85/100][272]
                  Loss_D: 1.27 Loss_G: 55.41 Time: 223.54s
errD0: 1.49 errD1: 0.04 errD2: 0.17 
g_loss0: 6.28 g_loss1: 12.10 g_loss2: 10.57 w_loss: 7.32 s_loss: 12.55 kl_loss: 2.35 
errD0: 0.38 errD1: 0.07 errD2: 0.28 
g_loss0: 7.12 g_loss1: 18.52 g_loss2: 14.11 w_loss: 4.42 s_loss: 7.72 kl_loss: 2.63 
errD0: 0.13 errD1: 0.19 errD2: 0.02 
g_loss0: 11.65 g_loss1: 14.92 g_loss2: 13.54 w_loss: 4.50 s_loss: 10.25 kl_loss: 2.43 
[86/100][272]
                  Loss_D: 0.25 Loss_G: 46.48 Time: 223.21s
errD0: 0.73 errD1: 0.25 errD2: 0.01 
g_loss0: 7.76 g_loss1: 11.54 g_loss2: 11.31 w_loss: 4.75 s_loss: 8.37 kl_loss: 2.71 
errD0: 0.11 errD1: 0.12 errD2: 0.05 
g_loss0: 15.52 g_loss1: 12.11 g_loss2: 20.65 w_loss: 4.82 s_loss: 9.72 kl_loss: 2.42 
errD0: 0.07 errD1: 0.59 errD2: 0.03 
g_loss0: 11.53 g_loss1: 29.70 g_loss2: 11.00 w_loss: 4.78 s_loss: 6.92 kl_loss: 2.22 
[87/100][272]
                  Loss_D: 1.35 Loss_G: 49.71 Time: 223.24s
errD0: 0.65 errD1: 0.05 errD2: 0.63 
g_loss0: 8.43 g_loss1: 17.01 g_loss2: 15.21 w_loss: 5.82 s_loss: 9.24 kl_loss: 2.55 
errD0: 0.27 errD1: 0.01 errD2: 0.04 
g_loss0: 14.14 g_loss1: 21.11 g_loss2: 15.59 w_loss: 4.40 s_loss: 8.24 kl_loss: 2.11 
errD0: 0.93 errD1: 0.44 errD2: 0.11 
g_loss0: 30.44 g_loss1: 9.00 g_loss2: 11.30 w_loss: 5.60 s_loss: 11.52 kl_loss: 2.45 
[88/100][272]
                  Loss_D: 1.54 Loss_G: 40.83 Time: 223.25s
errD0: 0.29 errD1: 0.02 errD2: 0.01 
g_loss0: 14.20 g_loss1: 14.42 g_loss2: 13.37 w_loss: 4.74 s_loss: 8.32 kl_loss: 2.57 
errD0: 0.12 errD1: 0.04 errD2: 0.57 
g_loss0: 13.44 g_loss1: 12.17 g_loss2: 13.17 w_loss: 5.26 s_loss: 9.33 kl_loss: 2.57 
[89/100][272]
                  Loss_D: 0.35 Loss_G: 61.11 Time: 223.28s
errD0: 0.24 errD1: 0.26 errD2: 0.29 
g_loss0: 10.48 g_loss1: 7.29 g_loss2: 8.55 w_loss: 3.07 s_loss: 8.63 kl_loss: 2.33 
errD0: 0.18 errD1: 0.00 errD2: 0.61 
g_loss0: 14.26 g_loss1: 13.50 g_loss2: 20.12 w_loss: 4.84 s_loss: 9.86 kl_loss: 2.11 
errD0: 0.36 errD1: 0.37 errD2: 0.03 
g_loss0: 5.08 g_loss1: 21.77 g_loss2: 14.34 w_loss: 5.54 s_loss: 7.65 kl_loss: 2.21 
[90/100][272]
                  Loss_D: 0.15 Loss_G: 58.56 Time: 223.52s
Save G/Ds models.
errD0: 2.93 errD1: 0.02 errD2: 0.03 
g_loss0: 32.00 g_loss1: 10.86 g_loss2: 10.82 w_loss: 3.46 s_loss: 9.33 kl_loss: 2.40 
errD0: 0.08 errD1: 0.07 errD2: 0.09 
g_loss0: 16.16 g_loss1: 9.67 g_loss2: 15.74 w_loss: 3.57 s_loss: 8.41 kl_loss: 2.26 
errD0: 0.24 errD1: 2.45 errD2: 0.82 
g_loss0: 13.61 g_loss1: 37.73 g_loss2: 21.92 w_loss: 5.52 s_loss: 9.73 kl_loss: 2.68 
[91/100][272]
                  Loss_D: 2.89 Loss_G: 93.92 Time: 223.56s
errD0: 1.87 errD1: 0.03 errD2: 0.06 
g_loss0: 24.61 g_loss1: 20.04 g_loss2: 15.56 w_loss: 4.60 s_loss: 10.28 kl_loss: 2.39 
errD0: 0.15 errD1: 0.43 errD2: 0.33 
g_loss0: 14.24 g_loss1: 5.23 g_loss2: 14.36 w_loss: 6.32 s_loss: 10.10 kl_loss: 2.49 
[92/100][272]
                  Loss_D: 1.02 Loss_G: 81.77 Time: 223.27s
errD0: 0.91 errD1: 1.26 errD2: 0.07 
g_loss0: 23.54 g_loss1: 12.60 g_loss2: 15.73 w_loss: 5.77 s_loss: 10.27 kl_loss: 2.77 
errD0: 0.30 errD1: 0.03 errD2: 0.02 
g_loss0: 11.12 g_loss1: 10.93 g_loss2: 10.49 w_loss: 4.76 s_loss: 9.38 kl_loss: 2.36 
errD0: 0.12 errD1: 0.19 errD2: 0.14 
g_loss0: 12.14 g_loss1: 11.56 g_loss2: 8.48 w_loss: 5.88 s_loss: 10.14 kl_loss: 2.52 
[93/100][272]
                  Loss_D: 1.10 Loss_G: 64.10 Time: 223.28s
errD0: 0.12 errD1: 1.40 errD2: 0.42 
g_loss0: 9.45 g_loss1: 5.28 g_loss2: 20.01 w_loss: 3.74 s_loss: 7.18 kl_loss: 2.48 
errD0: 0.21 errD1: 0.51 errD2: 0.52 
g_loss0: 18.26 g_loss1: 17.66 g_loss2: 17.78 w_loss: 5.36 s_loss: 8.77 kl_loss: 2.62 
errD0: 0.05 errD1: 0.39 errD2: 0.02 
g_loss0: 11.35 g_loss1: 15.93 g_loss2: 10.85 w_loss: 3.55 s_loss: 7.21 kl_loss: 2.22 
[94/100][272]
                  Loss_D: 0.48 Loss_G: 59.04 Time: 223.32s
errD0: 0.72 errD1: 0.19 errD2: 0.09 
g_loss0: 23.22 g_loss1: 10.45 g_loss2: 9.12 w_loss: 4.96 s_loss: 8.52 kl_loss: 2.51 
errD0: 0.05 errD1: 0.02 errD2: 0.28 
g_loss0: 14.57 g_loss1: 15.86 g_loss2: 14.82 w_loss: 4.42 s_loss: 9.28 kl_loss: 2.48 
errD0: 0.42 errD1: 0.88 errD2: 0.36 
g_loss0: 15.26 g_loss1: 24.60 g_loss2: 13.94 w_loss: 6.26 s_loss: 8.97 kl_loss: 2.41 
[95/100][272]
                  Loss_D: 0.11 Loss_G: 71.15 Time: 223.38s
errD0: 0.17 errD1: 0.12 errD2: 0.36 
g_loss0: 9.01 g_loss1: 13.22 g_loss2: 15.39 w_loss: 4.74 s_loss: 6.15 kl_loss: 2.61 
errD0: 0.84 errD1: 1.10 errD2: 0.02 
g_loss0: 7.14 g_loss1: 6.81 g_loss2: 10.35 w_loss: 4.39 s_loss: 9.86 kl_loss: 2.99 
[96/100][272]
                  Loss_D: 1.14 Loss_G: 66.86 Time: 223.25s
errD0: 0.07 errD1: 0.13 errD2: 0.15 
g_loss0: 15.45 g_loss1: 10.42 g_loss2: 15.26 w_loss: 5.63 s_loss: 8.45 kl_loss: 2.55 
errD0: 0.67 errD1: 0.07 errD2: 0.04 
g_loss0: 16.45 g_loss1: 8.75 g_loss2: 12.18 w_loss: 4.31 s_loss: 7.09 kl_loss: 3.07 
errD0: 0.11 errD1: 0.00 errD2: 0.01 
g_loss0: 12.63 g_loss1: 22.61 g_loss2: 8.97 w_loss: 4.92 s_loss: 8.76 kl_loss: 2.52 
[97/100][272]
                  Loss_D: 0.49 Loss_G: 49.34 Time: 223.49s
errD0: 0.12 errD1: 0.04 errD2: 0.80 
g_loss0: 10.87 g_loss1: 12.09 g_loss2: 19.15 w_loss: 5.21 s_loss: 8.69 kl_loss: 2.60 
errD0: 0.40 errD1: 0.08 errD2: 0.77 
g_loss0: 7.44 g_loss1: 14.59 g_loss2: 4.26 w_loss: 6.34 s_loss: 8.16 kl_loss: 2.26 
errD0: 0.36 errD1: 0.07 errD2: 0.63 
g_loss0: 8.31 g_loss1: 13.21 g_loss2: 14.20 w_loss: 3.78 s_loss: 8.47 kl_loss: 2.25 
[98/100][272]
                  Loss_D: 0.52 Loss_G: 50.61 Time: 223.24s
errD0: 0.07 errD1: 0.05 errD2: 0.41 
g_loss0: 9.20 g_loss1: 11.02 g_loss2: 20.00 w_loss: 4.15 s_loss: 7.54 kl_loss: 2.35 
errD0: 0.02 errD1: 0.00 errD2: 0.02 
g_loss0: 20.31 g_loss1: 25.15 g_loss2: 14.67 w_loss: 3.60 s_loss: 8.06 kl_loss: 2.38 
errD0: 0.35 errD1: 0.02 errD2: 0.07 
g_loss0: 8.93 g_loss1: 16.17 g_loss2: 10.12 w_loss: 4.05 s_loss: 9.86 kl_loss: 2.00 
[99/100][272]
                  Loss_D: 0.43 Loss_G: 51.12 Time: 223.48s
Save G/Ds models.
Total time for training: 22368.99179291725
