Using config:
{'B_VALIDATION': False,
 'CONFIG_NAME': 'attn2',
 'CUDA': True,
 'DATASET_NAME': 'faces',
 'DATA_DIR': '../data/face_image',
 'GAN': {'B_ATTENTION': True,
         'B_DCGAN': False,
         'CONDITION_DIM': 100,
         'DF_DIM': 64,
         'GF_DIM': 32,
         'R_NUM': 2,
         'Z_DIM': 100},
 'GPU_ID': 0,
 'RNN_TYPE': 'LSTM',
 'TEXT': {'CAPTIONS_PER_IMAGE': 4, 'EMBEDDING_DIM': 256, 'WORDS_NUM': 18},
 'TRAIN': {'BATCH_SIZE': 20,
           'B_NET_D': True,
           'DISCRIMINATOR_LR': 0.0002,
           'ENCODER_LR': 0.0002,
           'FLAG': True,
           'GENERATOR_LR': 0.0002,
           'MAX_EPOCH': 50,
           'NET_E': '../DAMSMencoders/face_image/text_encoder40.pth',
           'NET_G': '',
           'RNN_GRAD_CLIP': 0.25,
           'SMOOTH': {'GAMMA1': 4.0,
                      'GAMMA2': 5.0,
                      'GAMMA3': 10.0,
                      'LAMBDA': 5.0},
           'SNAPSHOT_INTERVAL': 10},
 'TREE': {'BASE_SIZE': 64, 'BRANCH_NUM': 3},
 'WORKERS': 4}
Load filenames from: ../data/face_image/train/filenames.pickle (6001)
Load filenames from: ../data/face_image/test/filenames.pickle (1000)
Load from:  ../data/face_image/captions.pickle
Load pretrained model from  https://download.pytorch.org/models/inception_v3_google-1a9a5a14.pth
Load image encoder from: ../DAMSMencoders/face_image/image_encoder40.pth
Load text encoder from: ../DAMSMencoders/face_image/text_encoder40.pth
# of netsD 3
errD0: 0.62 errD1: 0.71 errD2: 1.03 
g_loss0: 10.73 g_loss1: 10.82 g_loss2: 6.20 w_loss: 41.13 s_loss: 28.15 kl_loss: 0.01 
errD0: 0.51 errD1: 1.29 errD2: 0.46 
g_loss0: 7.98 g_loss1: 5.39 g_loss2: 15.41 w_loss: 30.53 s_loss: 25.32 kl_loss: 0.01 
errD0: 0.48 errD1: 0.61 errD2: 0.81 
g_loss0: 10.04 g_loss1: 13.03 g_loss2: 6.11 w_loss: 27.64 s_loss: 21.70 kl_loss: 0.00 
[0/50][300]
                  Loss_D: 1.91 Loss_G: 78.52 Time: 293.77s
Save G/Ds models.
errD0: 0.36 errD1: 0.28 errD2: 0.42 
g_loss0: 9.98 g_loss1: 13.64 g_loss2: 8.14 w_loss: 25.28 s_loss: 22.31 kl_loss: 0.01 
errD0: 0.39 errD1: 0.29 errD2: 0.38 
g_loss0: 11.23 g_loss1: 10.86 g_loss2: 8.38 w_loss: 20.81 s_loss: 25.62 kl_loss: 0.01 
errD0: 0.25 errD1: 0.33 errD2: 0.41 
g_loss0: 16.20 g_loss1: 10.45 g_loss2: 5.29 w_loss: 19.87 s_loss: 22.07 kl_loss: 0.01 
[1/50][300]
                  Loss_D: 0.99 Loss_G: 73.89 Time: 235.16s
errD0: 0.40 errD1: 0.13 errD2: 0.48 
g_loss0: 10.66 g_loss1: 14.43 g_loss2: 8.79 w_loss: 20.19 s_loss: 20.26 kl_loss: 0.01 
errD0: 0.27 errD1: 0.29 errD2: 0.70 
g_loss0: 13.21 g_loss1: 12.50 g_loss2: 6.67 w_loss: 14.42 s_loss: 17.40 kl_loss: 0.01 
errD0: 0.25 errD1: 0.26 errD2: 0.66 
g_loss0: 10.64 g_loss1: 8.85 g_loss2: 3.04 w_loss: 16.63 s_loss: 22.98 kl_loss: 0.01 
[2/50][300]
                  Loss_D: 1.17 Loss_G: 62.15 Time: 234.88s
errD0: 0.15 errD1: 0.15 errD2: 0.37 
g_loss0: 7.23 g_loss1: 11.19 g_loss2: 4.31 w_loss: 19.40 s_loss: 22.66 kl_loss: 0.01 
errD0: 0.30 errD1: 0.24 errD2: 0.62 
g_loss0: 16.51 g_loss1: 9.30 g_loss2: 10.13 w_loss: 18.36 s_loss: 18.76 kl_loss: 0.02 
errD0: 0.24 errD1: 0.27 errD2: 0.39 
g_loss0: 13.64 g_loss1: 9.85 g_loss2: 14.78 w_loss: 17.92 s_loss: 18.85 kl_loss: 0.02 
[3/50][300]
                  Loss_D: 0.89 Loss_G: 75.05 Time: 236.00s
errD0: 0.17 errD1: 0.08 errD2: 0.87 
g_loss0: 8.18 g_loss1: 10.34 g_loss2: 3.93 w_loss: 14.16 s_loss: 16.14 kl_loss: 0.03 
errD0: 0.06 errD1: 0.03 errD2: 0.16 
g_loss0: 9.95 g_loss1: 18.34 g_loss2: 13.69 w_loss: 13.83 s_loss: 18.75 kl_loss: 0.04 
errD0: 0.05 errD1: 1.44 errD2: 0.30 
g_loss0: 12.28 g_loss1: 4.27 g_loss2: 7.65 w_loss: 14.75 s_loss: 16.25 kl_loss: 0.05 
[4/50][300]
                  Loss_D: 1.79 Loss_G: 55.25 Time: 235.52s
errD0: 0.22 errD1: 0.05 errD2: 1.39 
g_loss0: 19.55 g_loss1: 12.71 g_loss2: 1.54 w_loss: 18.11 s_loss: 19.43 kl_loss: 0.04 
errD0: 0.09 errD1: 0.14 errD2: 0.15 
g_loss0: 12.78 g_loss1: 11.96 g_loss2: 11.33 w_loss: 14.34 s_loss: 13.72 kl_loss: 0.05 
errD0: 0.45 errD1: 0.07 errD2: 0.25 
g_loss0: 9.12 g_loss1: 6.99 g_loss2: 7.16 w_loss: 14.18 s_loss: 14.78 kl_loss: 0.05 
[5/50][300]
                  Loss_D: 0.77 Loss_G: 52.28 Time: 235.18s
errD0: 0.15 errD1: 0.14 errD2: 0.14 
g_loss0: 8.80 g_loss1: 9.23 g_loss2: 15.33 w_loss: 14.10 s_loss: 15.18 kl_loss: 0.07 
errD0: 0.11 errD1: 0.08 errD2: 0.09 
g_loss0: 11.69 g_loss1: 9.79 g_loss2: 10.42 w_loss: 10.25 s_loss: 14.85 kl_loss: 0.07 
errD0: 0.13 errD1: 0.13 errD2: 0.24 
g_loss0: 11.56 g_loss1: 8.59 g_loss2: 12.19 w_loss: 12.70 s_loss: 15.81 kl_loss: 0.08 
[6/50][300]
                  Loss_D: 0.50 Loss_G: 60.92 Time: 235.61s
errD0: 0.08 errD1: 0.31 errD2: 0.23 
g_loss0: 10.28 g_loss1: 11.87 g_loss2: 5.13 w_loss: 14.06 s_loss: 12.45 kl_loss: 0.08 
errD0: 0.22 errD1: 0.36 errD2: 0.45 
g_loss0: 8.16 g_loss1: 13.51 g_loss2: 23.53 w_loss: 9.13 s_loss: 13.79 kl_loss: 0.09 
errD0: 0.13 errD1: 0.37 errD2: 0.57 
g_loss0: 11.27 g_loss1: 2.80 g_loss2: 10.33 w_loss: 11.40 s_loss: 15.18 kl_loss: 0.08 
[7/50][300]
                  Loss_D: 1.07 Loss_G: 51.06 Time: 235.45s
errD0: 0.03 errD1: 2.94 errD2: 0.56 
g_loss0: 16.27 g_loss1: 2.36 g_loss2: 2.60 w_loss: 13.23 s_loss: 15.55 kl_loss: 0.08 
errD0: 0.64 errD1: 0.04 errD2: 1.33 
g_loss0: 7.36 g_loss1: 14.79 g_loss2: 6.95 w_loss: 9.64 s_loss: 16.00 kl_loss: 0.10 
errD0: 0.50 errD1: 0.11 errD2: 0.21 
g_loss0: 2.64 g_loss1: 7.77 g_loss2: 7.22 w_loss: 10.02 s_loss: 13.82 kl_loss: 0.11 
[8/50][300]
                  Loss_D: 0.82 Loss_G: 41.58 Time: 235.79s
errD0: 0.39 errD1: 0.21 errD2: 0.39 
g_loss0: 18.15 g_loss1: 6.24 g_loss2: 3.05 w_loss: 8.75 s_loss: 12.30 kl_loss: 0.08 
errD0: 0.02 errD1: 0.18 errD2: 0.19 
g_loss0: 13.11 g_loss1: 12.49 g_loss2: 8.08 w_loss: 9.08 s_loss: 12.41 kl_loss: 0.10 
errD0: 0.13 errD1: 0.21 errD2: 0.20 
g_loss0: 13.94 g_loss1: 13.28 g_loss2: 16.38 w_loss: 10.18 s_loss: 14.20 kl_loss: 0.11 
[9/50][300]
                  Loss_D: 0.54 Loss_G: 68.08 Time: 235.81s
errD0: 0.43 errD1: 0.26 errD2: 0.42 
g_loss0: 9.16 g_loss1: 13.72 g_loss2: 5.04 w_loss: 10.19 s_loss: 13.09 kl_loss: 0.11 
errD0: 0.15 errD1: 0.09 errD2: 0.49 
g_loss0: 10.06 g_loss1: 19.75 g_loss2: 11.81 w_loss: 10.95 s_loss: 16.12 kl_loss: 0.11 
errD0: 0.15 errD1: 0.14 errD2: 0.25 
g_loss0: 10.81 g_loss1: 5.61 g_loss2: 10.67 w_loss: 9.21 s_loss: 15.56 kl_loss: 0.16 
[10/50][300]
                  Loss_D: 0.54 Loss_G: 52.01 Time: 235.40s
Save G/Ds models.
errD0: 0.10 errD1: 0.14 errD2: 0.23 
g_loss0: 14.21 g_loss1: 18.36 g_loss2: 13.36 w_loss: 14.38 s_loss: 14.45 kl_loss: 0.15 
errD0: 0.22 errD1: 0.09 errD2: 0.25 
g_loss0: 11.92 g_loss1: 10.51 g_loss2: 10.73 w_loss: 10.31 s_loss: 16.28 kl_loss: 0.17 
errD0: 0.67 errD1: 0.10 errD2: 0.21 
g_loss0: 16.78 g_loss1: 11.89 g_loss2: 6.84 w_loss: 7.80 s_loss: 11.71 kl_loss: 0.11 
[11/50][300]
                  Loss_D: 0.98 Loss_G: 55.13 Time: 235.52s
errD0: 0.43 errD1: 0.87 errD2: 0.17 
g_loss0: 1.03 g_loss1: 5.18 g_loss2: 8.97 w_loss: 8.86 s_loss: 12.73 kl_loss: 0.14 
errD0: 0.18 errD1: 0.33 errD2: 0.20 
g_loss0: 7.69 g_loss1: 12.92 g_loss2: 8.41 w_loss: 9.02 s_loss: 13.18 kl_loss: 0.11 
errD0: 0.93 errD1: 0.07 errD2: 0.48 
g_loss0: 23.74 g_loss1: 8.04 g_loss2: 16.24 w_loss: 9.10 s_loss: 12.06 kl_loss: 0.16 
[12/50][300]
                  Loss_D: 1.49 Loss_G: 69.34 Time: 235.28s
errD0: 0.12 errD1: 0.25 errD2: 0.61 
g_loss0: 7.17 g_loss1: 8.70 g_loss2: 12.10 w_loss: 9.02 s_loss: 13.71 kl_loss: 0.20 
errD0: 0.35 errD1: 0.04 errD2: 0.39 
g_loss0: 15.25 g_loss1: 13.25 g_loss2: 4.74 w_loss: 6.38 s_loss: 10.29 kl_loss: 0.17 
errD0: 0.12 errD1: 0.10 errD2: 0.37 
g_loss0: 7.91 g_loss1: 8.28 g_loss2: 7.89 w_loss: 13.10 s_loss: 14.78 kl_loss: 0.15 
[13/50][300]
                  Loss_D: 0.59 Loss_G: 52.11 Time: 235.33s
errD0: 0.17 errD1: 0.54 errD2: 0.37 
g_loss0: 12.40 g_loss1: 17.11 g_loss2: 14.53 w_loss: 5.70 s_loss: 11.05 kl_loss: 0.12 
errD0: 0.06 errD1: 0.36 errD2: 0.35 
g_loss0: 17.92 g_loss1: 9.00 g_loss2: 6.90 w_loss: 13.85 s_loss: 15.72 kl_loss: 0.20 
errD0: 0.19 errD1: 0.18 errD2: 0.17 
g_loss0: 13.34 g_loss1: 10.44 g_loss2: 7.69 w_loss: 5.96 s_loss: 9.69 kl_loss: 0.16 
[14/50][300]
                  Loss_D: 0.54 Loss_G: 47.27 Time: 236.08s
errD0: 0.43 errD1: 0.14 errD2: 0.07 
g_loss0: 19.73 g_loss1: 14.28 g_loss2: 11.36 w_loss: 8.57 s_loss: 12.97 kl_loss: 0.23 
errD0: 0.39 errD1: 0.10 errD2: 0.24 
g_loss0: 15.34 g_loss1: 20.94 g_loss2: 8.02 w_loss: 6.34 s_loss: 10.00 kl_loss: 0.12 
errD0: 0.05 errD1: 0.14 errD2: 0.30 
g_loss0: 9.79 g_loss1: 12.18 g_loss2: 7.68 w_loss: 3.83 s_loss: 7.88 kl_loss: 0.20 
[15/50][300]
                  Loss_D: 0.49 Loss_G: 41.57 Time: 235.55s
errD0: 0.22 errD1: 0.57 errD2: 1.14 
g_loss0: 5.87 g_loss1: 10.87 g_loss2: 0.58 w_loss: 10.17 s_loss: 14.11 kl_loss: 0.21 
errD0: 0.14 errD1: 0.01 errD2: 0.05 
g_loss0: 15.20 g_loss1: 13.48 g_loss2: 15.23 w_loss: 8.19 s_loss: 12.10 kl_loss: 0.14 
errD0: 0.12 errD1: 0.03 errD2: 0.34 
g_loss0: 6.90 g_loss1: 12.26 g_loss2: 18.86 w_loss: 4.88 s_loss: 9.58 kl_loss: 0.15 
[16/50][300]
                  Loss_D: 0.49 Loss_G: 52.64 Time: 236.27s
errD0: 0.17 errD1: 0.23 errD2: 0.43 
g_loss0: 14.28 g_loss1: 6.63 g_loss2: 8.10 w_loss: 7.33 s_loss: 10.74 kl_loss: 0.16 
errD0: 0.24 errD1: 0.33 errD2: 0.31 
g_loss0: 14.68 g_loss1: 11.05 g_loss2: 8.70 w_loss: 8.27 s_loss: 11.98 kl_loss: 0.13 
errD0: 0.20 errD1: 0.35 errD2: 0.06 
g_loss0: 9.10 g_loss1: 17.64 g_loss2: 14.36 w_loss: 6.73 s_loss: 8.55 kl_loss: 0.20 
[17/50][300]
                  Loss_D: 0.60 Loss_G: 56.58 Time: 236.33s
errD0: 0.25 errD1: 0.22 errD2: 0.57 
g_loss0: 12.23 g_loss1: 12.31 g_loss2: 2.68 w_loss: 5.38 s_loss: 11.49 kl_loss: 0.15 
errD0: 0.17 errD1: 1.72 errD2: 0.07 
g_loss0: 15.67 g_loss1: 25.36 g_loss2: 16.69 w_loss: 7.02 s_loss: 11.46 kl_loss: 0.17 
errD0: 0.34 errD1: 0.12 errD2: 0.73 
g_loss0: 13.65 g_loss1: 8.43 g_loss2: 6.59 w_loss: 6.96 s_loss: 9.37 kl_loss: 0.16 
[18/50][300]
                  Loss_D: 1.18 Loss_G: 45.16 Time: 236.10s
errD0: 0.04 errD1: 0.03 errD2: 0.12 
g_loss0: 11.95 g_loss1: 14.76 g_loss2: 10.64 w_loss: 7.17 s_loss: 10.50 kl_loss: 0.19 
errD0: 0.14 errD1: 0.06 errD2: 0.19 
g_loss0: 11.00 g_loss1: 13.10 g_loss2: 8.66 w_loss: 6.62 s_loss: 9.87 kl_loss: 0.17 
errD0: 0.32 errD1: 0.01 errD2: 0.17 
g_loss0: 5.69 g_loss1: 13.52 g_loss2: 12.54 w_loss: 9.06 s_loss: 10.86 kl_loss: 0.16 
[19/50][300]
                  Loss_D: 0.50 Loss_G: 51.83 Time: 236.82s
errD0: 1.21 errD1: 0.16 errD2: 0.08 
g_loss0: 24.47 g_loss1: 12.23 g_loss2: 20.42 w_loss: 7.45 s_loss: 13.24 kl_loss: 0.16 
errD0: 0.04 errD1: 0.16 errD2: 0.27 
g_loss0: 10.03 g_loss1: 8.51 g_loss2: 14.76 w_loss: 7.53 s_loss: 10.22 kl_loss: 0.14 
errD0: 0.31 errD1: 0.11 errD2: 0.67 
g_loss0: 7.95 g_loss1: 10.03 g_loss2: 4.06 w_loss: 6.67 s_loss: 9.84 kl_loss: 0.16 
[20/50][300]
                  Loss_D: 1.08 Loss_G: 38.71 Time: 235.95s
Save G/Ds models.
errD0: 0.17 errD1: 0.36 errD2: 0.61 
g_loss0: 13.06 g_loss1: 19.11 g_loss2: 27.75 w_loss: 6.96 s_loss: 11.73 kl_loss: 0.16 
errD0: 0.14 errD1: 0.15 errD2: 0.14 
g_loss0: 12.21 g_loss1: 10.55 g_loss2: 9.46 w_loss: 6.71 s_loss: 10.85 kl_loss: 0.22 
errD0: 0.16 errD1: 0.22 errD2: 0.28 
g_loss0: 10.01 g_loss1: 15.74 g_loss2: 10.45 w_loss: 5.57 s_loss: 10.97 kl_loss: 0.23 
[21/50][300]
                  Loss_D: 0.66 Loss_G: 52.96 Time: 236.34s
errD0: 0.25 errD1: 0.16 errD2: 0.97 
g_loss0: 11.28 g_loss1: 12.70 g_loss2: 1.34 w_loss: 6.82 s_loss: 8.96 kl_loss: 0.18 
errD0: 0.04 errD1: 0.06 errD2: 0.10 
g_loss0: 15.04 g_loss1: 14.62 g_loss2: 20.59 w_loss: 6.62 s_loss: 7.42 kl_loss: 0.16 
errD0: 0.27 errD1: 0.82 errD2: 0.45 
g_loss0: 9.43 g_loss1: 21.04 g_loss2: 16.76 w_loss: 5.87 s_loss: 11.04 kl_loss: 0.15 
[22/50][300]
                  Loss_D: 1.53 Loss_G: 64.29 Time: 236.03s
errD0: 0.04 errD1: 1.03 errD2: 0.46 
g_loss0: 10.37 g_loss1: 0.84 g_loss2: 11.68 w_loss: 9.10 s_loss: 11.34 kl_loss: 0.24 
errD0: 0.16 errD1: 0.17 errD2: 0.52 
g_loss0: 9.91 g_loss1: 14.79 g_loss2: 9.35 w_loss: 5.86 s_loss: 9.70 kl_loss: 0.18 
errD0: 0.25 errD1: 0.06 errD2: 0.82 
g_loss0: 13.79 g_loss1: 17.12 g_loss2: 13.87 w_loss: 6.01 s_loss: 11.34 kl_loss: 0.21 
[23/50][300]
                  Loss_D: 1.13 Loss_G: 62.34 Time: 235.78s
errD0: 0.12 errD1: 0.80 errD2: 0.05 
g_loss0: 8.99 g_loss1: 23.85 g_loss2: 7.67 w_loss: 7.99 s_loss: 10.71 kl_loss: 0.17 
errD0: 0.15 errD1: 0.14 errD2: 0.09 
g_loss0: 12.06 g_loss1: 12.73 g_loss2: 11.50 w_loss: 6.38 s_loss: 8.23 kl_loss: 0.19 
errD0: 0.06 errD1: 0.13 errD2: 0.22 
g_loss0: 14.03 g_loss1: 10.89 g_loss2: 9.58 w_loss: 6.63 s_loss: 9.82 kl_loss: 0.17 
[24/50][300]
                  Loss_D: 0.41 Loss_G: 51.12 Time: 236.40s
errD0: 0.45 errD1: 0.06 errD2: 0.02 
g_loss0: 8.62 g_loss1: 12.96 g_loss2: 9.50 w_loss: 7.29 s_loss: 10.67 kl_loss: 0.17 
errD0: 0.07 errD1: 0.02 errD2: 0.25 
g_loss0: 13.69 g_loss1: 16.25 g_loss2: 14.05 w_loss: 6.26 s_loss: 9.75 kl_loss: 0.19 
errD0: 0.18 errD1: 0.36 errD2: 0.22 
g_loss0: 7.64 g_loss1: 23.40 g_loss2: 16.80 w_loss: 8.99 s_loss: 11.16 kl_loss: 0.24 
[25/50][300]
                  Loss_D: 0.77 Loss_G: 68.22 Time: 235.50s
errD0: 0.11 errD1: 0.05 errD2: 0.16 
g_loss0: 12.45 g_loss1: 13.26 g_loss2: 12.68 w_loss: 5.72 s_loss: 8.57 kl_loss: 0.17 
errD0: 0.13 errD1: 0.04 errD2: 0.54 
g_loss0: 12.91 g_loss1: 18.51 g_loss2: 11.94 w_loss: 6.03 s_loss: 9.87 kl_loss: 0.25 
errD0: 0.30 errD1: 0.05 errD2: 0.30 
g_loss0: 9.18 g_loss1: 9.30 g_loss2: 15.65 w_loss: 4.38 s_loss: 10.58 kl_loss: 0.17 
[26/50][300]
                  Loss_D: 0.65 Loss_G: 49.26 Time: 235.95s
errD0: 0.04 errD1: 0.04 errD2: 0.29 
g_loss0: 10.55 g_loss1: 9.98 g_loss2: 5.30 w_loss: 5.90 s_loss: 8.82 kl_loss: 0.20 
errD0: 0.21 errD1: 0.44 errD2: 0.07 
g_loss0: 14.34 g_loss1: 16.49 g_loss2: 9.40 w_loss: 4.46 s_loss: 8.30 kl_loss: 0.21 
errD0: 0.17 errD1: 0.14 errD2: 0.03 
g_loss0: 9.05 g_loss1: 10.04 g_loss2: 4.64 w_loss: 5.88 s_loss: 7.69 kl_loss: 0.20 
[27/50][300]
                  Loss_D: 0.34 Loss_G: 37.51 Time: 239.27s
errD0: 0.07 errD1: 0.09 errD2: 0.34 
g_loss0: 10.31 g_loss1: 9.67 g_loss2: 22.07 w_loss: 8.79 s_loss: 11.91 kl_loss: 0.22 
errD0: 0.28 errD1: 0.08 errD2: 0.75 
g_loss0: 10.21 g_loss1: 8.85 g_loss2: 26.14 w_loss: 4.51 s_loss: 7.89 kl_loss: 0.17 
errD0: 0.06 errD1: 0.25 errD2: 0.19 
g_loss0: 13.27 g_loss1: 11.25 g_loss2: 11.31 w_loss: 4.73 s_loss: 10.51 kl_loss: 0.18 
[28/50][300]
                  Loss_D: 0.50 Loss_G: 51.26 Time: 238.20s
errD0: 0.02 errD1: 0.03 errD2: 0.09 
g_loss0: 14.16 g_loss1: 15.30 g_loss2: 8.60 w_loss: 4.36 s_loss: 8.82 kl_loss: 0.22 
errD0: 0.31 errD1: 0.07 errD2: 0.17 
g_loss0: 15.82 g_loss1: 13.41 g_loss2: 20.52 w_loss: 3.78 s_loss: 8.57 kl_loss: 0.21 
errD0: 0.09 errD1: 0.11 errD2: 0.14 
g_loss0: 9.77 g_loss1: 9.04 g_loss2: 8.97 w_loss: 3.55 s_loss: 8.76 kl_loss: 0.19 
[29/50][300]
                  Loss_D: 0.34 Loss_G: 40.28 Time: 236.44s
errD0: 0.10 errD1: 0.29 errD2: 0.32 
g_loss0: 10.65 g_loss1: 5.00 g_loss2: 13.99 w_loss: 4.59 s_loss: 6.60 kl_loss: 0.20 
errD0: 0.13 errD1: 0.12 errD2: 0.15 
g_loss0: 12.14 g_loss1: 9.82 g_loss2: 8.50 w_loss: 4.32 s_loss: 9.34 kl_loss: 0.19 
errD0: 0.05 errD1: 0.11 errD2: 2.09 
g_loss0: 11.62 g_loss1: 9.71 g_loss2: 12.03 w_loss: 7.11 s_loss: 9.20 kl_loss: 0.19 
[30/50][300]
                  Loss_D: 2.26 Loss_G: 49.87 Time: 236.44s
Save G/Ds models.
errD0: 0.25 errD1: 0.04 errD2: 0.08 
g_loss0: 12.93 g_loss1: 18.11 g_loss2: 10.64 w_loss: 7.39 s_loss: 8.67 kl_loss: 0.21 
errD0: 0.15 errD1: 0.31 errD2: 0.53 
g_loss0: 9.13 g_loss1: 4.93 g_loss2: 2.25 w_loss: 3.40 s_loss: 7.91 kl_loss: 0.18 
errD0: 0.50 errD1: 0.30 errD2: 0.21 
g_loss0: 15.91 g_loss1: 8.21 g_loss2: 4.85 w_loss: 7.63 s_loss: 10.93 kl_loss: 0.16 
[31/50][300]
                  Loss_D: 1.01 Loss_G: 47.69 Time: 235.63s
errD0: 0.05 errD1: 0.24 errD2: 0.09 
g_loss0: 7.01 g_loss1: 10.39 g_loss2: 9.89 w_loss: 5.37 s_loss: 7.64 kl_loss: 0.18 
errD0: 1.24 errD1: 0.06 errD2: 1.34 
g_loss0: 6.96 g_loss1: 6.58 g_loss2: 14.89 w_loss: 5.27 s_loss: 7.59 kl_loss: 0.21 
errD0: 0.08 errD1: 0.99 errD2: 0.48 
g_loss0: 9.94 g_loss1: 18.42 g_loss2: 18.33 w_loss: 5.94 s_loss: 9.51 kl_loss: 0.21 
[32/50][300]
                  Loss_D: 1.55 Loss_G: 62.35 Time: 236.06s
errD0: 0.38 errD1: 0.27 errD2: 1.25 
g_loss0: 8.25 g_loss1: 12.37 g_loss2: 4.72 w_loss: 8.72 s_loss: 11.01 kl_loss: 0.26 
errD0: 0.01 errD1: 0.02 errD2: 0.06 
g_loss0: 16.20 g_loss1: 3.90 g_loss2: 8.13 w_loss: 7.35 s_loss: 10.65 kl_loss: 0.23 
errD0: 0.10 errD1: 0.12 errD2: 0.34 
g_loss0: 10.46 g_loss1: 8.14 g_loss2: 21.30 w_loss: 5.24 s_loss: 7.95 kl_loss: 0.26 
[33/50][300]
                  Loss_D: 0.57 Loss_G: 53.34 Time: 236.00s
errD0: 0.16 errD1: 0.11 errD2: 0.08 
g_loss0: 14.69 g_loss1: 8.71 g_loss2: 10.51 w_loss: 5.05 s_loss: 7.79 kl_loss: 0.18 
errD0: 0.37 errD1: 0.68 errD2: 0.05 
g_loss0: 4.18 g_loss1: 3.64 g_loss2: 12.42 w_loss: 6.90 s_loss: 10.09 kl_loss: 0.25 
errD0: 0.05 errD1: 0.17 errD2: 0.18 
g_loss0: 7.41 g_loss1: 10.76 g_loss2: 7.61 w_loss: 6.72 s_loss: 10.92 kl_loss: 0.20 
[34/50][300]
                  Loss_D: 0.40 Loss_G: 43.62 Time: 237.87s
errD0: 2.14 errD1: 0.03 errD2: 0.05 
g_loss0: 0.03 g_loss1: 9.17 g_loss2: 7.21 w_loss: 7.58 s_loss: 11.67 kl_loss: 0.20 
errD0: 0.22 errD1: 0.10 errD2: 0.04 
g_loss0: 11.13 g_loss1: 15.20 g_loss2: 14.80 w_loss: 6.09 s_loss: 9.30 kl_loss: 0.24 
errD0: 0.23 errD1: 0.49 errD2: 0.14 
g_loss0: 7.46 g_loss1: 2.89 g_loss2: 11.13 w_loss: 5.58 s_loss: 8.55 kl_loss: 0.22 
[35/50][300]
                  Loss_D: 0.85 Loss_G: 35.83 Time: 235.17s
errD0: 0.42 errD1: 0.15 errD2: 0.19 
g_loss0: 18.88 g_loss1: 8.19 g_loss2: 6.67 w_loss: 5.36 s_loss: 10.50 kl_loss: 0.24 
errD0: 0.11 errD1: 0.06 errD2: 0.14 
g_loss0: 10.19 g_loss1: 21.70 g_loss2: 8.72 w_loss: 3.69 s_loss: 8.19 kl_loss: 0.26 
errD0: 0.12 errD1: 0.08 errD2: 0.03 
g_loss0: 10.09 g_loss1: 10.36 g_loss2: 22.11 w_loss: 6.12 s_loss: 10.64 kl_loss: 0.23 
[36/50][300]
                  Loss_D: 0.23 Loss_G: 59.56 Time: 235.50s
errD0: 0.09 errD1: 0.04 errD2: 0.01 
g_loss0: 9.61 g_loss1: 9.92 g_loss2: 9.71 w_loss: 7.49 s_loss: 9.69 kl_loss: 0.23 
errD0: 0.18 errD1: 0.24 errD2: 0.01 
g_loss0: 11.84 g_loss1: 12.41 g_loss2: 13.73 w_loss: 8.09 s_loss: 10.62 kl_loss: 0.25 
errD0: 0.18 errD1: 0.06 errD2: 0.08 
g_loss0: 14.12 g_loss1: 13.08 g_loss2: 14.04 w_loss: 7.04 s_loss: 11.23 kl_loss: 0.30 
[37/50][300]
                  Loss_D: 0.32 Loss_G: 59.80 Time: 235.90s
errD0: 0.12 errD1: 0.08 errD2: 0.03 
g_loss0: 11.19 g_loss1: 12.08 g_loss2: 12.81 w_loss: 5.00 s_loss: 8.26 kl_loss: 0.27 
errD0: 0.35 errD1: 0.20 errD2: 0.03 
g_loss0: 11.32 g_loss1: 12.17 g_loss2: 10.87 w_loss: 6.01 s_loss: 8.91 kl_loss: 0.19 
errD0: 3.17 errD1: 0.11 errD2: 0.21 
g_loss0: 0.81 g_loss1: 21.43 g_loss2: 10.77 w_loss: 6.88 s_loss: 9.41 kl_loss: 0.17 
[38/50][300]
                  Loss_D: 3.50 Loss_G: 49.46 Time: 237.10s
errD0: 0.03 errD1: 0.12 errD2: 0.04 
g_loss0: 14.28 g_loss1: 17.10 g_loss2: 25.62 w_loss: 4.46 s_loss: 7.45 kl_loss: 0.21 
errD0: 0.11 errD1: 0.02 errD2: 0.05 
g_loss0: 8.87 g_loss1: 21.52 g_loss2: 6.76 w_loss: 3.98 s_loss: 7.53 kl_loss: 0.27 
errD0: 0.30 errD1: 0.47 errD2: 0.26 
g_loss0: 9.98 g_loss1: 1.75 g_loss2: 3.25 w_loss: 4.14 s_loss: 8.63 kl_loss: 0.26 
[39/50][300]
                  Loss_D: 1.02 Loss_G: 27.99 Time: 236.10s
errD0: 0.07 errD1: 0.01 errD2: 3.88 
g_loss0: 11.65 g_loss1: 19.76 g_loss2: 13.20 w_loss: 3.22 s_loss: 6.85 kl_loss: 0.27 
errD0: 0.09 errD1: 2.05 errD2: 0.01 
g_loss0: 9.47 g_loss1: 10.83 g_loss2: 20.28 w_loss: 4.98 s_loss: 9.88 kl_loss: 0.24 
errD0: 0.35 errD1: 0.06 errD2: 0.01 
g_loss0: 3.82 g_loss1: 11.41 g_loss2: 12.23 w_loss: 2.39 s_loss: 6.01 kl_loss: 0.27 
[40/50][300]
                  Loss_D: 0.42 Loss_G: 36.12 Time: 235.67s
Save G/Ds models.
errD0: 0.03 errD1: 0.05 errD2: 0.11 
g_loss0: 15.63 g_loss1: 10.73 g_loss2: 10.51 w_loss: 5.62 s_loss: 8.57 kl_loss: 0.30 
errD0: 0.06 errD1: 0.37 errD2: 0.22 
g_loss0: 13.40 g_loss1: 18.93 g_loss2: 15.80 w_loss: 5.12 s_loss: 10.01 kl_loss: 0.28 
errD0: 0.09 errD1: 0.06 errD2: 0.05 
g_loss0: 11.51 g_loss1: 10.78 g_loss2: 14.93 w_loss: 5.56 s_loss: 8.79 kl_loss: 0.22 
[41/50][300]
                  Loss_D: 0.20 Loss_G: 51.79 Time: 234.74s
errD0: 0.78 errD1: 0.16 errD2: 0.04 
g_loss0: 4.06 g_loss1: 20.87 g_loss2: 9.72 w_loss: 7.37 s_loss: 10.28 kl_loss: 0.24 
errD0: 0.05 errD1: 1.40 errD2: 0.02 
g_loss0: 7.65 g_loss1: 6.90 g_loss2: 15.07 w_loss: 3.69 s_loss: 8.51 kl_loss: 0.26 
errD0: 0.04 errD1: 0.68 errD2: 0.02 
g_loss0: 12.08 g_loss1: 18.28 g_loss2: 10.50 w_loss: 7.73 s_loss: 11.41 kl_loss: 0.32 
[42/50][300]
                  Loss_D: 0.74 Loss_G: 60.31 Time: 236.35s
errD0: 0.11 errD1: 0.09 errD2: 0.10 
g_loss0: 11.46 g_loss1: 15.51 g_loss2: 30.36 w_loss: 4.93 s_loss: 9.58 kl_loss: 0.22 
errD0: 0.32 errD1: 0.09 errD2: 0.11 
g_loss0: 4.33 g_loss1: 14.83 g_loss2: 12.86 w_loss: 4.45 s_loss: 9.64 kl_loss: 0.26 
errD0: 0.05 errD1: 0.02 errD2: 0.24 
g_loss0: 10.28 g_loss1: 12.56 g_loss2: 4.60 w_loss: 4.82 s_loss: 7.80 kl_loss: 0.26 
[43/50][300]
                  Loss_D: 0.31 Loss_G: 40.32 Time: 238.66s
errD0: 0.04 errD1: 0.09 errD2: 1.56 
g_loss0: 12.93 g_loss1: 6.56 g_loss2: 8.16 w_loss: 3.45 s_loss: 7.96 kl_loss: 0.31 
errD0: 0.06 errD1: 0.09 errD2: 0.38 
g_loss0: 18.47 g_loss1: 10.30 g_loss2: 22.18 w_loss: 5.14 s_loss: 7.47 kl_loss: 0.29 
errD0: 0.14 errD1: 0.06 errD2: 0.12 
g_loss0: 11.24 g_loss1: 10.28 g_loss2: 4.34 w_loss: 6.57 s_loss: 10.31 kl_loss: 0.30 
[44/50][300]
                  Loss_D: 0.32 Loss_G: 43.03 Time: 237.17s
errD0: 0.09 errD1: 0.14 errD2: 0.02 
g_loss0: 13.71 g_loss1: 12.37 g_loss2: 16.65 w_loss: 4.63 s_loss: 9.30 kl_loss: 0.31 
errD0: 0.19 errD1: 0.03 errD2: 0.37 
g_loss0: 12.42 g_loss1: 16.61 g_loss2: 18.58 w_loss: 7.08 s_loss: 8.88 kl_loss: 0.30 
errD0: 0.05 errD1: 0.02 errD2: 0.07 
g_loss0: 13.03 g_loss1: 17.83 g_loss2: 13.22 w_loss: 8.39 s_loss: 12.24 kl_loss: 0.32 
[45/50][300]
                  Loss_D: 0.14 Loss_G: 65.03 Time: 235.46s
errD0: 0.06 errD1: 0.05 errD2: 0.14 
g_loss0: 10.56 g_loss1: 14.64 g_loss2: 7.81 w_loss: 5.02 s_loss: 9.86 kl_loss: 0.31 
errD0: 0.88 errD1: 0.13 errD2: 0.01 
g_loss0: 10.50 g_loss1: 20.92 g_loss2: 11.73 w_loss: 3.50 s_loss: 8.15 kl_loss: 0.22 
errD0: 0.49 errD1: 0.27 errD2: 0.01 
g_loss0: 20.16 g_loss1: 8.92 g_loss2: 11.35 w_loss: 4.68 s_loss: 9.09 kl_loss: 0.29 
[46/50][300]
                  Loss_D: 0.77 Loss_G: 54.50 Time: 236.22s
errD0: 0.07 errD1: 0.06 errD2: 0.09 
g_loss0: 15.67 g_loss1: 9.35 g_loss2: 16.95 w_loss: 5.23 s_loss: 7.89 kl_loss: 0.35 
errD0: 0.13 errD1: 0.07 errD2: 0.39 
g_loss0: 10.13 g_loss1: 9.76 g_loss2: 3.19 w_loss: 4.17 s_loss: 8.98 kl_loss: 0.33 
errD0: 0.17 errD1: 0.05 errD2: 0.56 
g_loss0: 12.83 g_loss1: 11.81 g_loss2: 7.50 w_loss: 4.54 s_loss: 8.23 kl_loss: 0.28 
[47/50][300]
                  Loss_D: 0.78 Loss_G: 45.18 Time: 236.71s
errD0: 0.25 errD1: 0.85 errD2: 0.06 
g_loss0: 10.61 g_loss1: 2.38 g_loss2: 14.68 w_loss: 6.03 s_loss: 9.39 kl_loss: 0.29 
errD0: 5.68 errD1: 0.05 errD2: 0.00 
g_loss0: 16.24 g_loss1: 12.05 g_loss2: 21.23 w_loss: 3.67 s_loss: 7.88 kl_loss: 0.25 
errD0: 0.04 errD1: 0.03 errD2: 0.01 
g_loss0: 10.58 g_loss1: 13.21 g_loss2: 24.26 w_loss: 4.39 s_loss: 9.03 kl_loss: 0.28 
[48/50][300]
                  Loss_D: 0.08 Loss_G: 61.75 Time: 235.01s
errD0: 0.69 errD1: 0.01 errD2: 0.21 
g_loss0: 4.58 g_loss1: 20.52 g_loss2: 9.65 w_loss: 3.67 s_loss: 9.08 kl_loss: 0.32 
errD0: 0.18 errD1: 0.15 errD2: 4.51 
g_loss0: 15.18 g_loss1: 4.86 g_loss2: 23.62 w_loss: 4.72 s_loss: 7.02 kl_loss: 0.30 
errD0: 0.04 errD1: 0.05 errD2: 0.06 
g_loss0: 8.96 g_loss1: 23.25 g_loss2: 34.15 w_loss: 3.52 s_loss: 8.21 kl_loss: 0.28 
[49/50][300]
                  Loss_D: 0.15 Loss_G: 78.37 Time: 235.97s
Save G/Ds models.
Total time for training: 12207.244491577148
